#
# There is insufficient memory for the Java Runtime Environment to continue.
# Native memory allocation (mmap) failed to map 154140672 bytes for Failed to commit area from 0x0000000091300000 to 0x000000009a600000 of length 154140672.
# Possible reasons:
#   The system is out of physical RAM or swap space
#   The process is running with CompressedOops enabled, and the Java Heap may be blocking the growth of the native heap
# Possible solutions:
#   Reduce memory load on the system
#   Increase physical memory or swap space
#   Check if swap backing store is full
#   Decrease Java heap size (-Xmx/-Xms)
#   Decrease number of Java threads
#   Decrease Java thread stack sizes (-Xss)
#   Set larger code cache with -XX:ReservedCodeCacheSize=
#   JVM is running with Unscaled Compressed Oops mode in which the Java heap is
#     placed in the first 4GB address space. The Java Heap base address is the
#     maximum limit for the native heap growth. Please use -XX:HeapBaseMinAddress
#     to set the Java Heap base and to place the Java Heap above 4GB virtual address.
# This output file may be truncated or incomplete.
#
#  Out of Memory Error (./src/hotspot/os/windows/os_windows.cpp:3301), pid=22000, tid=5204
#
# JRE version: OpenJDK Runtime Environment (11.0.11+9) (build 11.0.11+9-b60-7590822)
# Java VM: OpenJDK 64-Bit Server VM (11.0.11+9-b60-7590822, mixed mode, tiered, compressed oops, g1 gc, windows-amd64)
# No core dump will be written. Minidumps are not enabled by default on client versions of Windows
#

---------------  S U M M A R Y ------------

Command Line: --add-opens=java.base/java.util=ALL-UNNAMED --add-opens=java.base/java.lang=ALL-UNNAMED --add-opens=java.base/java.lang.invoke=ALL-UNNAMED --add-opens=java.base/java.util=ALL-UNNAMED --add-opens=java.prefs/java.util.prefs=ALL-UNNAMED --add-opens=java.prefs/java.util.prefs=ALL-UNNAMED --add-opens=java.base/java.nio.charset=ALL-UNNAMED --add-opens=java.base/java.net=ALL-UNNAMED --add-opens=java.base/java.util.concurrent.atomic=ALL-UNNAMED -Xmx2048m -Dfile.encoding=UTF-8 -Duser.country=KR -Duser.language=ko -Duser.variant org.gradle.launcher.daemon.bootstrap.GradleDaemon 7.2

Host: Intel(R) Core(TM) i5-6500 CPU @ 3.20GHz, 4 cores, 15G,  Windows 10 , 64 bit Build 19041 (10.0.19041.1566)
Time: Sat Apr 23 19:34:03 2022 대한민국 표준시 elapsed time: 18.811506 seconds (0d 0h 0m 18s)

---------------  T H R E A D  ---------------

Current thread (0x0000023e7cda2800):  VMThread "VM Thread" [stack: 0x0000009fb3900000,0x0000009fb3a00000] [id=5204]

Stack: [0x0000009fb3900000,0x0000009fb3a00000]
[error occurred during error reporting (printing stack bounds), id 0xc0000005, EXCEPTION_ACCESS_VIOLATION (0xc0000005) at pc=0x0000023e00000f2d]

Native frames: (J=compiled Java code, j=interpreted, Vv=VM code, C=native code)
V  [jvm.dll+0x5f214a]
V  [jvm.dll+0x726fb5]
V  [jvm.dll+0x7285cd]
V  [jvm.dll+0x728be5]
V  [jvm.dll+0x728b9b]
V  [jvm.dll+0x5f14e8]
V  [jvm.dll+0x5f1c78]
C  [ntdll.dll+0xa20cf]
C  [ntdll.dll+0x51454]
C  [ntdll.dll+0xa0bfe]
C  0x0000023e00000f2d

VM_Operation (0x0000009fb4df4dc0): G1CollectForAllocation, mode: safepoint, requested by thread 0x0000023e7de38000


---------------  P R O C E S S  ---------------

Threads class SMR info:
_java_thread_list=0x0000023e173107d0, length=85, elements={
0x0000023e712bd800, 0x0000023e7cda5000, 0x0000023e7cdaf000, 0x0000023e7ce1b800,
0x0000023e7ce1c800, 0x0000023e7ce1e000, 0x0000023e7ce24800, 0x0000023e7ce27000,
0x0000023e7ce2d800, 0x0000023e7cf86000, 0x0000023e7ee5f800, 0x0000023e7d28e000,
0x0000023e7fb67000, 0x0000023e7e3fe800, 0x0000023e7e3ff800, 0x0000023e7f4bc800,
0x0000023e7de38000, 0x0000023e7de38800, 0x0000023e7e549800, 0x0000023e7fbcb000,
0x0000023e7fbcc000, 0x0000023e7fbd1000, 0x0000023e7fbd0000, 0x0000023e7fbd1800,
0x0000023e7fbce800, 0x0000023e7fbcf800, 0x0000023e7fbcd000, 0x0000023e7fbcd800,
0x0000023e0fdd7000, 0x0000023e0fddb000, 0x0000023e0fdd6800, 0x0000023e0fddc000,
0x0000023e0fdd9800, 0x0000023e0fdde800, 0x0000023e0fdd8800, 0x0000023e0fddf800,
0x0000023e0fde0000, 0x0000023e0fdda800, 0x0000023e0fde3800, 0x0000023e0fde4000,
0x0000023e0fde5000, 0x0000023e0fde1000, 0x0000023e0fde1800, 0x0000023e0fde2800,
0x0000023e0f15f000, 0x0000023e0f15d800, 0x0000023e0f15c000, 0x0000023e0f15e800,
0x0000023e0f15a800, 0x0000023e0f15c800, 0x0000023e0f160000, 0x0000023e0f161000,
0x0000023e0f15b000, 0x0000023e0f165800, 0x0000023e0f164000, 0x0000023e0f166800,
0x0000023e0f167800, 0x0000023e0f162800, 0x0000023e0f163000, 0x0000023e0f161800,
0x0000023e0f168000, 0x0000023e0f169000, 0x0000023e0f165000, 0x0000023e0f62a800,
0x0000023e0f62d000, 0x0000023e0f62f800, 0x0000023e0f62e800, 0x0000023e0f62b800,
0x0000023e0f629800, 0x0000023e0f62c000, 0x0000023e0f630000, 0x0000023e0f633800,
0x0000023e0f62d800, 0x0000023e0f635000, 0x0000023e0f634800, 0x0000023e0f636000,
0x0000023e0f636800, 0x0000023e0f631000, 0x0000023e0f632800, 0x0000023e0f637800,
0x0000023e0f638800, 0x0000023e13229800, 0x0000023e13228000, 0x0000023e11b8b800,
0x0000023e13227000
}

Java Threads: ( => current thread )
  0x0000023e712bd800 JavaThread "main" [_thread_blocked, id=940, stack(0x0000009fb3300000,0x0000009fb3400000)]
  0x0000023e7cda5000 JavaThread "Reference Handler" daemon [_thread_blocked, id=24928, stack(0x0000009fb3a00000,0x0000009fb3b00000)]
  0x0000023e7cdaf000 JavaThread "Finalizer" daemon [_thread_blocked, id=29588, stack(0x0000009fb3b00000,0x0000009fb3c00000)]
  0x0000023e7ce1b800 JavaThread "Signal Dispatcher" daemon [_thread_blocked, id=19924, stack(0x0000009fb3c00000,0x0000009fb3d00000)]
  0x0000023e7ce1c800 JavaThread "Attach Listener" daemon [_thread_blocked, id=32360, stack(0x0000009fb3d00000,0x0000009fb3e00000)]
  0x0000023e7ce1e000 JavaThread "Service Thread" daemon [_thread_blocked, id=35396, stack(0x0000009fb3e00000,0x0000009fb3f00000)]
  0x0000023e7ce24800 JavaThread "C2 CompilerThread0" daemon [_thread_blocked, id=16368, stack(0x0000009fb3f00000,0x0000009fb4000000)]
  0x0000023e7ce27000 JavaThread "C1 CompilerThread0" daemon [_thread_blocked, id=26828, stack(0x0000009fb4000000,0x0000009fb4100000)]
  0x0000023e7ce2d800 JavaThread "Sweeper thread" daemon [_thread_blocked, id=11188, stack(0x0000009fb4100000,0x0000009fb4200000)]
  0x0000023e7cf86000 JavaThread "Common-Cleaner" daemon [_thread_blocked, id=10740, stack(0x0000009fb4200000,0x0000009fb4300000)]
  0x0000023e7ee5f800 JavaThread "Daemon health stats" [_thread_blocked, id=10140, stack(0x0000009fb4800000,0x0000009fb4900000)]
  0x0000023e7d28e000 JavaThread "Incoming local TCP Connector on port 50139" [_thread_in_native, id=16372, stack(0x0000009fb4400000,0x0000009fb4500000)]
  0x0000023e7fb67000 JavaThread "Daemon periodic checks" [_thread_blocked, id=32632, stack(0x0000009fb4900000,0x0000009fb4a00000)]
  0x0000023e7e3fe800 JavaThread "Daemon" [_thread_blocked, id=14456, stack(0x0000009fb4a00000,0x0000009fb4b00000)]
  0x0000023e7e3ff800 JavaThread "Handler for socket connection from /127.0.0.1:50139 to /127.0.0.1:50140" [_thread_in_native, id=19772, stack(0x0000009fb4b00000,0x0000009fb4c00000)]
  0x0000023e7f4bc800 JavaThread "Cancel handler" [_thread_blocked, id=25544, stack(0x0000009fb4c00000,0x0000009fb4d00000)]
  0x0000023e7de38000 JavaThread "Daemon worker" [_thread_blocked, id=36952, stack(0x0000009fb4d00000,0x0000009fb4e00000)]
  0x0000023e7de38800 JavaThread "Asynchronous log dispatcher for DefaultDaemonConnection: socket connection from /127.0.0.1:50139 to /127.0.0.1:50140" [_thread_blocked, id=39880, stack(0x0000009fb4e00000,0x0000009fb4f00000)]
  0x0000023e7e549800 JavaThread "Stdin handler" [_thread_blocked, id=42256, stack(0x0000009fb4f00000,0x0000009fb5000000)]
  0x0000023e7fbcb000 JavaThread "Daemon client event forwarder" [_thread_blocked, id=44300, stack(0x0000009fb5000000,0x0000009fb5100000)]
  0x0000023e7fbcc000 JavaThread "Cache worker for journal cache (C:\Users\BIT\.gradle\caches\journal-1)" [_thread_blocked, id=25872, stack(0x0000009fb5100000,0x0000009fb5200000)]
  0x0000023e7fbd1000 JavaThread "File lock request listener" [_thread_in_native, id=25416, stack(0x0000009fb5200000,0x0000009fb5300000)]
  0x0000023e7fbd0000 JavaThread "Cache worker for file hash cache (C:\Users\BIT\.gradle\caches\7.2\fileHashes)" [_thread_blocked, id=42488, stack(0x0000009fb5300000,0x0000009fb5400000)]
  0x0000023e7fbd1800 JavaThread "Cache worker for file hash cache (C:\Users\BIT\AndroidStudioProjects\MesSystem\.gradle\7.2\fileHashes)" [_thread_blocked, id=18804, stack(0x0000009fb5500000,0x0000009fb5600000)]
  0x0000023e7fbce800 JavaThread "File watcher server" daemon [_thread_blocked, id=26320, stack(0x0000009fb5600000,0x0000009fb5700000)]
  0x0000023e7fbcf800 JavaThread "File watcher consumer" daemon [_thread_blocked, id=40608, stack(0x0000009fb5700000,0x0000009fb5800000)]
  0x0000023e7fbcd000 JavaThread "Cache worker for checksums cache (C:\Users\BIT\AndroidStudioProjects\MesSystem\.gradle\checksums)" [_thread_blocked, id=12836, stack(0x0000009fb5800000,0x0000009fb5900000)]
  0x0000023e7fbcd800 JavaThread "Cache worker for cache directory md-supplier (C:\Users\BIT\.gradle\caches\7.2\md-supplier)" [_thread_blocked, id=28684, stack(0x0000009fb5900000,0x0000009fb5a00000)]
  0x0000023e0fdd7000 JavaThread "Cache worker for cache directory md-rule (C:\Users\BIT\.gradle\caches\7.2\md-rule)" [_thread_blocked, id=3760, stack(0x0000009fb5a00000,0x0000009fb5b00000)]
  0x0000023e0fddb000 JavaThread "Cache worker for execution history cache (C:\Users\BIT\.gradle\caches\7.2\executionHistory)" [_thread_blocked, id=43256, stack(0x0000009fb5b00000,0x0000009fb5c00000)]
  0x0000023e0fdd6800 JavaThread "jar transforms" [_thread_blocked, id=13956, stack(0x0000009fb5c00000,0x0000009fb5d00000)]
  0x0000023e0fddc000 JavaThread "Cache worker for file content cache (C:\Users\BIT\.gradle\caches\7.2\fileContent)" [_thread_blocked, id=708, stack(0x0000009fb5d00000,0x0000009fb5e00000)]
  0x0000023e0fdd9800 JavaThread "jar transforms Thread 2" [_thread_blocked, id=31876, stack(0x0000009fb5e00000,0x0000009fb5f00000)]
  0x0000023e0fdde800 JavaThread "Cache worker for dependencies-accessors (C:\Users\BIT\AndroidStudioProjects\MesSystem\.gradle\7.2\dependencies-accessors)" [_thread_blocked, id=5392, stack(0x0000009fb5f00000,0x0000009fb6000000)]
  0x0000023e0fdd8800 JavaThread "jar transforms Thread 3" [_thread_blocked, id=20416, stack(0x0000009fb6000000,0x0000009fb6100000)]
  0x0000023e0fddf800 JavaThread "Cache worker for Build Output Cleanup Cache (C:\Users\BIT\AndroidStudioProjects\MesSystem\.gradle\buildOutputCleanup)" [_thread_blocked, id=36244, stack(0x0000009fb6100000,0x0000009fb6200000)]
  0x0000023e0fde0000 JavaThread "Unconstrained build operations" [_thread_blocked, id=22136, stack(0x0000009fb6200000,0x0000009fb6300000)]
  0x0000023e0fdda800 JavaThread "Unconstrained build operations Thread 2" [_thread_blocked, id=23512, stack(0x0000009fb6300000,0x0000009fb6400000)]
  0x0000023e0fde3800 JavaThread "Unconstrained build operations Thread 3" [_thread_blocked, id=31128, stack(0x0000009fb6400000,0x0000009fb6500000)]
  0x0000023e0fde4000 JavaThread "Unconstrained build operations Thread 4" [_thread_blocked, id=39404, stack(0x0000009fb6500000,0x0000009fb6600000)]
  0x0000023e0fde5000 JavaThread "Unconstrained build operations Thread 5" [_thread_blocked, id=34028, stack(0x0000009fb6600000,0x0000009fb6700000)]
  0x0000023e0fde1000 JavaThread "Unconstrained build operations Thread 6" [_thread_blocked, id=40400, stack(0x0000009fb6700000,0x0000009fb6800000)]
  0x0000023e0fde1800 JavaThread "Unconstrained build operations Thread 7" [_thread_blocked, id=41092, stack(0x0000009fb6800000,0x0000009fb6900000)]
  0x0000023e0fde2800 JavaThread "Unconstrained build operations Thread 8" [_thread_blocked, id=7620, stack(0x0000009fb6900000,0x0000009fb6a00000)]
  0x0000023e0f15f000 JavaThread "Unconstrained build operations Thread 9" [_thread_blocked, id=5436, stack(0x0000009fb6a00000,0x0000009fb6b00000)]
  0x0000023e0f15d800 JavaThread "Unconstrained build operations Thread 10" [_thread_blocked, id=15780, stack(0x0000009fb6b00000,0x0000009fb6c00000)]
  0x0000023e0f15c000 JavaThread "Unconstrained build operations Thread 11" [_thread_blocked, id=34528, stack(0x0000009fb6c00000,0x0000009fb6d00000)]
  0x0000023e0f15e800 JavaThread "Unconstrained build operations Thread 12" [_thread_blocked, id=428, stack(0x0000009fb6d00000,0x0000009fb6e00000)]
  0x0000023e0f15a800 JavaThread "Unconstrained build operations Thread 13" [_thread_blocked, id=21448, stack(0x0000009fb6e00000,0x0000009fb6f00000)]
  0x0000023e0f15c800 JavaThread "Unconstrained build operations Thread 14" [_thread_blocked, id=42968, stack(0x0000009fb6f00000,0x0000009fb7000000)]
  0x0000023e0f160000 JavaThread "Unconstrained build operations Thread 15" [_thread_blocked, id=12852, stack(0x0000009fb7000000,0x0000009fb7100000)]
  0x0000023e0f161000 JavaThread "Unconstrained build operations Thread 16" [_thread_blocked, id=10328, stack(0x0000009fb7100000,0x0000009fb7200000)]
  0x0000023e0f15b000 JavaThread "Unconstrained build operations Thread 17" [_thread_blocked, id=22324, stack(0x0000009fb7200000,0x0000009fb7300000)]
  0x0000023e0f165800 JavaThread "Unconstrained build operations Thread 18" [_thread_blocked, id=43128, stack(0x0000009fb7300000,0x0000009fb7400000)]
  0x0000023e0f164000 JavaThread "Unconstrained build operations Thread 19" [_thread_blocked, id=17808, stack(0x0000009fb7400000,0x0000009fb7500000)]
  0x0000023e0f166800 JavaThread "Unconstrained build operations Thread 20" [_thread_blocked, id=36156, stack(0x0000009fb7500000,0x0000009fb7600000)]
  0x0000023e0f167800 JavaThread "Unconstrained build operations Thread 21" [_thread_blocked, id=2732, stack(0x0000009fb7600000,0x0000009fb7700000)]
  0x0000023e0f162800 JavaThread "Unconstrained build operations Thread 22" [_thread_blocked, id=8688, stack(0x0000009fb7700000,0x0000009fb7800000)]
  0x0000023e0f163000 JavaThread "Unconstrained build operations Thread 23" [_thread_blocked, id=44648, stack(0x0000009fb7800000,0x0000009fb7900000)]
  0x0000023e0f161800 JavaThread "Unconstrained build operations Thread 24" [_thread_blocked, id=25716, stack(0x0000009fb7900000,0x0000009fb7a00000)]
  0x0000023e0f168000 JavaThread "Unconstrained build operations Thread 25" [_thread_blocked, id=28204, stack(0x0000009fb7a00000,0x0000009fb7b00000)]
  0x0000023e0f169000 JavaThread "Unconstrained build operations Thread 26" [_thread_blocked, id=43576, stack(0x0000009fb7b00000,0x0000009fb7c00000)]
  0x0000023e0f165000 JavaThread "Unconstrained build operations Thread 27" [_thread_blocked, id=11380, stack(0x0000009fb7c00000,0x0000009fb7d00000)]
  0x0000023e0f62a800 JavaThread "Unconstrained build operations Thread 28" [_thread_blocked, id=41744, stack(0x0000009fb7d00000,0x0000009fb7e00000)]
  0x0000023e0f62d000 JavaThread "Unconstrained build operations Thread 29" [_thread_blocked, id=15392, stack(0x0000009fb7e00000,0x0000009fb7f00000)]
  0x0000023e0f62f800 JavaThread "Unconstrained build operations Thread 30" [_thread_blocked, id=29160, stack(0x0000009fb7f00000,0x0000009fb8000000)]
  0x0000023e0f62e800 JavaThread "Unconstrained build operations Thread 31" [_thread_blocked, id=25764, stack(0x0000009fb8000000,0x0000009fb8100000)]
  0x0000023e0f62b800 JavaThread "Unconstrained build operations Thread 32" [_thread_blocked, id=37936, stack(0x0000009fb8100000,0x0000009fb8200000)]
  0x0000023e0f629800 JavaThread "Unconstrained build operations Thread 33" [_thread_blocked, id=35888, stack(0x0000009fb8200000,0x0000009fb8300000)]
  0x0000023e0f62c000 JavaThread "Unconstrained build operations Thread 34" [_thread_blocked, id=5384, stack(0x0000009fb8300000,0x0000009fb8400000)]
  0x0000023e0f630000 JavaThread "Unconstrained build operations Thread 35" [_thread_blocked, id=43320, stack(0x0000009fb8400000,0x0000009fb8500000)]
  0x0000023e0f633800 JavaThread "Unconstrained build operations Thread 36" [_thread_blocked, id=10564, stack(0x0000009fb8500000,0x0000009fb8600000)]
  0x0000023e0f62d800 JavaThread "Unconstrained build operations Thread 37" [_thread_blocked, id=38076, stack(0x0000009fb8600000,0x0000009fb8700000)]
  0x0000023e0f635000 JavaThread "Unconstrained build operations Thread 38" [_thread_blocked, id=39236, stack(0x0000009fb8700000,0x0000009fb8800000)]
  0x0000023e0f634800 JavaThread "Unconstrained build operations Thread 39" [_thread_blocked, id=44368, stack(0x0000009fb8800000,0x0000009fb8900000)]
  0x0000023e0f636000 JavaThread "Unconstrained build operations Thread 40" [_thread_blocked, id=33352, stack(0x0000009fb8900000,0x0000009fb8a00000)]
  0x0000023e0f636800 JavaThread "jar transforms Thread 4" [_thread_blocked, id=22656, stack(0x0000009fb8a00000,0x0000009fb8b00000)]
  0x0000023e0f631000 JavaThread "Memory manager" [_thread_blocked, id=17532, stack(0x0000009fb8c00000,0x0000009fb8d00000)]
  0x0000023e0f632800 JavaThread "build event listener" [_thread_blocked, id=37284, stack(0x0000009fb8d00000,0x0000009fb8e00000)]
  0x0000023e0f637800 JavaThread "Execution worker for ':'" [_thread_blocked, id=41756, stack(0x0000009fb8e00000,0x0000009fb8f00000)]
  0x0000023e0f638800 JavaThread "Execution worker for ':' Thread 2" [_thread_blocked, id=23884, stack(0x0000009fb8f00000,0x0000009fb9000000)]
  0x0000023e13229800 JavaThread "Execution worker for ':' Thread 3" [_thread_blocked, id=17392, stack(0x0000009fb9000000,0x0000009fb9100000)]
  0x0000023e13228000 JavaThread "Cache worker for execution history cache (C:\Users\BIT\AndroidStudioProjects\MesSystem\.gradle\7.2\executionHistory)" [_thread_blocked, id=37400, stack(0x0000009fb9100000,0x0000009fb9200000)]
  0x0000023e11b8b800 JavaThread "C2 CompilerThread1" daemon [_thread_blocked, id=31484, stack(0x0000009fb5400000,0x0000009fb5500000)]
  0x0000023e13227000 JavaThread "Cache worker for Java compile cache (C:\Users\BIT\.gradle\caches\7.2\javaCompile)" [_thread_blocked, id=44760, stack(0x0000009fb9200000,0x0000009fb9300000)]

Other Threads:
=>0x0000023e7cda2800 VMThread "VM Thread" [stack: 0x0000009fb3900000,0x0000009fb3a00000] [id=5204]
  0x0000023e7cfa1000 WatcherThread [stack: 0x0000009fb4300000,0x0000009fb4400000] [id=21236]
  0x0000023e712d7000 GCTaskThread "GC Thread#0" [stack: 0x0000009fb3400000,0x0000009fb3500000] [id=42272]
  0x0000023e7d307000 GCTaskThread "GC Thread#1" [stack: 0x0000009fb4500000,0x0000009fb4600000] [id=36680]
  0x0000023e7dbaf000 GCTaskThread "GC Thread#2" [stack: 0x0000009fb4600000,0x0000009fb4700000] [id=24908]
  0x0000023e7d81f800 GCTaskThread "GC Thread#3" [stack: 0x0000009fb4700000,0x0000009fb4800000] [id=14904]
  0x0000023e71307800 ConcurrentGCThread "G1 Main Marker" [stack: 0x0000009fb3500000,0x0000009fb3600000] [id=18968]
  0x0000023e71309800 ConcurrentGCThread "G1 Conc#0" [stack: 0x0000009fb3600000,0x0000009fb3700000] [id=21788]
  0x0000023e7c3e4800 ConcurrentGCThread "G1 Refine#0" [stack: 0x0000009fb3700000,0x0000009fb3800000] [id=5236]
  0x0000023e0fa7d000 ConcurrentGCThread "G1 Refine#1" [stack: 0x0000009fb8b00000,0x0000009fb8c00000] [id=8608]
  0x0000023e7c3e5000 ConcurrentGCThread "G1 Young RemSet Sampling" [stack: 0x0000009fb3800000,0x0000009fb3900000] [id=11656]

Threads with active compile tasks:
C2 CompilerThread0  18833 13849       4       java.util.EnumSet::noneOf (63 bytes)
C2 CompilerThread1  18833 13850       4       com.sun.tools.javac.comp.Check::checkType (168 bytes)

VM state:at safepoint (normal execution)

VM Mutex/Monitor currently owned by a thread:  ([mutex/lock_event])
[0x0000023e712b8f80] Threads_lock - owner thread: 0x0000023e7cda2800
[0x0000023e712b8050] Heap_lock - owner thread: 0x0000023e7de38000

Heap address: 0x0000000080000000, size: 2048 MB, Compressed Oops mode: 32-bit
Narrow klass base: 0x0000000000000000, Narrow klass shift: 3
Compressed class space size: 1073741824 Address: 0x0000000100000000

Heap:
 garbage-first heap   total 432128K, used 239202K [0x0000000080000000, 0x0000000100000000)
  region size 1024K, 2 young (2048K), 2 survivors (2048K)
 Metaspace       used 112126K, capacity 114768K, committed 114984K, reserved 1148928K
  class space    used 14173K, capacity 15153K, committed 15308K, reserved 1048576K
Heap Regions: E=young(eden), S=young(survivor), O=old, HS=humongous(starts), HC=humongous(continues), CS=collection set, F=free, A=archive, TAMS=top-at-mark-start (previous, next)
|   0|0x0000000080000000, 0x0000000080100000, 0x0000000080100000|100%| O|  |TAMS 0x0000000080100000, 0x0000000080000000| Updating 
|   1|0x0000000080100000, 0x0000000080200000, 0x0000000080200000|100%| O|  |TAMS 0x0000000080200000, 0x0000000080100000| Updating 
|   2|0x0000000080200000, 0x0000000080300000, 0x0000000080300000|100%| O|  |TAMS 0x0000000080300000, 0x0000000080200000| Updating 
|   3|0x0000000080300000, 0x0000000080400000, 0x0000000080400000|100%|HS|  |TAMS 0x0000000080400000, 0x0000000080300000| Complete 
|   4|0x0000000080400000, 0x0000000080500000, 0x0000000080500000|100%|HC|  |TAMS 0x0000000080500000, 0x0000000080400000| Complete 
|   5|0x0000000080500000, 0x0000000080600000, 0x0000000080600000|100%|HC|  |TAMS 0x0000000080600000, 0x0000000080500000| Complete 
|   6|0x0000000080600000, 0x0000000080700000, 0x0000000080700000|100%| O|  |TAMS 0x0000000080700000, 0x0000000080600000| Updating 
|   7|0x0000000080700000, 0x0000000080800000, 0x0000000080800000|100%| O|  |TAMS 0x0000000080800000, 0x0000000080700000| Updating 
|   8|0x0000000080800000, 0x0000000080900000, 0x0000000080900000|100%| O|  |TAMS 0x0000000080900000, 0x0000000080800000| Updating 
|   9|0x0000000080900000, 0x0000000080a00000, 0x0000000080a00000|100%| O|  |TAMS 0x0000000080a00000, 0x0000000080900000| Updating 
|  10|0x0000000080a00000, 0x0000000080b00000, 0x0000000080b00000|100%| O|  |TAMS 0x0000000080b00000, 0x0000000080a00000| Updating 
|  11|0x0000000080b00000, 0x0000000080c00000, 0x0000000080c00000|100%| O|  |TAMS 0x0000000080c00000, 0x0000000080b00000| Updating 
|  12|0x0000000080c00000, 0x0000000080d00000, 0x0000000080d00000|100%| O|  |TAMS 0x0000000080d00000, 0x0000000080c00000| Updating 
|  13|0x0000000080d00000, 0x0000000080e00000, 0x0000000080e00000|100%| O|  |TAMS 0x0000000080e00000, 0x0000000080d00000| Updating 
|  14|0x0000000080e00000, 0x0000000080f00000, 0x0000000080f00000|100%| O|  |TAMS 0x0000000080f00000, 0x0000000080e00000| Updating 
|  15|0x0000000080f00000, 0x0000000081000000, 0x0000000081000000|100%| O|  |TAMS 0x0000000081000000, 0x0000000080f00000| Updating 
|  16|0x0000000081000000, 0x0000000081100000, 0x0000000081100000|100%| O|  |TAMS 0x0000000081100000, 0x0000000081000000| Updating 
|  17|0x0000000081100000, 0x0000000081200000, 0x0000000081200000|100%|HS|  |TAMS 0x0000000081200000, 0x0000000081100000| Complete 
|  18|0x0000000081200000, 0x0000000081300000, 0x0000000081300000|100%|HS|  |TAMS 0x0000000081300000, 0x0000000081200000| Complete 
|  19|0x0000000081300000, 0x0000000081400000, 0x0000000081400000|100%|HS|  |TAMS 0x0000000081400000, 0x0000000081300000| Complete 
|  20|0x0000000081400000, 0x0000000081500000, 0x0000000081500000|100%|HS|  |TAMS 0x0000000081500000, 0x0000000081400000| Complete 
|  21|0x0000000081500000, 0x0000000081600000, 0x0000000081600000|100%|HS|  |TAMS 0x0000000081600000, 0x0000000081500000| Complete 
|  22|0x0000000081600000, 0x0000000081700000, 0x0000000081700000|100%|HC|  |TAMS 0x0000000081700000, 0x0000000081600000| Complete 
|  23|0x0000000081700000, 0x0000000081800000, 0x0000000081800000|100%|HC|  |TAMS 0x0000000081800000, 0x0000000081700000| Complete 
|  24|0x0000000081800000, 0x0000000081900000, 0x0000000081900000|100%|HS|  |TAMS 0x0000000081900000, 0x0000000081800000| Complete 
|  25|0x0000000081900000, 0x0000000081a00000, 0x0000000081a00000|100%|HC|  |TAMS 0x0000000081a00000, 0x0000000081900000| Complete 
|  26|0x0000000081a00000, 0x0000000081b00000, 0x0000000081b00000|100%| O|  |TAMS 0x0000000081b00000, 0x0000000081a00000| Updating 
|  27|0x0000000081b00000, 0x0000000081c00000, 0x0000000081c00000|100%| O|  |TAMS 0x0000000081c00000, 0x0000000081b00000| Updating 
|  28|0x0000000081c00000, 0x0000000081d00000, 0x0000000081d00000|100%| O|  |TAMS 0x0000000081d00000, 0x0000000081c00000| Updating 
|  29|0x0000000081d00000, 0x0000000081e00000, 0x0000000081e00000|100%| O|  |TAMS 0x0000000081e00000, 0x0000000081d00000| Updating 
|  30|0x0000000081e00000, 0x0000000081f00000, 0x0000000081f00000|100%| O|  |TAMS 0x0000000081f00000, 0x0000000081e00000| Updating 
|  31|0x0000000081f00000, 0x0000000082000000, 0x0000000082000000|100%| O|  |TAMS 0x0000000082000000, 0x0000000081f00000| Updating 
|  32|0x0000000082000000, 0x0000000082100000, 0x0000000082100000|100%| O|  |TAMS 0x0000000082100000, 0x0000000082000000| Updating 
|  33|0x0000000082100000, 0x0000000082200000, 0x0000000082200000|100%| O|  |TAMS 0x0000000082200000, 0x0000000082100000| Updating 
|  34|0x0000000082200000, 0x0000000082300000, 0x0000000082300000|100%| O|  |TAMS 0x0000000082300000, 0x0000000082200000| Updating 
|  35|0x0000000082300000, 0x0000000082400000, 0x0000000082400000|100%| O|  |TAMS 0x0000000082400000, 0x0000000082300000| Updating 
|  36|0x0000000082400000, 0x0000000082500000, 0x0000000082500000|100%| O|  |TAMS 0x0000000082500000, 0x0000000082400000| Updating 
|  37|0x0000000082500000, 0x0000000082600000, 0x0000000082600000|100%| O|  |TAMS 0x0000000082600000, 0x0000000082500000| Updating 
|  38|0x0000000082600000, 0x0000000082700000, 0x0000000082700000|100%| O|  |TAMS 0x0000000082700000, 0x0000000082600000| Updating 
|  39|0x0000000082700000, 0x0000000082800000, 0x0000000082800000|100%| O|  |TAMS 0x0000000082800000, 0x0000000082700000| Updating 
|  40|0x0000000082800000, 0x0000000082900000, 0x0000000082900000|100%| O|  |TAMS 0x0000000082900000, 0x0000000082800000| Updating 
|  41|0x0000000082900000, 0x0000000082a00000, 0x0000000082a00000|100%| O|  |TAMS 0x0000000082a00000, 0x0000000082900000| Updating 
|  42|0x0000000082a00000, 0x0000000082b00000, 0x0000000082b00000|100%| O|  |TAMS 0x0000000082b00000, 0x0000000082a00000| Updating 
|  43|0x0000000082b00000, 0x0000000082c00000, 0x0000000082c00000|100%| O|  |TAMS 0x0000000082c00000, 0x0000000082b00000| Updating 
|  44|0x0000000082c00000, 0x0000000082d00000, 0x0000000082d00000|100%| O|  |TAMS 0x0000000082d00000, 0x0000000082c00000| Updating 
|  45|0x0000000082d00000, 0x0000000082e00000, 0x0000000082e00000|100%| O|  |TAMS 0x0000000082e00000, 0x0000000082d00000| Updating 
|  46|0x0000000082e00000, 0x0000000082f00000, 0x0000000082f00000|100%| O|  |TAMS 0x0000000082f00000, 0x0000000082e00000| Updating 
|  47|0x0000000082f00000, 0x0000000083000000, 0x0000000083000000|100%| O|  |TAMS 0x0000000083000000, 0x0000000082f00000| Updating 
|  48|0x0000000083000000, 0x0000000083100000, 0x0000000083100000|100%| O|  |TAMS 0x0000000083100000, 0x0000000083000000| Updating 
|  49|0x0000000083100000, 0x0000000083200000, 0x0000000083200000|100%| O|  |TAMS 0x0000000083200000, 0x0000000083100000| Updating 
|  50|0x0000000083200000, 0x0000000083300000, 0x0000000083300000|100%| O|  |TAMS 0x0000000083300000, 0x0000000083200000| Updating 
|  51|0x0000000083300000, 0x0000000083400000, 0x0000000083400000|100%| O|  |TAMS 0x0000000083400000, 0x0000000083300000| Updating 
|  52|0x0000000083400000, 0x0000000083500000, 0x0000000083500000|100%| O|  |TAMS 0x0000000083500000, 0x0000000083400000| Updating 
|  53|0x0000000083500000, 0x0000000083600000, 0x0000000083600000|100%| O|  |TAMS 0x0000000083600000, 0x0000000083500000| Updating 
|  54|0x0000000083600000, 0x0000000083700000, 0x0000000083700000|100%| O|  |TAMS 0x0000000083700000, 0x0000000083600000| Updating 
|  55|0x0000000083700000, 0x0000000083800000, 0x0000000083800000|100%| O|  |TAMS 0x0000000083800000, 0x0000000083700000| Updating 
|  56|0x0000000083800000, 0x0000000083900000, 0x0000000083900000|100%| O|  |TAMS 0x0000000083900000, 0x0000000083800000| Updating 
|  57|0x0000000083900000, 0x0000000083a00000, 0x0000000083a00000|100%| O|  |TAMS 0x0000000083a00000, 0x0000000083900000| Updating 
|  58|0x0000000083a00000, 0x0000000083b00000, 0x0000000083b00000|100%| O|  |TAMS 0x0000000083b00000, 0x0000000083a00000| Updating 
|  59|0x0000000083b00000, 0x0000000083c00000, 0x0000000083c00000|100%| O|  |TAMS 0x0000000083c00000, 0x0000000083b00000| Updating 
|  60|0x0000000083c00000, 0x0000000083d00000, 0x0000000083d00000|100%| O|  |TAMS 0x0000000083d00000, 0x0000000083c00000| Updating 
|  61|0x0000000083d00000, 0x0000000083e00000, 0x0000000083e00000|100%| O|  |TAMS 0x0000000083e00000, 0x0000000083d00000| Updating 
|  62|0x0000000083e00000, 0x0000000083f00000, 0x0000000083f00000|100%| O|  |TAMS 0x0000000083f00000, 0x0000000083e00000| Updating 
|  63|0x0000000083f00000, 0x0000000084000000, 0x0000000084000000|100%| O|  |TAMS 0x0000000084000000, 0x0000000083f00000| Updating 
|  64|0x0000000084000000, 0x0000000084100000, 0x0000000084100000|100%| O|  |TAMS 0x0000000084100000, 0x0000000084000000| Updating 
|  65|0x0000000084100000, 0x0000000084200000, 0x0000000084200000|100%| O|  |TAMS 0x0000000084200000, 0x0000000084100000| Updating 
|  66|0x0000000084200000, 0x0000000084300000, 0x0000000084300000|100%| O|  |TAMS 0x0000000084300000, 0x0000000084200000| Updating 
|  67|0x0000000084300000, 0x0000000084400000, 0x0000000084400000|100%| O|  |TAMS 0x0000000084400000, 0x0000000084300000| Updating 
|  68|0x0000000084400000, 0x0000000084500000, 0x0000000084500000|100%| O|  |TAMS 0x0000000084500000, 0x0000000084400000| Updating 
|  69|0x0000000084500000, 0x0000000084600000, 0x0000000084600000|100%| O|  |TAMS 0x0000000084600000, 0x0000000084500000| Updating 
|  70|0x0000000084600000, 0x0000000084700000, 0x0000000084700000|100%| O|  |TAMS 0x0000000084700000, 0x0000000084600000| Updating 
|  71|0x0000000084700000, 0x0000000084800000, 0x0000000084800000|100%| O|  |TAMS 0x0000000084800000, 0x0000000084700000| Updating 
|  72|0x0000000084800000, 0x0000000084900000, 0x0000000084900000|100%| O|  |TAMS 0x0000000084900000, 0x0000000084800000| Updating 
|  73|0x0000000084900000, 0x0000000084a00000, 0x0000000084a00000|100%| O|  |TAMS 0x0000000084a00000, 0x0000000084900000| Updating 
|  74|0x0000000084a00000, 0x0000000084b00000, 0x0000000084b00000|100%| O|  |TAMS 0x0000000084b00000, 0x0000000084a00000| Updating 
|  75|0x0000000084b00000, 0x0000000084c00000, 0x0000000084c00000|100%| O|  |TAMS 0x0000000084c00000, 0x0000000084b00000| Updating 
|  76|0x0000000084c00000, 0x0000000084d00000, 0x0000000084d00000|100%|HS|  |TAMS 0x0000000084d00000, 0x0000000084c00000| Complete 
|  77|0x0000000084d00000, 0x0000000084e00000, 0x0000000084e00000|100%|HC|  |TAMS 0x0000000084e00000, 0x0000000084d00000| Complete 
|  78|0x0000000084e00000, 0x0000000084f00000, 0x0000000084f00000|100%| O|  |TAMS 0x0000000084f00000, 0x0000000084e00000| Updating 
|  79|0x0000000084f00000, 0x0000000085000000, 0x0000000085000000|100%| O|  |TAMS 0x0000000085000000, 0x0000000084f00000| Updating 
|  80|0x0000000085000000, 0x0000000085100000, 0x0000000085100000|100%| O|  |TAMS 0x0000000085100000, 0x0000000085000000| Updating 
|  81|0x0000000085100000, 0x0000000085200000, 0x0000000085200000|100%| O|  |TAMS 0x0000000085200000, 0x0000000085100000| Updating 
|  82|0x0000000085200000, 0x0000000085300000, 0x0000000085300000|100%| O|  |TAMS 0x0000000085300000, 0x0000000085200000| Updating 
|  83|0x0000000085300000, 0x0000000085400000, 0x0000000085400000|100%| O|  |TAMS 0x0000000085400000, 0x0000000085300000| Updating 
|  84|0x0000000085400000, 0x0000000085500000, 0x0000000085500000|100%| O|  |TAMS 0x0000000085500000, 0x0000000085400000| Updating 
|  85|0x0000000085500000, 0x0000000085600000, 0x0000000085600000|100%| O|  |TAMS 0x0000000085600000, 0x0000000085500000| Updating 
|  86|0x0000000085600000, 0x0000000085700000, 0x0000000085700000|100%| O|  |TAMS 0x0000000085700000, 0x0000000085600000| Updating 
|  87|0x0000000085700000, 0x0000000085800000, 0x0000000085800000|100%| O|  |TAMS 0x0000000085800000, 0x0000000085700000| Updating 
|  88|0x0000000085800000, 0x0000000085900000, 0x0000000085900000|100%| O|  |TAMS 0x0000000085900000, 0x0000000085800000| Updating 
|  89|0x0000000085900000, 0x0000000085a00000, 0x0000000085a00000|100%| O|  |TAMS 0x0000000085a00000, 0x0000000085900000| Updating 
|  90|0x0000000085a00000, 0x0000000085b00000, 0x0000000085b00000|100%| O|  |TAMS 0x0000000085b00000, 0x0000000085a00000| Updating 
|  91|0x0000000085b00000, 0x0000000085c00000, 0x0000000085c00000|100%| O|  |TAMS 0x0000000085c00000, 0x0000000085b00000| Updating 
|  92|0x0000000085c00000, 0x0000000085d00000, 0x0000000085d00000|100%| O|  |TAMS 0x0000000085d00000, 0x0000000085c00000| Updating 
|  93|0x0000000085d00000, 0x0000000085e00000, 0x0000000085e00000|100%| O|  |TAMS 0x0000000085e00000, 0x0000000085d00000| Updating 
|  94|0x0000000085e00000, 0x0000000085f00000, 0x0000000085f00000|100%| O|  |TAMS 0x0000000085f00000, 0x0000000085e00000| Updating 
|  95|0x0000000085f00000, 0x0000000086000000, 0x0000000086000000|100%| O|  |TAMS 0x0000000086000000, 0x0000000085f00000| Updating 
|  96|0x0000000086000000, 0x0000000086100000, 0x0000000086100000|100%| O|  |TAMS 0x0000000086100000, 0x0000000086000000| Updating 
|  97|0x0000000086100000, 0x0000000086200000, 0x0000000086200000|100%| O|  |TAMS 0x0000000086200000, 0x0000000086100000| Updating 
|  98|0x0000000086200000, 0x0000000086300000, 0x0000000086300000|100%| O|  |TAMS 0x0000000086300000, 0x0000000086200000| Updating 
|  99|0x0000000086300000, 0x0000000086400000, 0x0000000086400000|100%| O|  |TAMS 0x0000000086400000, 0x0000000086300000| Updating 
| 100|0x0000000086400000, 0x0000000086500000, 0x0000000086500000|100%| O|  |TAMS 0x0000000086500000, 0x0000000086400000| Updating 
| 101|0x0000000086500000, 0x0000000086600000, 0x0000000086600000|100%| O|  |TAMS 0x0000000086600000, 0x0000000086500000| Updating 
| 102|0x0000000086600000, 0x0000000086700000, 0x0000000086700000|100%| O|  |TAMS 0x0000000086700000, 0x0000000086600000| Updating 
| 103|0x0000000086700000, 0x0000000086800000, 0x0000000086800000|100%| O|  |TAMS 0x0000000086800000, 0x0000000086700000| Updating 
| 104|0x0000000086800000, 0x0000000086900000, 0x0000000086900000|100%| O|  |TAMS 0x0000000086900000, 0x0000000086800000| Updating 
| 105|0x0000000086900000, 0x0000000086a00000, 0x0000000086a00000|100%| O|  |TAMS 0x0000000086900000, 0x0000000086900000| Untracked 
| 106|0x0000000086a00000, 0x0000000086b00000, 0x0000000086b00000|100%| O|  |TAMS 0x0000000086a00000, 0x0000000086a00000| Untracked 
| 107|0x0000000086b00000, 0x0000000086c00000, 0x0000000086c00000|100%| O|  |TAMS 0x0000000086b00000, 0x0000000086b00000| Untracked 
| 108|0x0000000086c00000, 0x0000000086d00000, 0x0000000086d00000|100%| O|  |TAMS 0x0000000086c00000, 0x0000000086c00000| Untracked 
| 109|0x0000000086d00000, 0x0000000086e00000, 0x0000000086e00000|100%| O|  |TAMS 0x0000000086d00000, 0x0000000086d00000| Untracked 
| 110|0x0000000086e00000, 0x0000000086f00000, 0x0000000086f00000|100%| O|  |TAMS 0x0000000086e00000, 0x0000000086e00000| Untracked 
| 111|0x0000000086f00000, 0x0000000086f98a00, 0x0000000087000000| 59%| O|  |TAMS 0x0000000086f00000, 0x0000000086f00000| Untracked 
| 112|0x0000000087000000, 0x0000000087000000, 0x0000000087100000|  0%| F|  |TAMS 0x0000000087000000, 0x0000000087000000| Untracked 
| 113|0x0000000087100000, 0x0000000087100000, 0x0000000087200000|  0%| F|  |TAMS 0x0000000087100000, 0x0000000087100000| Untracked 
| 114|0x0000000087200000, 0x0000000087200000, 0x0000000087300000|  0%| F|  |TAMS 0x0000000087200000, 0x0000000087200000| Untracked 
| 115|0x0000000087300000, 0x0000000087300000, 0x0000000087400000|  0%| F|  |TAMS 0x0000000087300000, 0x0000000087300000| Untracked 
| 116|0x0000000087400000, 0x0000000087400000, 0x0000000087500000|  0%| F|  |TAMS 0x0000000087400000, 0x0000000087400000| Untracked 
| 117|0x0000000087500000, 0x0000000087500000, 0x0000000087600000|  0%| F|  |TAMS 0x0000000087500000, 0x0000000087500000| Untracked 
| 118|0x0000000087600000, 0x0000000087600000, 0x0000000087700000|  0%| F|  |TAMS 0x0000000087600000, 0x0000000087600000| Untracked 
| 119|0x0000000087700000, 0x0000000087700000, 0x0000000087800000|  0%| F|  |TAMS 0x0000000087700000, 0x0000000087700000| Untracked 
| 120|0x0000000087800000, 0x0000000087900000, 0x0000000087900000|100%| O|  |TAMS 0x0000000087900000, 0x0000000087800000| Updating 
| 121|0x0000000087900000, 0x0000000087a00000, 0x0000000087a00000|100%| O|  |TAMS 0x0000000087a00000, 0x0000000087900000| Updating 
| 122|0x0000000087a00000, 0x0000000087b00000, 0x0000000087b00000|100%| O|  |TAMS 0x0000000087b00000, 0x0000000087a00000| Updating 
| 123|0x0000000087b00000, 0x0000000087b00000, 0x0000000087c00000|  0%| F|  |TAMS 0x0000000087b00000, 0x0000000087b00000| Untracked 
| 124|0x0000000087c00000, 0x0000000087c00000, 0x0000000087d00000|  0%| F|  |TAMS 0x0000000087c00000, 0x0000000087c00000| Untracked 
| 125|0x0000000087d00000, 0x0000000087d00000, 0x0000000087e00000|  0%| F|  |TAMS 0x0000000087d00000, 0x0000000087d00000| Untracked 
| 126|0x0000000087e00000, 0x0000000087e00000, 0x0000000087f00000|  0%| F|  |TAMS 0x0000000087e00000, 0x0000000087e00000| Untracked 
| 127|0x0000000087f00000, 0x0000000088000000, 0x0000000088000000|100%| O|  |TAMS 0x0000000088000000, 0x0000000087f00000| Updating 
| 128|0x0000000088000000, 0x0000000088000000, 0x0000000088100000|  0%| F|  |TAMS 0x0000000088000000, 0x0000000088000000| Untracked 
| 129|0x0000000088100000, 0x0000000088100000, 0x0000000088200000|  0%| F|  |TAMS 0x0000000088100000, 0x0000000088100000| Untracked 
| 130|0x0000000088200000, 0x0000000088300000, 0x0000000088300000|100%| O|  |TAMS 0x0000000088300000, 0x0000000088200000| Updating 
| 131|0x0000000088300000, 0x0000000088400000, 0x0000000088400000|100%| O|  |TAMS 0x0000000088400000, 0x0000000088300000| Updating 
| 132|0x0000000088400000, 0x0000000088400000, 0x0000000088500000|  0%| F|  |TAMS 0x0000000088400000, 0x0000000088400000| Untracked 
| 133|0x0000000088500000, 0x0000000088500000, 0x0000000088600000|  0%| F|  |TAMS 0x0000000088500000, 0x0000000088500000| Untracked 
| 134|0x0000000088600000, 0x0000000088600000, 0x0000000088700000|  0%| F|  |TAMS 0x0000000088600000, 0x0000000088600000| Untracked 
| 135|0x0000000088700000, 0x0000000088700000, 0x0000000088800000|  0%| F|  |TAMS 0x0000000088700000, 0x0000000088700000| Untracked 
| 136|0x0000000088800000, 0x0000000088800000, 0x0000000088900000|  0%| F|  |TAMS 0x0000000088800000, 0x0000000088800000| Untracked 
| 137|0x0000000088900000, 0x0000000088900000, 0x0000000088a00000|  0%| F|  |TAMS 0x0000000088900000, 0x0000000088900000| Untracked 
| 138|0x0000000088a00000, 0x0000000088b00000, 0x0000000088b00000|100%| O|  |TAMS 0x0000000088b00000, 0x0000000088a00000| Updating 
| 139|0x0000000088b00000, 0x0000000088b00000, 0x0000000088c00000|  0%| F|  |TAMS 0x0000000088b00000, 0x0000000088b00000| Untracked 
| 140|0x0000000088c00000, 0x0000000088c00000, 0x0000000088d00000|  0%| F|  |TAMS 0x0000000088c00000, 0x0000000088c00000| Untracked 
| 141|0x0000000088d00000, 0x0000000088d00000, 0x0000000088e00000|  0%| F|  |TAMS 0x0000000088d00000, 0x0000000088d00000| Untracked 
| 142|0x0000000088e00000, 0x0000000088e00000, 0x0000000088f00000|  0%| F|  |TAMS 0x0000000088e00000, 0x0000000088e00000| Untracked 
| 143|0x0000000088f00000, 0x0000000089000000, 0x0000000089000000|100%| O|  |TAMS 0x0000000089000000, 0x0000000088f00000| Updating 
| 144|0x0000000089000000, 0x0000000089100000, 0x0000000089100000|100%| O|  |TAMS 0x0000000089100000, 0x0000000089000000| Updating 
| 145|0x0000000089100000, 0x0000000089200000, 0x0000000089200000|100%| O|  |TAMS 0x0000000089200000, 0x0000000089100000| Updating 
| 146|0x0000000089200000, 0x0000000089300000, 0x0000000089300000|100%| O|  |TAMS 0x0000000089300000, 0x0000000089200000| Updating 
| 147|0x0000000089300000, 0x0000000089300000, 0x0000000089400000|  0%| F|  |TAMS 0x0000000089300000, 0x0000000089300000| Untracked 
| 148|0x0000000089400000, 0x0000000089400000, 0x0000000089500000|  0%| F|  |TAMS 0x0000000089400000, 0x0000000089400000| Untracked 
| 149|0x0000000089500000, 0x0000000089500000, 0x0000000089600000|  0%| F|  |TAMS 0x0000000089500000, 0x0000000089500000| Untracked 
| 150|0x0000000089600000, 0x0000000089600000, 0x0000000089700000|  0%| F|  |TAMS 0x0000000089600000, 0x0000000089600000| Untracked 
| 151|0x0000000089700000, 0x0000000089800000, 0x0000000089800000|100%| O|  |TAMS 0x0000000089800000, 0x0000000089700000| Updating 
| 152|0x0000000089800000, 0x0000000089900000, 0x0000000089900000|100%| O|  |TAMS 0x0000000089900000, 0x0000000089800000| Updating 
| 153|0x0000000089900000, 0x0000000089a00000, 0x0000000089a00000|100%| O|  |TAMS 0x0000000089a00000, 0x0000000089900000| Updating 
| 154|0x0000000089a00000, 0x0000000089b00000, 0x0000000089b00000|100%| O|  |TAMS 0x0000000089b00000, 0x0000000089a00000| Updating 
| 155|0x0000000089b00000, 0x0000000089c00000, 0x0000000089c00000|100%| O|  |TAMS 0x0000000089c00000, 0x0000000089b00000| Updating 
| 156|0x0000000089c00000, 0x0000000089d00000, 0x0000000089d00000|100%| O|  |TAMS 0x0000000089d00000, 0x0000000089c00000| Updating 
| 157|0x0000000089d00000, 0x0000000089e00000, 0x0000000089e00000|100%| O|  |TAMS 0x0000000089e00000, 0x0000000089d00000| Updating 
| 158|0x0000000089e00000, 0x0000000089f00000, 0x0000000089f00000|100%| O|  |TAMS 0x0000000089f00000, 0x0000000089e00000| Updating 
| 159|0x0000000089f00000, 0x000000008a000000, 0x000000008a000000|100%| O|  |TAMS 0x000000008a000000, 0x0000000089f00000| Updating 
| 160|0x000000008a000000, 0x000000008a100000, 0x000000008a100000|100%| O|  |TAMS 0x000000008a100000, 0x000000008a000000| Updating 
| 161|0x000000008a100000, 0x000000008a200000, 0x000000008a200000|100%| O|  |TAMS 0x000000008a200000, 0x000000008a100000| Updating 
| 162|0x000000008a200000, 0x000000008a300000, 0x000000008a300000|100%| O|  |TAMS 0x000000008a300000, 0x000000008a200000| Updating 
| 163|0x000000008a300000, 0x000000008a400000, 0x000000008a400000|100%| O|  |TAMS 0x000000008a400000, 0x000000008a300000| Updating 
| 164|0x000000008a400000, 0x000000008a500000, 0x000000008a500000|100%| O|  |TAMS 0x000000008a500000, 0x000000008a400000| Updating 
| 165|0x000000008a500000, 0x000000008a600000, 0x000000008a600000|100%| O|  |TAMS 0x000000008a600000, 0x000000008a500000| Updating 
| 166|0x000000008a600000, 0x000000008a700000, 0x000000008a700000|100%| O|  |TAMS 0x000000008a700000, 0x000000008a600000| Updating 
| 167|0x000000008a700000, 0x000000008a800000, 0x000000008a800000|100%| O|  |TAMS 0x000000008a800000, 0x000000008a700000| Updating 
| 168|0x000000008a800000, 0x000000008a900000, 0x000000008a900000|100%| O|  |TAMS 0x000000008a900000, 0x000000008a800000| Updating 
| 169|0x000000008a900000, 0x000000008aa00000, 0x000000008aa00000|100%| O|  |TAMS 0x000000008aa00000, 0x000000008a900000| Updating 
| 170|0x000000008aa00000, 0x000000008ab00000, 0x000000008ab00000|100%| O|  |TAMS 0x000000008ab00000, 0x000000008aa00000| Updating 
| 171|0x000000008ab00000, 0x000000008ac00000, 0x000000008ac00000|100%| O|  |TAMS 0x000000008ac00000, 0x000000008ab00000| Updating 
| 172|0x000000008ac00000, 0x000000008ad00000, 0x000000008ad00000|100%| O|  |TAMS 0x000000008ad00000, 0x000000008ac00000| Updating 
| 173|0x000000008ad00000, 0x000000008ae00000, 0x000000008ae00000|100%| O|  |TAMS 0x000000008ae00000, 0x000000008ad00000| Updating 
| 174|0x000000008ae00000, 0x000000008af00000, 0x000000008af00000|100%| O|  |TAMS 0x000000008af00000, 0x000000008ae00000| Updating 
| 175|0x000000008af00000, 0x000000008b000000, 0x000000008b000000|100%| O|  |TAMS 0x000000008b000000, 0x000000008af00000| Updating 
| 176|0x000000008b000000, 0x000000008b100000, 0x000000008b100000|100%| O|  |TAMS 0x000000008b100000, 0x000000008b000000| Updating 
| 177|0x000000008b100000, 0x000000008b200000, 0x000000008b200000|100%| O|  |TAMS 0x000000008b200000, 0x000000008b100000| Updating 
| 178|0x000000008b200000, 0x000000008b300000, 0x000000008b300000|100%| O|  |TAMS 0x000000008b300000, 0x000000008b200000| Updating 
| 179|0x000000008b300000, 0x000000008b400000, 0x000000008b400000|100%| O|  |TAMS 0x000000008b400000, 0x000000008b300000| Updating 
| 180|0x000000008b400000, 0x000000008b500000, 0x000000008b500000|100%| O|  |TAMS 0x000000008b500000, 0x000000008b400000| Updating 
| 181|0x000000008b500000, 0x000000008b600000, 0x000000008b600000|100%| O|  |TAMS 0x000000008b600000, 0x000000008b500000| Updating 
| 182|0x000000008b600000, 0x000000008b700000, 0x000000008b700000|100%| O|  |TAMS 0x000000008b700000, 0x000000008b600000| Updating 
| 183|0x000000008b700000, 0x000000008b800000, 0x000000008b800000|100%| O|  |TAMS 0x000000008b800000, 0x000000008b700000| Updating 
| 184|0x000000008b800000, 0x000000008b900000, 0x000000008b900000|100%| O|  |TAMS 0x000000008b900000, 0x000000008b800000| Updating 
| 185|0x000000008b900000, 0x000000008ba00000, 0x000000008ba00000|100%| O|  |TAMS 0x000000008ba00000, 0x000000008b900000| Updating 
| 186|0x000000008ba00000, 0x000000008bb00000, 0x000000008bb00000|100%| O|  |TAMS 0x000000008bb00000, 0x000000008ba00000| Updating 
| 187|0x000000008bb00000, 0x000000008bc00000, 0x000000008bc00000|100%| O|  |TAMS 0x000000008bc00000, 0x000000008bb00000| Updating 
| 188|0x000000008bc00000, 0x000000008bd00000, 0x000000008bd00000|100%| O|  |TAMS 0x000000008bd00000, 0x000000008bc00000| Updating 
| 189|0x000000008bd00000, 0x000000008be00000, 0x000000008be00000|100%| O|  |TAMS 0x000000008be00000, 0x000000008bd00000| Updating 
| 190|0x000000008be00000, 0x000000008bf00000, 0x000000008bf00000|100%| O|  |TAMS 0x000000008bf00000, 0x000000008be00000| Updating 
| 191|0x000000008bf00000, 0x000000008c000000, 0x000000008c000000|100%| O|  |TAMS 0x000000008c000000, 0x000000008bf00000| Updating 
| 192|0x000000008c000000, 0x000000008c100000, 0x000000008c100000|100%| O|  |TAMS 0x000000008c100000, 0x000000008c000000| Updating 
| 193|0x000000008c100000, 0x000000008c200000, 0x000000008c200000|100%| O|  |TAMS 0x000000008c200000, 0x000000008c100000| Updating 
| 194|0x000000008c200000, 0x000000008c300000, 0x000000008c300000|100%| O|  |TAMS 0x000000008c300000, 0x000000008c200000| Updating 
| 195|0x000000008c300000, 0x000000008c400000, 0x000000008c400000|100%| O|  |TAMS 0x000000008c400000, 0x000000008c300000| Updating 
| 196|0x000000008c400000, 0x000000008c500000, 0x000000008c500000|100%| O|  |TAMS 0x000000008c500000, 0x000000008c400000| Updating 
| 197|0x000000008c500000, 0x000000008c600000, 0x000000008c600000|100%| O|  |TAMS 0x000000008c600000, 0x000000008c500000| Updating 
| 198|0x000000008c600000, 0x000000008c700000, 0x000000008c700000|100%| O|  |TAMS 0x000000008c700000, 0x000000008c600000| Updating 
| 199|0x000000008c700000, 0x000000008c800000, 0x000000008c800000|100%| O|  |TAMS 0x000000008c800000, 0x000000008c700000| Updating 
| 200|0x000000008c800000, 0x000000008c900000, 0x000000008c900000|100%| O|  |TAMS 0x000000008c900000, 0x000000008c800000| Updating 
| 201|0x000000008c900000, 0x000000008ca00000, 0x000000008ca00000|100%| O|  |TAMS 0x000000008ca00000, 0x000000008c900000| Updating 
| 202|0x000000008ca00000, 0x000000008cb00000, 0x000000008cb00000|100%| O|  |TAMS 0x000000008cb00000, 0x000000008ca00000| Updating 
| 203|0x000000008cb00000, 0x000000008cc00000, 0x000000008cc00000|100%| O|  |TAMS 0x000000008cc00000, 0x000000008cb00000| Updating 
| 204|0x000000008cc00000, 0x000000008cd00000, 0x000000008cd00000|100%| O|  |TAMS 0x000000008cd00000, 0x000000008cc00000| Updating 
| 205|0x000000008cd00000, 0x000000008ce00000, 0x000000008ce00000|100%| O|  |TAMS 0x000000008ce00000, 0x000000008cd00000| Updating 
| 206|0x000000008ce00000, 0x000000008cf00000, 0x000000008cf00000|100%| O|  |TAMS 0x000000008cf00000, 0x000000008ce00000| Updating 
| 207|0x000000008cf00000, 0x000000008d000000, 0x000000008d000000|100%| O|  |TAMS 0x000000008d000000, 0x000000008cf00000| Updating 
| 208|0x000000008d000000, 0x000000008d100000, 0x000000008d100000|100%| O|  |TAMS 0x000000008d100000, 0x000000008d000000| Updating 
| 209|0x000000008d100000, 0x000000008d200000, 0x000000008d200000|100%| O|  |TAMS 0x000000008d200000, 0x000000008d100000| Updating 
| 210|0x000000008d200000, 0x000000008d300000, 0x000000008d300000|100%| O|  |TAMS 0x000000008d300000, 0x000000008d200000| Updating 
| 211|0x000000008d300000, 0x000000008d400000, 0x000000008d400000|100%| O|  |TAMS 0x000000008d400000, 0x000000008d300000| Updating 
| 212|0x000000008d400000, 0x000000008d500000, 0x000000008d500000|100%| O|  |TAMS 0x000000008d500000, 0x000000008d400000| Updating 
| 213|0x000000008d500000, 0x000000008d600000, 0x000000008d600000|100%| O|  |TAMS 0x000000008d600000, 0x000000008d500000| Updating 
| 214|0x000000008d600000, 0x000000008d700000, 0x000000008d700000|100%| O|  |TAMS 0x000000008d700000, 0x000000008d600000| Updating 
| 215|0x000000008d700000, 0x000000008d800000, 0x000000008d800000|100%| O|  |TAMS 0x000000008d800000, 0x000000008d700000| Updating 
| 216|0x000000008d800000, 0x000000008d900000, 0x000000008d900000|100%| O|  |TAMS 0x000000008d900000, 0x000000008d800000| Updating 
| 217|0x000000008d900000, 0x000000008da00000, 0x000000008da00000|100%| O|  |TAMS 0x000000008da00000, 0x000000008d900000| Updating 
| 218|0x000000008da00000, 0x000000008db00000, 0x000000008db00000|100%| O|  |TAMS 0x000000008db00000, 0x000000008da00000| Updating 
| 219|0x000000008db00000, 0x000000008dc00000, 0x000000008dc00000|100%| O|  |TAMS 0x000000008dc00000, 0x000000008db00000| Updating 
| 220|0x000000008dc00000, 0x000000008dd00000, 0x000000008dd00000|100%| O|  |TAMS 0x000000008dd00000, 0x000000008dc00000| Updating 
| 221|0x000000008dd00000, 0x000000008de00000, 0x000000008de00000|100%| O|  |TAMS 0x000000008ddfe600, 0x000000008dd00000| Updating 
| 222|0x000000008de00000, 0x000000008df00000, 0x000000008df00000|100%| O|  |TAMS 0x000000008de00000, 0x000000008de00000| Untracked 
| 223|0x000000008df00000, 0x000000008e000000, 0x000000008e000000|100%| O|  |TAMS 0x000000008df00000, 0x000000008df00000| Untracked 
| 224|0x000000008e000000, 0x000000008e100000, 0x000000008e100000|100%| O|  |TAMS 0x000000008e000000, 0x000000008e000000| Untracked 
| 225|0x000000008e100000, 0x000000008e200000, 0x000000008e200000|100%| O|  |TAMS 0x000000008e100000, 0x000000008e100000| Untracked 
| 226|0x000000008e200000, 0x000000008e300000, 0x000000008e300000|100%| O|  |TAMS 0x000000008e200000, 0x000000008e200000| Untracked 
| 227|0x000000008e300000, 0x000000008e400000, 0x000000008e400000|100%| O|  |TAMS 0x000000008e300000, 0x000000008e300000| Untracked 
| 228|0x000000008e400000, 0x000000008e500000, 0x000000008e500000|100%| O|  |TAMS 0x000000008e400000, 0x000000008e400000| Untracked 
| 229|0x000000008e500000, 0x000000008e600000, 0x000000008e600000|100%| O|  |TAMS 0x000000008e500000, 0x000000008e500000| Untracked 
| 230|0x000000008e600000, 0x000000008e700000, 0x000000008e700000|100%| O|  |TAMS 0x000000008e600000, 0x000000008e600000| Untracked 
| 231|0x000000008e700000, 0x000000008e800000, 0x000000008e800000|100%| O|  |TAMS 0x000000008e700000, 0x000000008e700000| Untracked 
| 232|0x000000008e800000, 0x000000008e900000, 0x000000008e900000|100%| O|  |TAMS 0x000000008e800000, 0x000000008e800000| Untracked 
| 233|0x000000008e900000, 0x000000008ea00000, 0x000000008ea00000|100%| O|  |TAMS 0x000000008e900000, 0x000000008e900000| Untracked 
| 234|0x000000008ea00000, 0x000000008eb00000, 0x000000008eb00000|100%| O|  |TAMS 0x000000008ea00000, 0x000000008ea00000| Untracked 
| 235|0x000000008eb00000, 0x000000008ec00000, 0x000000008ec00000|100%| O|  |TAMS 0x000000008eb00000, 0x000000008eb00000| Untracked 
| 236|0x000000008ec00000, 0x000000008ed00000, 0x000000008ed00000|100%| O|  |TAMS 0x000000008ec00000, 0x000000008ec00000| Untracked 
| 237|0x000000008ed00000, 0x000000008ee00000, 0x000000008ee00000|100%| O|  |TAMS 0x000000008ed00000, 0x000000008ed00000| Untracked 
| 238|0x000000008ee00000, 0x000000008ef00000, 0x000000008ef00000|100%| O|  |TAMS 0x000000008ee00000, 0x000000008ee00000| Untracked 
| 239|0x000000008ef00000, 0x000000008f000000, 0x000000008f000000|100%| O|  |TAMS 0x000000008ef00000, 0x000000008ef00000| Untracked 
| 240|0x000000008f000000, 0x000000008f100000, 0x000000008f100000|100%| O|  |TAMS 0x000000008f000000, 0x000000008f000000| Untracked 
| 241|0x000000008f100000, 0x000000008f200000, 0x000000008f200000|100%| O|  |TAMS 0x000000008f100000, 0x000000008f100000| Untracked 
| 242|0x000000008f200000, 0x000000008f300000, 0x000000008f300000|100%| O|  |TAMS 0x000000008f200000, 0x000000008f200000| Untracked 
| 243|0x000000008f300000, 0x000000008f400000, 0x000000008f400000|100%| O|  |TAMS 0x000000008f300000, 0x000000008f300000| Untracked 
| 244|0x000000008f400000, 0x000000008f500000, 0x000000008f500000|100%| S|CS|TAMS 0x000000008f400000, 0x000000008f400000| Complete 
| 245|0x000000008f500000, 0x000000008f500000, 0x000000008f600000|  0%| F|  |TAMS 0x000000008f500000, 0x000000008f500000| Untracked 
| 246|0x000000008f600000, 0x000000008f700000, 0x000000008f700000|100%| S|CS|TAMS 0x000000008f600000, 0x000000008f600000| Complete 
| 247|0x000000008f700000, 0x000000008f700000, 0x000000008f800000|  0%| F|  |TAMS 0x000000008f700000, 0x000000008f700000| Untracked 
| 248|0x000000008f800000, 0x000000008f800000, 0x000000008f900000|  0%| F|  |TAMS 0x000000008f800000, 0x000000008f800000| Untracked 
| 249|0x000000008f900000, 0x000000008f900000, 0x000000008fa00000|  0%| F|  |TAMS 0x000000008f900000, 0x000000008f900000| Untracked 
| 250|0x000000008fa00000, 0x000000008fa00000, 0x000000008fb00000|  0%| F|  |TAMS 0x000000008fa00000, 0x000000008fa00000| Untracked 
| 251|0x000000008fb00000, 0x000000008fb00000, 0x000000008fc00000|  0%| F|  |TAMS 0x000000008fb00000, 0x000000008fb00000| Untracked 
| 252|0x000000008fc00000, 0x000000008fc00000, 0x000000008fd00000|  0%| F|  |TAMS 0x000000008fc00000, 0x000000008fc00000| Untracked 
| 253|0x000000008fd00000, 0x000000008fd00000, 0x000000008fe00000|  0%| F|  |TAMS 0x000000008fd00000, 0x000000008fd00000| Untracked 
| 254|0x000000008fe00000, 0x000000008fe00000, 0x000000008ff00000|  0%| F|  |TAMS 0x000000008fe00000, 0x000000008fe00000| Untracked 
| 255|0x000000008ff00000, 0x000000008ff00000, 0x0000000090000000|  0%| F|  |TAMS 0x000000008ff00000, 0x000000008ff00000| Untracked 
| 256|0x0000000090000000, 0x0000000090000000, 0x0000000090100000|  0%| F|  |TAMS 0x0000000090000000, 0x0000000090000000| Untracked 
| 257|0x0000000090100000, 0x0000000090200000, 0x0000000090200000|100%| O|  |TAMS 0x0000000090100000, 0x0000000090100000| Untracked 
| 258|0x0000000090200000, 0x0000000090300000, 0x0000000090300000|100%| O|  |TAMS 0x0000000090200000, 0x0000000090200000| Untracked 
| 259|0x0000000090300000, 0x0000000090400000, 0x0000000090400000|100%| O|  |TAMS 0x0000000090300000, 0x0000000090300000| Untracked 
| 260|0x0000000090400000, 0x0000000090500000, 0x0000000090500000|100%| O|  |TAMS 0x0000000090400000, 0x0000000090400000| Untracked 
| 261|0x0000000090500000, 0x0000000090600000, 0x0000000090600000|100%| O|  |TAMS 0x0000000090500000, 0x0000000090500000| Untracked 
| 262|0x0000000090600000, 0x0000000090700000, 0x0000000090700000|100%| O|  |TAMS 0x0000000090600000, 0x0000000090600000| Untracked 
| 263|0x0000000090700000, 0x0000000090800000, 0x0000000090800000|100%| O|  |TAMS 0x0000000090700000, 0x0000000090700000| Untracked 
| 264|0x0000000090800000, 0x0000000090800000, 0x0000000090900000|  0%| F|  |TAMS 0x0000000090800000, 0x0000000090800000| Untracked 
| 265|0x0000000090900000, 0x0000000090a00000, 0x0000000090a00000|100%| O|  |TAMS 0x0000000090900000, 0x0000000090900000| Untracked 
| 266|0x0000000090a00000, 0x0000000090b00000, 0x0000000090b00000|100%| O|  |TAMS 0x0000000090a00000, 0x0000000090a00000| Untracked 
| 267|0x0000000090b00000, 0x0000000090c00000, 0x0000000090c00000|100%| O|  |TAMS 0x0000000090b00000, 0x0000000090b00000| Untracked 
| 268|0x0000000090c00000, 0x0000000090d00000, 0x0000000090d00000|100%| O|  |TAMS 0x0000000090c00000, 0x0000000090c00000| Untracked 
| 269|0x0000000090d00000, 0x0000000090e00000, 0x0000000090e00000|100%| O|  |TAMS 0x0000000090d00000, 0x0000000090d00000| Untracked 
| 270|0x0000000090e00000, 0x0000000090f00000, 0x0000000090f00000|100%| O|  |TAMS 0x0000000090e00000, 0x0000000090e00000| Untracked 
| 271|0x0000000090f00000, 0x0000000091000000, 0x0000000091000000|100%| O|  |TAMS 0x0000000090f00000, 0x0000000090f00000| Untracked 
| 272|0x0000000091000000, 0x0000000091100000, 0x0000000091100000|100%| O|  |TAMS 0x0000000091000000, 0x0000000091000000| Untracked 
| 273|0x0000000091100000, 0x0000000091100000, 0x0000000091200000|  0%| F|  |TAMS 0x0000000091100000, 0x0000000091100000| Untracked 
| 274|0x0000000091200000, 0x0000000091300000, 0x0000000091300000|100%| O|  |TAMS 0x0000000091200000, 0x0000000091200000| Untracked 

Card table byte_map: [0x0000023e756f0000,0x0000023e75af0000] _byte_map_base: 0x0000023e752f0000

Marking Bits (Prev, Next): (CMBitMap*) 0x0000023e712fe8f0, (CMBitMap*) 0x0000023e712fe8b8
 Prev Bits: [0x0000023e77ef0000, 0x0000023e79ef0000)
 Next Bits: [0x0000023e75ef0000, 0x0000023e77ef0000)

Polling page: 0x0000023e6f8b0000

Metaspace:

Usage:
  Non-class:     97.28 MB capacity,    95.66 MB ( 98%) used,     1.33 MB (  1%) free+waste,   295.13 KB ( <1%) overhead. 
      Class:     14.80 MB capacity,    13.84 MB ( 94%) used,   850.50 KB (  6%) free+waste,   128.81 KB ( <1%) overhead. 
       Both:    112.08 MB capacity,   109.50 MB ( 98%) used,     2.17 MB (  2%) free+waste,   423.94 KB ( <1%) overhead. 

Virtual space:
  Non-class space:       98.00 MB reserved,      97.34 MB (>99%) committed 
      Class space:        1.00 GB reserved,      14.95 MB (  1%) committed 
             Both:        1.10 GB reserved,     112.29 MB ( 10%) committed 

Chunk freelists:
   Non-Class:  61.00 KB
       Class:  47.00 KB
        Both:  108.00 KB

MaxMetaspaceSize: 17179869184.00 GB
CompressedClassSpaceSize: 1.00 GB

CodeHeap 'non-profiled nmethods': size=120064Kb used=8894Kb max_used=8894Kb free=111169Kb
 bounds [0x0000023e07ac0000, 0x0000023e08370000, 0x0000023e0f000000]
CodeHeap 'profiled nmethods': size=120000Kb used=31045Kb max_used=31045Kb free=88954Kb
 bounds [0x0000023e00590000, 0x0000023e023f0000, 0x0000023e07ac0000]
CodeHeap 'non-nmethods': size=5696Kb used=2321Kb max_used=2380Kb free=3374Kb
 bounds [0x0000023e00000000, 0x0000023e00270000, 0x0000023e00590000]
 total_blobs=14724 nmethods=13785 adapters=850
 compilation: enabled
              stopped_count=0, restarted_count=0
 full_count=0

Compilation events (20 events):
Event: 18.781 Thread 0x0000023e7ce27000 nmethod 13869 0x0000023e023da890 code [0x0000023e023daa60, 0x0000023e023dacf8]
Event: 18.781 Thread 0x0000023e11b8b800 13859       4       java.util.IdentityHashMap::resize (153 bytes)
Event: 18.781 Thread 0x0000023e7ce27000 13870       3       com.google.gson.TypeAdapter::<init> (5 bytes)
Event: 18.781 Thread 0x0000023e7ce27000 nmethod 13870 0x0000023e023dae10 code [0x0000023e023dafc0, 0x0000023e023db118]
Event: 18.781 Thread 0x0000023e7ce27000 13871       3       com.google.gson.internal.Excluder::excludeField (226 bytes)
Event: 18.783 Thread 0x0000023e7ce27000 nmethod 13871 0x0000023e023db210 code [0x0000023e023db840, 0x0000023e023dec78]
Event: 18.784 Thread 0x0000023e7ce27000 13872       3       com.google.gson.internal.$Gson$Types::resolve (14 bytes)
Event: 18.784 Thread 0x0000023e7ce27000 nmethod 13872 0x0000023e023dfa90 code [0x0000023e023dfc80, 0x0000023e023e0148]
Event: 18.786 Thread 0x0000023e7ce27000 13874       3       android.databinding.tool.store.SetterStore$AccessorKey::hashCode (22 bytes)
Event: 18.786 Thread 0x0000023e7ce27000 nmethod 13874 0x0000023e023e0310 code [0x0000023e023e0500, 0x0000023e023e0a68]
Event: 18.788 Thread 0x0000023e7ce27000 13875       3       org.apache.xerces.parsers.XIncludeAwareParserConfiguration::getFeature (34 bytes)
Event: 18.788 Thread 0x0000023e7ce27000 nmethod 13875 0x0000023e023e0c10 code [0x0000023e023e0e20, 0x0000023e023e13f8]
Event: 18.790 Thread 0x0000023e11b8b800 nmethod 13859 0x0000023e0836dc10 code [0x0000023e0836ddc0, 0x0000023e0836e888]
Event: 18.790 Thread 0x0000023e11b8b800 13860       4       java.lang.Class::getSimpleName (26 bytes)
Event: 18.795 Thread 0x0000023e11b8b800 nmethod 13860 0x0000023e0836eb90 code [0x0000023e0836ed60, 0x0000023e0836f2c8]
Event: 18.795 Thread 0x0000023e11b8b800 13873       4       com.google.gson.stream.JsonReader::peek (144 bytes)
Event: 18.796 Thread 0x0000023e11b8b800 nmethod 13873 0x0000023e0836f510 code [0x0000023e0836f6c0, 0x0000023e0836f7e8]
Event: 18.796 Thread 0x0000023e11b8b800 13856       4       com.sun.tools.javac.tree.TreeScanner::scan (10 bytes)
Event: 18.796 Thread 0x0000023e11b8b800 nmethod 13856 0x0000023e0836f890 code [0x0000023e0836fa20, 0x0000023e0836fab8]
Event: 18.796 Thread 0x0000023e11b8b800 13850       4       com.sun.tools.javac.comp.Check::checkType (168 bytes)

GC Heap History (20 events):
Event: 17.987 GC heap after
{Heap after GC invocations=26 (full 0):
 garbage-first heap   total 262144K, used 206848K [0x0000000080000000, 0x0000000100000000)
  region size 1024K, 4 young (4096K), 4 survivors (4096K)
 Metaspace       used 111958K, capacity 114569K, committed 114984K, reserved 1148928K
  class space    used 14173K, capacity 15153K, committed 15308K, reserved 1048576K
}
Event: 18.018 GC heap before
{Heap before GC invocations=26 (full 0):
 garbage-first heap   total 262144K, used 219136K [0x0000000080000000, 0x0000000100000000)
  region size 1024K, 16 young (16384K), 4 survivors (4096K)
 Metaspace       used 111965K, capacity 114569K, committed 114984K, reserved 1148928K
  class space    used 14173K, capacity 15153K, committed 15308K, reserved 1048576K
}
Event: 18.024 GC heap after
{Heap after GC invocations=27 (full 0):
 garbage-first heap   total 262144K, used 212480K [0x0000000080000000, 0x0000000100000000)
  region size 1024K, 2 young (2048K), 2 survivors (2048K)
 Metaspace       used 111965K, capacity 114569K, committed 114984K, reserved 1148928K
  class space    used 14173K, capacity 15153K, committed 15308K, reserved 1048576K
}
Event: 18.178 GC heap before
{Heap before GC invocations=27 (full 0):
 garbage-first heap   total 262144K, used 222720K [0x0000000080000000, 0x0000000100000000)
  region size 1024K, 12 young (12288K), 2 survivors (2048K)
 Metaspace       used 112066K, capacity 114639K, committed 114984K, reserved 1148928K
  class space    used 14173K, capacity 15153K, committed 15308K, reserved 1048576K
}
Event: 18.182 GC heap after
{Heap after GC invocations=28 (full 0):
 garbage-first heap   total 262144K, used 214016K [0x0000000080000000, 0x0000000100000000)
  region size 1024K, 1 young (1024K), 1 survivors (1024K)
 Metaspace       used 112066K, capacity 114639K, committed 114984K, reserved 1148928K
  class space    used 14173K, capacity 15153K, committed 15308K, reserved 1048576K
}
Event: 18.317 GC heap before
{Heap before GC invocations=29 (full 0):
 garbage-first heap   total 262144K, used 225280K [0x0000000080000000, 0x0000000100000000)
  region size 1024K, 12 young (12288K), 1 survivors (1024K)
 Metaspace       used 112091K, capacity 114704K, committed 114984K, reserved 1148928K
  class space    used 14173K, capacity 15153K, committed 15308K, reserved 1048576K
}
Event: 18.321 GC heap after
{Heap after GC invocations=30 (full 0):
 garbage-first heap   total 262144K, used 218700K [0x0000000080000000, 0x0000000100000000)
  region size 1024K, 2 young (2048K), 2 survivors (2048K)
 Metaspace       used 112091K, capacity 114704K, committed 114984K, reserved 1148928K
  class space    used 14173K, capacity 15153K, committed 15308K, reserved 1048576K
}
Event: 18.356 GC heap before
{Heap before GC invocations=30 (full 0):
 garbage-first heap   total 262144K, used 228940K [0x0000000080000000, 0x0000000100000000)
  region size 1024K, 12 young (12288K), 2 survivors (2048K)
 Metaspace       used 112091K, capacity 114704K, committed 114984K, reserved 1148928K
  class space    used 14173K, capacity 15153K, committed 15308K, reserved 1048576K
}
Event: 18.362 GC heap after
{Heap after GC invocations=31 (full 0):
 garbage-first heap   total 262144K, used 229369K [0x0000000080000000, 0x0000000100000000)
  region size 1024K, 2 young (2048K), 2 survivors (2048K)
 Metaspace       used 112091K, capacity 114704K, committed 114984K, reserved 1148928K
  class space    used 14173K, capacity 15153K, committed 15308K, reserved 1048576K
}
Event: 18.396 GC heap before
{Heap before GC invocations=31 (full 0):
 garbage-first heap   total 262144K, used 238585K [0x0000000080000000, 0x0000000100000000)
  region size 1024K, 12 young (12288K), 2 survivors (2048K)
 Metaspace       used 112091K, capacity 114704K, committed 114984K, reserved 1148928K
  class space    used 14173K, capacity 15153K, committed 15308K, reserved 1048576K
}
Event: 18.401 GC heap after
{Heap after GC invocations=32 (full 0):
 garbage-first heap   total 262144K, used 239429K [0x0000000080000000, 0x0000000100000000)
  region size 1024K, 2 young (2048K), 2 survivors (2048K)
 Metaspace       used 112091K, capacity 114704K, committed 114984K, reserved 1148928K
  class space    used 14173K, capacity 15153K, committed 15308K, reserved 1048576K
}
Event: 18.432 GC heap before
{Heap before GC invocations=32 (full 0):
 garbage-first heap   total 262144K, used 249669K [0x0000000080000000, 0x0000000100000000)
  region size 1024K, 12 young (12288K), 2 survivors (2048K)
 Metaspace       used 112091K, capacity 114704K, committed 114984K, reserved 1148928K
  class space    used 14173K, capacity 15153K, committed 15308K, reserved 1048576K
}
Event: 18.438 GC heap after
{Heap after GC invocations=33 (full 0):
 garbage-first heap   total 262144K, used 247692K [0x0000000080000000, 0x0000000100000000)
  region size 1024K, 2 young (2048K), 2 survivors (2048K)
 Metaspace       used 112091K, capacity 114704K, committed 114984K, reserved 1148928K
  class space    used 14173K, capacity 15153K, committed 15308K, reserved 1048576K
}
Event: 18.494 GC heap before
{Heap before GC invocations=33 (full 0):
 garbage-first heap   total 262144K, used 257932K [0x0000000080000000, 0x0000000100000000)
  region size 1024K, 12 young (12288K), 2 survivors (2048K)
 Metaspace       used 112091K, capacity 114704K, committed 114984K, reserved 1148928K
  class space    used 14173K, capacity 15153K, committed 15308K, reserved 1048576K
}
Event: 18.502 GC heap after
{Heap after GC invocations=34 (full 0):
 garbage-first heap   total 268288K, used 256000K [0x0000000080000000, 0x0000000100000000)
  region size 1024K, 2 young (2048K), 2 survivors (2048K)
 Metaspace       used 112091K, capacity 114704K, committed 114984K, reserved 1148928K
  class space    used 14173K, capacity 15153K, committed 15308K, reserved 1048576K
}
Event: 18.524 GC heap before
{Heap before GC invocations=34 (full 0):
 garbage-first heap   total 268288K, used 267264K [0x0000000080000000, 0x0000000100000000)
  region size 1024K, 13 young (13312K), 2 survivors (2048K)
 Metaspace       used 112091K, capacity 114704K, committed 114984K, reserved 1148928K
  class space    used 14173K, capacity 15153K, committed 15308K, reserved 1048576K
}
Event: 18.533 GC heap after
{Heap after GC invocations=35 (full 0):
 garbage-first heap   total 278528K, used 264568K [0x0000000080000000, 0x0000000100000000)
  region size 1024K, 2 young (2048K), 2 survivors (2048K)
 Metaspace       used 112091K, capacity 114704K, committed 114984K, reserved 1148928K
  class space    used 14173K, capacity 15153K, committed 15308K, reserved 1048576K
}
Event: 18.579 GC heap before
{Heap before GC invocations=35 (full 0):
 garbage-first heap   total 278528K, used 275832K [0x0000000080000000, 0x0000000100000000)
  region size 1024K, 13 young (13312K), 2 survivors (2048K)
 Metaspace       used 112092K, capacity 114704K, committed 114984K, reserved 1148928K
  class space    used 14173K, capacity 15153K, committed 15308K, reserved 1048576K
}
Event: 18.584 GC heap after
{Heap after GC invocations=36 (full 0):
 garbage-first heap   total 281600K, used 268288K [0x0000000080000000, 0x0000000100000000)
  region size 1024K, 2 young (2048K), 2 survivors (2048K)
 Metaspace       used 112092K, capacity 114704K, committed 114984K, reserved 1148928K
  class space    used 14173K, capacity 15153K, committed 15308K, reserved 1048576K
}
Event: 18.804 GC heap before
{Heap before GC invocations=36 (full 0):
 garbage-first heap   total 281600K, used 243712K [0x0000000080000000, 0x0000000100000000)
  region size 1024K, 13 young (13312K), 2 survivors (2048K)
 Metaspace       used 112126K, capacity 114768K, committed 114984K, reserved 1148928K
  class space    used 14173K, capacity 15153K, committed 15308K, reserved 1048576K
}

Deoptimization events (20 events):
Event: 18.193 Thread 0x0000023e7de38000 Uncommon trap: trap_request=0xffffff4d fr.pc=0x0000023e07b00940 relative=0x00000000000001e0
Event: 18.193 Thread 0x0000023e7de38000 Uncommon trap: reason=unstable_if action=reinterpret pc=0x0000023e07b00940 method=java.util.HashMap.hash(Ljava/lang/Object;)I @ 1 c2
Event: 18.193 Thread 0x0000023e7de38000 DEOPT PACKING pc=0x0000023e07b00940 sp=0x0000009fb4df56b0
Event: 18.193 Thread 0x0000023e7de38000 DEOPT UNPACKING pc=0x0000023e0002662f sp=0x0000009fb4df5580 mode 2
Event: 18.282 Thread 0x0000023e7de38000 Uncommon trap: trap_request=0xffffffde fr.pc=0x0000023e08253f70 relative=0x0000000000003230
Event: 18.282 Thread 0x0000023e7de38000 Uncommon trap: reason=class_check action=maybe_recompile pc=0x0000023e08253f70 method=org.apache.xerces.impl.XMLDocumentFragmentScannerImpl.scanStartElement()Z @ 309 c2
Event: 18.282 Thread 0x0000023e7de38000 DEOPT PACKING pc=0x0000023e08253f70 sp=0x0000009fb4df50b0
Event: 18.282 Thread 0x0000023e7de38000 DEOPT UNPACKING pc=0x0000023e0002662f sp=0x0000009fb4df5098 mode 2
Event: 18.363 Thread 0x0000023e7de38000 DEOPT PACKING pc=0x0000023e020f9520 sp=0x0000009fb4df51d0
Event: 18.363 Thread 0x0000023e7de38000 DEOPT UNPACKING pc=0x0000023e00026dde sp=0x0000009fb4df4798 mode 0
Event: 18.554 Thread 0x0000023e7de38000 DEOPT PACKING pc=0x0000023e02349a21 sp=0x0000009fb4df52f0
Event: 18.554 Thread 0x0000023e7de38000 DEOPT UNPACKING pc=0x0000023e00026dde sp=0x0000009fb4df46a0 mode 0
Event: 18.562 Thread 0x0000023e7de38000 DEOPT PACKING pc=0x0000023e0213f34f sp=0x0000009fb4df52c0
Event: 18.562 Thread 0x0000023e7de38000 DEOPT UNPACKING pc=0x0000023e00026dde sp=0x0000009fb4df4760 mode 0
Event: 18.774 Thread 0x0000023e7de38000 DEOPT PACKING pc=0x0000023e02052b03 sp=0x0000009fb4df46b0
Event: 18.774 Thread 0x0000023e7de38000 DEOPT UNPACKING pc=0x0000023e00026dde sp=0x0000009fb4df3b68 mode 0
Event: 18.788 Thread 0x0000023e7de38000 Uncommon trap: trap_request=0xffffffde fr.pc=0x0000023e08253f70 relative=0x0000000000003230
Event: 18.788 Thread 0x0000023e7de38000 Uncommon trap: reason=class_check action=maybe_recompile pc=0x0000023e08253f70 method=org.apache.xerces.impl.XMLDocumentFragmentScannerImpl.scanStartElement()Z @ 309 c2
Event: 18.788 Thread 0x0000023e7de38000 DEOPT PACKING pc=0x0000023e08253f70 sp=0x0000009fb4df51b0
Event: 18.788 Thread 0x0000023e7de38000 DEOPT UNPACKING pc=0x0000023e0002662f sp=0x0000009fb4df5198 mode 2

Classes redefined (0 events):
No events

Internal exceptions (20 events):
Event: 17.493 Thread 0x0000023e7de38000 Exception <a 'sun/nio/fs/WindowsException'{0x000000008dbbe598}> (0x000000008dbbe598) thrown at [./src/hotspot/share/prims/jni.cpp, line 615]
Event: 17.493 Thread 0x0000023e7de38000 Exception <a 'sun/nio/fs/WindowsException'{0x000000008dbbe700}> (0x000000008dbbe700) thrown at [./src/hotspot/share/prims/jni.cpp, line 615]
Event: 17.494 Thread 0x0000023e7de38000 Exception <a 'sun/nio/fs/WindowsException'{0x000000008dbd7190}> (0x000000008dbd7190) thrown at [./src/hotspot/share/prims/jni.cpp, line 615]
Event: 17.494 Thread 0x0000023e7de38000 Exception <a 'sun/nio/fs/WindowsException'{0x000000008dbd7318}> (0x000000008dbd7318) thrown at [./src/hotspot/share/prims/jni.cpp, line 615]
Event: 17.506 Thread 0x0000023e7de38000 Exception <a 'sun/nio/fs/WindowsException'{0x000000008da9c618}> (0x000000008da9c618) thrown at [./src/hotspot/share/prims/jni.cpp, line 615]
Event: 17.507 Thread 0x0000023e7de38000 Exception <a 'sun/nio/fs/WindowsException'{0x000000008da9e738}> (0x000000008da9e738) thrown at [./src/hotspot/share/prims/jni.cpp, line 615]
Event: 17.507 Thread 0x0000023e7de38000 Exception <a 'sun/nio/fs/WindowsException'{0x000000008daa0238}> (0x000000008daa0238) thrown at [./src/hotspot/share/prims/jni.cpp, line 615]
Event: 17.507 Thread 0x0000023e7de38000 Exception <a 'sun/nio/fs/WindowsException'{0x000000008daa1f30}> (0x000000008daa1f30) thrown at [./src/hotspot/share/prims/jni.cpp, line 615]
Event: 17.507 Thread 0x0000023e7de38000 Exception <a 'sun/nio/fs/WindowsException'{0x000000008daa20b8}> (0x000000008daa20b8) thrown at [./src/hotspot/share/prims/jni.cpp, line 615]
Event: 17.508 Thread 0x0000023e7de38000 Exception <a 'sun/nio/fs/WindowsException'{0x000000008daa5858}> (0x000000008daa5858) thrown at [./src/hotspot/share/prims/jni.cpp, line 615]
Event: 17.511 Thread 0x0000023e7de38000 Exception <a 'sun/nio/fs/WindowsException'{0x000000008dab51e8}> (0x000000008dab51e8) thrown at [./src/hotspot/share/prims/jni.cpp, line 615]
Event: 17.534 Thread 0x0000023e7de38000 Exception <a 'sun/nio/fs/WindowsException'{0x000000008d9ff890}> (0x000000008d9ff890) thrown at [./src/hotspot/share/prims/jni.cpp, line 615]
Event: 17.540 Thread 0x0000023e7de38000 Exception <a 'sun/nio/fs/WindowsException'{0x000000008d821ee0}> (0x000000008d821ee0) thrown at [./src/hotspot/share/prims/jni.cpp, line 615]
Event: 17.586 Thread 0x0000023e7de38000 Exception <a 'sun/nio/fs/WindowsException'{0x000000008fd04728}> (0x000000008fd04728) thrown at [./src/hotspot/share/prims/jni.cpp, line 615]
Event: 17.586 Thread 0x0000023e7de38000 Exception <a 'sun/nio/fs/WindowsException'{0x000000008fd04870}> (0x000000008fd04870) thrown at [./src/hotspot/share/prims/jni.cpp, line 615]
Event: 17.589 Thread 0x0000023e7de38000 Exception <a 'sun/nio/fs/WindowsException'{0x000000008fd4ab30}> (0x000000008fd4ab30) thrown at [./src/hotspot/share/prims/jni.cpp, line 615]
Event: 17.589 Thread 0x0000023e7de38000 Exception <a 'sun/nio/fs/WindowsException'{0x000000008fd4ac78}> (0x000000008fd4ac78) thrown at [./src/hotspot/share/prims/jni.cpp, line 615]
Event: 17.646 Thread 0x0000023e7de38000 Implicit null exception at 0x0000023e0824a815 to 0x0000023e0824d572
Event: 17.808 Thread 0x0000023e7de38000 Implicit null exception at 0x0000023e0824e5f5 to 0x0000023e0824ea2c
Event: 18.193 Thread 0x0000023e7de38000 Implicit null exception at 0x0000023e07b007bd to 0x0000023e07b00928

Events (20 events):
Event: 18.182 Executing VM operation: G1CollectForAllocation done
Event: 18.310 Executing VM operation: CGC_Operation
Event: 18.312 Executing VM operation: CGC_Operation done
Event: 18.317 Executing VM operation: G1CollectForAllocation
Event: 18.321 Executing VM operation: G1CollectForAllocation done
Event: 18.356 Executing VM operation: G1CollectForAllocation
Event: 18.362 Executing VM operation: G1CollectForAllocation done
Event: 18.396 Executing VM operation: G1CollectForAllocation
Event: 18.401 Executing VM operation: G1CollectForAllocation done
Event: 18.432 Executing VM operation: G1CollectForAllocation
Event: 18.438 Executing VM operation: G1CollectForAllocation done
Event: 18.493 Executing VM operation: G1CollectForAllocation
Event: 18.502 Executing VM operation: G1CollectForAllocation done
Event: 18.524 Executing VM operation: G1CollectForAllocation
Event: 18.533 Executing VM operation: G1CollectForAllocation done
Event: 18.579 Executing VM operation: G1CollectForAllocation
Event: 18.585 Executing VM operation: G1CollectForAllocation done
Event: 18.645 Executing VM operation: CGC_Operation
Event: 18.654 Executing VM operation: CGC_Operation done
Event: 18.804 Executing VM operation: G1CollectForAllocation


Dynamic libraries:
0x00007ff6b9770000 - 0x00007ff6b977a000 	C:\Program Files\Android\Android Studio\jre\bin\java.exe
0x00007ffedb270000 - 0x00007ffedb465000 	C:\WINDOWS\SYSTEM32\ntdll.dll
0x00007ffedb170000 - 0x00007ffedb22e000 	C:\WINDOWS\System32\KERNEL32.DLL
0x00007ffed8bc0000 - 0x00007ffed8e88000 	C:\WINDOWS\System32\KERNELBASE.dll
0x00007ffed8fb0000 - 0x00007ffed90b0000 	C:\WINDOWS\System32\ucrtbase.dll
0x00007ffeceed0000 - 0x00007ffeceee7000 	C:\Program Files\Android\Android Studio\jre\bin\VCRUNTIME140.dll
0x00007ffecee00000 - 0x00007ffecee19000 	C:\Program Files\Android\Android Studio\jre\bin\jli.dll
0x00007ffed9810000 - 0x00007ffed99b0000 	C:\WINDOWS\System32\USER32.dll
0x00007ffed9270000 - 0x00007ffed9292000 	C:\WINDOWS\System32\win32u.dll
0x00007ffedb050000 - 0x00007ffedb07b000 	C:\WINDOWS\System32\GDI32.dll
0x00007ffec5560000 - 0x00007ffec57fa000 	C:\WINDOWS\WinSxS\amd64_microsoft.windows.common-controls_6595b64144ccf1df_6.0.19041.1110_none_60b5254171f9507e\COMCTL32.dll
0x00007ffed9160000 - 0x00007ffed926b000 	C:\WINDOWS\System32\gdi32full.dll
0x00007ffeda8e0000 - 0x00007ffeda97e000 	C:\WINDOWS\System32\msvcrt.dll
0x00007ffed8e90000 - 0x00007ffed8f2d000 	C:\WINDOWS\System32\msvcp_win.dll
0x00007ffed9350000 - 0x00007ffed9380000 	C:\WINDOWS\System32\IMM32.DLL
0x00007ffec80b0000 - 0x00007ffec814d000 	C:\Program Files\Android\Android Studio\jre\bin\msvcp140.dll
0x00007ffe90ce0000 - 0x00007ffe917b5000 	C:\Program Files\Android\Android Studio\jre\bin\server\jvm.dll
0x00007ffedae60000 - 0x00007ffedaf0e000 	C:\WINDOWS\System32\ADVAPI32.dll
0x00007ffed99b0000 - 0x00007ffed9a4c000 	C:\WINDOWS\System32\sechost.dll
0x00007ffeda980000 - 0x00007ffedaaa5000 	C:\WINDOWS\System32\RPCRT4.dll
0x00007ffed9380000 - 0x00007ffed9388000 	C:\WINDOWS\System32\PSAPI.DLL
0x00007ffed4210000 - 0x00007ffed4219000 	C:\WINDOWS\SYSTEM32\WSOCK32.dll
0x00007ffedb100000 - 0x00007ffedb16b000 	C:\WINDOWS\System32\WS2_32.dll
0x00007ffed0800000 - 0x00007ffed0827000 	C:\WINDOWS\SYSTEM32\WINMM.dll
0x00007ffed2d80000 - 0x00007ffed2d8a000 	C:\WINDOWS\SYSTEM32\VERSION.dll
0x00007ffed6920000 - 0x00007ffed6932000 	C:\WINDOWS\SYSTEM32\kernel.appcore.dll
0x00007ffec8890000 - 0x00007ffec88a1000 	C:\Program Files\Android\Android Studio\jre\bin\verify.dll
0x00007ffec4020000 - 0x00007ffec4204000 	C:\WINDOWS\SYSTEM32\DBGHELP.DLL
0x00007ffec3b40000 - 0x00007ffec3b6c000 	C:\WINDOWS\SYSTEM32\dbgcore.DLL
0x00007ffed92a0000 - 0x00007ffed9322000 	C:\WINDOWS\System32\bcryptPrimitives.dll
0x00007ffebd670000 - 0x00007ffebd699000 	C:\Program Files\Android\Android Studio\jre\bin\java.dll
0x00007ffeceef0000 - 0x00007ffeceefb000 	C:\Program Files\Android\Android Studio\jre\bin\jimage.dll
0x00007ffec5f30000 - 0x00007ffec5f48000 	C:\Program Files\Android\Android Studio\jre\bin\zip.dll
0x00007ffeda190000 - 0x00007ffeda8d4000 	C:\WINDOWS\System32\SHELL32.dll
0x00007ffed6b20000 - 0x00007ffed72b4000 	C:\WINDOWS\SYSTEM32\windows.storage.dll
0x00007ffed9a60000 - 0x00007ffed9db4000 	C:\WINDOWS\System32\combase.dll
0x00007ffed8450000 - 0x00007ffed847c000 	C:\WINDOWS\SYSTEM32\Wldp.dll
0x00007ffedafa0000 - 0x00007ffedb04d000 	C:\WINDOWS\System32\SHCORE.dll
0x00007ffeda000000 - 0x00007ffeda055000 	C:\WINDOWS\System32\shlwapi.dll
0x00007ffed8930000 - 0x00007ffed894f000 	C:\WINDOWS\SYSTEM32\profapi.dll
0x00007ffeba600000 - 0x00007ffeba61a000 	C:\Program Files\Android\Android Studio\jre\bin\net.dll
0x00007ffecdd40000 - 0x00007ffecde49000 	C:\WINDOWS\SYSTEM32\WINHTTP.dll
0x00007ffed81b0000 - 0x00007ffed821a000 	C:\WINDOWS\system32\mswsock.dll
0x00007ffeba5e0000 - 0x00007ffeba5f4000 	C:\Program Files\Android\Android Studio\jre\bin\nio.dll
0x00007ffeb1110000 - 0x00007ffeb1137000 	C:\Users\BIT\.gradle\native\e1d6ef7f7dcc3fd88c89a11ec53ec762bb8ba0a96d01ffa2cd45eb1d1d8dd5c5\windows-amd64\native-platform.dll
0x00007ffeb6a90000 - 0x00007ffeb6bd4000 	C:\Users\BIT\.gradle\native\5664cfc778a61ccfe75a443a1ab52a65af34e5dc3c78e0209fed803814484fcb\windows-amd64\native-platform-file-events.dll
0x00007ffeceea0000 - 0x00007ffeceeaa000 	C:\Program Files\Android\Android Studio\jre\bin\management.dll
0x00007ffec8d30000 - 0x00007ffec8d3d000 	C:\Program Files\Android\Android Studio\jre\bin\management_ext.dll
0x00007ffed83b0000 - 0x00007ffed83c8000 	C:\WINDOWS\SYSTEM32\CRYPTSP.dll
0x00007ffed7a60000 - 0x00007ffed7a94000 	C:\WINDOWS\system32\rsaenh.dll
0x00007ffed8f80000 - 0x00007ffed8fa7000 	C:\WINDOWS\System32\bcrypt.dll
0x00007ffed88f0000 - 0x00007ffed891e000 	C:\WINDOWS\SYSTEM32\USERENV.dll
0x00007ffed83a0000 - 0x00007ffed83ac000 	C:\WINDOWS\SYSTEM32\CRYPTBASE.dll
0x00007ffed7e50000 - 0x00007ffed7e8b000 	C:\WINDOWS\SYSTEM32\IPHLPAPI.DLL
0x00007ffed9a50000 - 0x00007ffed9a58000 	C:\WINDOWS\System32\NSI.dll
0x00007ffed2f60000 - 0x00007ffed2f77000 	C:\WINDOWS\SYSTEM32\dhcpcsvc6.DLL
0x00007ffed2e50000 - 0x00007ffed2e6d000 	C:\WINDOWS\SYSTEM32\dhcpcsvc.DLL
0x00007ffed7e90000 - 0x00007ffed7f5a000 	C:\WINDOWS\SYSTEM32\DNSAPI.dll

dbghelp: loaded successfully - version: 4.0.5 - missing functions: none
symbol engine: initialized successfully - sym options: 0x614 - pdb path: .;C:\Program Files\Android\Android Studio\jre\bin;C:\WINDOWS\SYSTEM32;C:\WINDOWS\WinSxS\amd64_microsoft.windows.common-controls_6595b64144ccf1df_6.0.19041.1110_none_60b5254171f9507e;C:\Program Files\Android\Android Studio\jre\bin\server;C:\Users\BIT\.gradle\native\e1d6ef7f7dcc3fd88c89a11ec53ec762bb8ba0a96d01ffa2cd45eb1d1d8dd5c5\windows-amd64;C:\Users\BIT\.gradle\native\5664cfc778a61ccfe75a443a1ab52a65af34e5dc3c78e0209fed803814484fcb\windows-amd64

VM Arguments:
jvm_args: --add-opens=java.base/java.util=ALL-UNNAMED --add-opens=java.base/java.lang=ALL-UNNAMED --add-opens=java.base/java.lang.invoke=ALL-UNNAMED --add-opens=java.base/java.util=ALL-UNNAMED --add-opens=java.prefs/java.util.prefs=ALL-UNNAMED --add-opens=java.prefs/java.util.prefs=ALL-UNNAMED --add-opens=java.base/java.nio.charset=ALL-UNNAMED --add-opens=java.base/java.net=ALL-UNNAMED --add-opens=java.base/java.util.concurrent.atomic=ALL-UNNAMED -Xmx2048m -Dfile.encoding=UTF-8 -Duser.country=KR -Duser.language=ko -Duser.variant 
java_command: org.gradle.launcher.daemon.bootstrap.GradleDaemon 7.2
java_class_path (initial): C:\Users\BIT\.gradle\wrapper\dists\gradle-7.2-bin\2dnblmf4td7x66yl1d74lt32g\gradle-7.2\lib\gradle-launcher-7.2.jar
Launcher Type: SUN_STANDARD

[Global flags]
     intx CICompilerCount                          = 3                                         {product} {ergonomic}
     uint ConcGCThreads                            = 1                                         {product} {ergonomic}
     uint G1ConcRefinementThreads                  = 4                                         {product} {ergonomic}
   size_t G1HeapRegionSize                         = 1048576                                   {product} {ergonomic}
    uintx GCDrainStackTargetSize                   = 64                                        {product} {ergonomic}
   size_t InitialHeapSize                          = 268435456                                 {product} {ergonomic}
   size_t MarkStackSize                            = 4194304                                   {product} {ergonomic}
   size_t MaxHeapSize                              = 2147483648                                {product} {command line}
   size_t MaxNewSize                               = 1287651328                                {product} {ergonomic}
   size_t MinHeapDeltaBytes                        = 1048576                                   {product} {ergonomic}
    uintx NonNMethodCodeHeapSize                   = 5830732                                {pd product} {ergonomic}
    uintx NonProfiledCodeHeapSize                  = 122913754                              {pd product} {ergonomic}
    uintx ProfiledCodeHeapSize                     = 122913754                              {pd product} {ergonomic}
    uintx ReservedCodeCacheSize                    = 251658240                              {pd product} {ergonomic}
     bool SegmentedCodeCache                       = true                                      {product} {ergonomic}
     bool UseCompressedClassPointers               = true                                 {lp64_product} {ergonomic}
     bool UseCompressedOops                        = true                                 {lp64_product} {ergonomic}
     bool UseG1GC                                  = true                                      {product} {ergonomic}
     bool UseLargePagesIndividualAllocation        = false                                  {pd product} {ergonomic}

Logging:
Log output configuration:
 #0: stdout all=warning uptime,level,tags
 #1: stderr all=off uptime,level,tags

Environment Variables:
JAVA_HOME=C:\Program Files\Java\jdk-11.0.13
PATH=C:\Program Files (x86)\Razer Chroma SDK\bin;C:\Program Files\Razer Chroma SDK\bin;C:\Program Files (x86)\Razer Chroma SDK\bin;C:\Program Files\apache-maven-3.8.5\bin;C:\Program Files\Razer Chroma SDK\bin;C:\Dev\apache-maven-3.8.4\bin;C:\Program Files\MongoDB\Server\4.0\bin;C:\Program Files (x86)\Razer\ChromaBroadcast\bin;C:\Program Files\Razer\ChromaBroadcast\bin;C:\Program Files\MySQL\MySQL Server 8.0\bin;C:\Program Files\Common Files\Oracle\Java\javapath;C:\WINDOWS\system32;C:\WINDOWS;C:\WINDOWS\System32\Wbem;C:\WINDOWS\System32\WindowsPowerShell\v1.0\;C:\WINDOWS\System32\OpenSSH\;C:\Program Files\Java\jdk-11.0.13\bin;C:\Program Files\Git\cmd;C:\WINDOWS\system32\config\systemprofile\AppData\Local\Microsoft\WindowsApps;C:\Program Files\nodejs\;C:\Program Files (x86)\NetSarang\Xshell 7\;C:\Users\BIT\AppData\Local\Microsoft\WindowsApps;C:\Users\BIT\AppData\Local\Programs\Microsoft VS Code\bin;C:\Users\BIT\AppData\Local\GitHubDesktop\bin;C:\Users\BIT\AppData\Roaming\npm
USERNAME=BIT
OS=Windows_NT
PROCESSOR_IDENTIFIER=Intel64 Family 6 Model 94 Stepping 3, GenuineIntel



---------------  S Y S T E M  ---------------

OS: Windows 10 , 64 bit Build 19041 (10.0.19041.1566)
OS uptime: 17 days 4:25 hours

CPU:total 4 (initial active 4) (4 cores per cpu, 1 threads per core) family 6 model 94 stepping 3 microcode 0xcc, cmov, cx8, fxsr, mmx, sse, sse2, sse3, ssse3, sse4.1, sse4.2, popcnt, avx, avx2, aes, clmul, erms, rtm, 3dnowpref, lzcnt, tsc, tscinvbit, bmi1, bmi2, adx, fma

Memory: 4k page, system-wide physical 16342M (2965M free)
TotalPageFile size 31466M (AvailPageFile size 112M)
current process WorkingSet (physical memory assigned to process): 590M, peak: 591M
current process commit charge ("private bytes"): 623M, peak: 770M

vm_info: OpenJDK 64-Bit Server VM (11.0.11+9-b60-7590822) for windows-amd64 JRE (11.0.11+9-b60-7590822), built on Jul 29 2021 21:43:44 by "builder" with MS VC++ 14.0 (VS2015)

END.
