#
# There is insufficient memory for the Java Runtime Environment to continue.
# Native memory allocation (mmap) failed to map 292552704 bytes for Failed to commit area from 0x0000000092400000 to 0x00000000a3b00000 of length 292552704.
# Possible reasons:
#   The system is out of physical RAM or swap space
#   The process is running with CompressedOops enabled, and the Java Heap may be blocking the growth of the native heap
# Possible solutions:
#   Reduce memory load on the system
#   Increase physical memory or swap space
#   Check if swap backing store is full
#   Decrease Java heap size (-Xmx/-Xms)
#   Decrease number of Java threads
#   Decrease Java thread stack sizes (-Xss)
#   Set larger code cache with -XX:ReservedCodeCacheSize=
#   JVM is running with Unscaled Compressed Oops mode in which the Java heap is
#     placed in the first 4GB address space. The Java Heap base address is the
#     maximum limit for the native heap growth. Please use -XX:HeapBaseMinAddress
#     to set the Java Heap base and to place the Java Heap above 4GB virtual address.
# This output file may be truncated or incomplete.
#
#  Out of Memory Error (./src/hotspot/os/windows/os_windows.cpp:3301), pid=22260, tid=36892
#
# JRE version: OpenJDK Runtime Environment (11.0.11+9) (build 11.0.11+9-b60-7590822)
# Java VM: OpenJDK 64-Bit Server VM (11.0.11+9-b60-7590822, mixed mode, tiered, compressed oops, g1 gc, windows-amd64)
# No core dump will be written. Minidumps are not enabled by default on client versions of Windows
#

---------------  S U M M A R Y ------------

Command Line: --add-opens=java.base/java.util=ALL-UNNAMED --add-opens=java.base/java.lang=ALL-UNNAMED --add-opens=java.base/java.lang.invoke=ALL-UNNAMED --add-opens=java.base/java.util=ALL-UNNAMED --add-opens=java.prefs/java.util.prefs=ALL-UNNAMED --add-opens=java.prefs/java.util.prefs=ALL-UNNAMED --add-opens=java.base/java.nio.charset=ALL-UNNAMED --add-opens=java.base/java.net=ALL-UNNAMED --add-opens=java.base/java.util.concurrent.atomic=ALL-UNNAMED -Xmx2048m -Dfile.encoding=UTF-8 -Duser.country=KR -Duser.language=ko -Duser.variant org.gradle.launcher.daemon.bootstrap.GradleDaemon 7.2

Host: Intel(R) Core(TM) i5-6500 CPU @ 3.20GHz, 4 cores, 15G,  Windows 10 , 64 bit Build 19041 (10.0.19041.1566)
Time: Sat Apr 23 19:33:07 2022 대한민국 표준시 elapsed time: 274.514951 seconds (0d 0h 4m 34s)

---------------  T H R E A D  ---------------

Current thread (0x0000025deea88800):  VMThread "VM Thread" [stack: 0x000000712b900000,0x000000712ba00000] [id=36892]

Stack: [0x000000712b900000,0x000000712ba00000]
[error occurred during error reporting (printing stack bounds), id 0xc0000005, EXCEPTION_ACCESS_VIOLATION (0xc0000005) at pc=0x0000025dd8960f2d]

Native frames: (J=compiled Java code, j=interpreted, Vv=VM code, C=native code)
V  [jvm.dll+0x5f214a]
V  [jvm.dll+0x726fb5]
V  [jvm.dll+0x7285cd]
V  [jvm.dll+0x728be5]
V  [jvm.dll+0x728b9b]
V  [jvm.dll+0x5f14e8]
V  [jvm.dll+0x5f1c78]
C  [ntdll.dll+0xa20cf]
C  [ntdll.dll+0x51454]
C  [ntdll.dll+0xa0bfe]
C  0x0000025dd8960f2d

VM_Operation (0x00000071309f7e90): G1CollectForAllocation, mode: safepoint, requested by thread 0x0000025df4570000


---------------  P R O C E S S  ---------------

Threads class SMR info:
_java_thread_list=0x0000025defa84590, length=93, elements={
0x0000025dd4e5d000, 0x0000025deea8b800, 0x0000025deea8c800, 0x0000025def323800,
0x0000025def324000, 0x0000025def327000, 0x0000025def333000, 0x0000025def33d000,
0x0000025def348800, 0x0000025def4a8800, 0x0000025defe1a800, 0x0000025def5b5000,
0x0000025df1549000, 0x0000025df1850000, 0x0000025df1850800, 0x0000025df184f000,
0x0000025df1853000, 0x0000025df1852000, 0x0000025df2580800, 0x0000025df257f000,
0x0000025df257f800, 0x0000025df2582000, 0x0000025df2584000, 0x0000025df4ca9000,
0x0000025df4ca9800, 0x0000025df6ae5000, 0x0000025df6ae5800, 0x0000025df6ae8000,
0x0000025df6ae2800, 0x0000025df456f000, 0x0000025df4565800, 0x0000025df456b000,
0x0000025df2588000, 0x0000025df2584800, 0x0000025df2588800, 0x0000025df257c800,
0x0000025df2583000, 0x0000025df257d800, 0x0000025df2586800, 0x0000025df258a800,
0x0000025df258b000, 0x0000025df2587000, 0x0000025df2585800, 0x0000025def98c800,
0x0000025def98b000, 0x0000025def987000, 0x0000025def98d800, 0x0000025def988800,
0x0000025def988000, 0x0000025def98e800, 0x0000025def98a800, 0x0000025def98f000,
0x0000025def989800, 0x0000025def992800, 0x0000025def993800, 0x0000025def991800,
0x0000025def994000, 0x0000025def995000, 0x0000025def995800, 0x0000025def990000,
0x0000025def991000, 0x0000025df4ca2000, 0x0000025df4ca3000, 0x0000025df4ca1800,
0x0000025df4ca4000, 0x0000025df4ca5800, 0x0000025df4ca4800, 0x0000025df4ca0000,
0x0000025df4ca6800, 0x0000025df4ca0800, 0x0000025df4cac000, 0x0000025df4caa800,
0x0000025df4cad000, 0x0000025df4cab000, 0x0000025df4ca7000, 0x0000025df4ca8000,
0x0000025df4cae800, 0x0000025df456c000, 0x0000025df4567000, 0x0000025df4569800,
0x0000025df456a000, 0x0000025df4566000, 0x0000025df456c800, 0x0000025df456d800,
0x0000025df4567800, 0x0000025df456e800, 0x0000025df4568800, 0x0000025df4570000,
0x0000025df4571800, 0x0000025df4572800, 0x0000025df4570800, 0x0000025df83c2000,
0x0000025df4573000
}

Java Threads: ( => current thread )
  0x0000025dd4e5d000 JavaThread "main" [_thread_blocked, id=39248, stack(0x000000712b300000,0x000000712b400000)]
  0x0000025deea8b800 JavaThread "Reference Handler" daemon [_thread_blocked, id=30608, stack(0x000000712ba00000,0x000000712bb00000)]
  0x0000025deea8c800 JavaThread "Finalizer" daemon [_thread_blocked, id=41228, stack(0x000000712bb00000,0x000000712bc00000)]
  0x0000025def323800 JavaThread "Signal Dispatcher" daemon [_thread_blocked, id=41564, stack(0x000000712bc00000,0x000000712bd00000)]
  0x0000025def324000 JavaThread "Attach Listener" daemon [_thread_blocked, id=5448, stack(0x000000712bd00000,0x000000712be00000)]
  0x0000025def327000 JavaThread "Service Thread" daemon [_thread_blocked, id=20392, stack(0x000000712be00000,0x000000712bf00000)]
  0x0000025def333000 JavaThread "C2 CompilerThread0" daemon [_thread_in_native, id=7608, stack(0x000000712bf00000,0x000000712c000000)]
  0x0000025def33d000 JavaThread "C1 CompilerThread0" daemon [_thread_blocked, id=25300, stack(0x000000712c000000,0x000000712c100000)]
  0x0000025def348800 JavaThread "Sweeper thread" daemon [_thread_blocked, id=14520, stack(0x000000712c100000,0x000000712c200000)]
  0x0000025def4a8800 JavaThread "Common-Cleaner" daemon [_thread_blocked, id=8716, stack(0x000000712c200000,0x000000712c300000)]
  0x0000025defe1a800 JavaThread "Daemon health stats" [_thread_blocked, id=39748, stack(0x000000712c800000,0x000000712c900000)]
  0x0000025def5b5000 JavaThread "Incoming local TCP Connector on port 49985" [_thread_in_native, id=4976, stack(0x000000712c400000,0x000000712c500000)]
  0x0000025df1549000 JavaThread "Daemon periodic checks" [_thread_blocked, id=43540, stack(0x000000712c900000,0x000000712ca00000)]
  0x0000025df1850000 JavaThread "Cache worker for journal cache (C:\Users\BIT\.gradle\caches\journal-1)" [_thread_blocked, id=21168, stack(0x000000712d100000,0x000000712d200000)]
  0x0000025df1850800 JavaThread "File lock request listener" [_thread_in_native, id=3308, stack(0x000000712d200000,0x000000712d300000)]
  0x0000025df184f000 JavaThread "Cache worker for file hash cache (C:\Users\BIT\.gradle\caches\7.2\fileHashes)" [_thread_blocked, id=12520, stack(0x000000712d300000,0x000000712d400000)]
  0x0000025df1853000 JavaThread "File watcher server" daemon [_thread_blocked, id=41464, stack(0x000000712d600000,0x000000712d700000)]
  0x0000025df1852000 JavaThread "File watcher consumer" daemon [_thread_blocked, id=28284, stack(0x000000712d700000,0x000000712d800000)]
  0x0000025df2580800 JavaThread "Cache worker for execution history cache (C:\Users\BIT\.gradle\caches\7.2\executionHistory)" [_thread_blocked, id=1160, stack(0x000000712db00000,0x000000712dc00000)]
  0x0000025df257f000 JavaThread "jar transforms" [_thread_blocked, id=40080, stack(0x000000712dc00000,0x000000712dd00000)]
  0x0000025df257f800 JavaThread "Cache worker for file content cache (C:\Users\BIT\.gradle\caches\7.2\fileContent)" [_thread_blocked, id=42136, stack(0x000000712dd00000,0x000000712de00000)]
  0x0000025df2582000 JavaThread "jar transforms Thread 2" [_thread_blocked, id=43200, stack(0x000000712de00000,0x000000712df00000)]
  0x0000025df2584000 JavaThread "jar transforms Thread 3" [_thread_blocked, id=16752, stack(0x000000712e000000,0x000000712e100000)]
  0x0000025df4ca9000 JavaThread "jar transforms Thread 4" [_thread_blocked, id=29440, stack(0x0000007130a00000,0x0000007130b00000)]
  0x0000025df4ca9800 JavaThread "Memory manager" [_thread_blocked, id=23392, stack(0x0000007130b00000,0x0000007130c00000)]
  0x0000025df6ae5000 JavaThread "RMI Scheduler(0)" daemon [_thread_blocked, id=14824, stack(0x000000712d900000,0x000000712da00000)]
  0x0000025df6ae5800 JavaThread "RMI GC Daemon" daemon [_thread_blocked, id=25640, stack(0x0000007131500000,0x0000007131600000)]
  0x0000025df6ae8000 JavaThread "RMI TCP Accept-0" daemon [_thread_in_native, id=40084, stack(0x0000007131600000,0x0000007131700000)]
  0x0000025df6ae2800 JavaThread "RMI Reaper" [_thread_blocked, id=33692, stack(0x0000007131700000,0x0000007131800000)]
  0x0000025df456f000 JavaThread "RMI TCP Connection(8)-127.0.0.1" daemon [_thread_in_native, id=34796, stack(0x0000007131000000,0x0000007131100000)]
  0x0000025df4565800 JavaThread "Daemon Thread 3" [_thread_blocked, id=43296, stack(0x000000712b000000,0x000000712b100000)]
  0x0000025df456b000 JavaThread "Daemon worker Thread 3" [_thread_blocked, id=22872, stack(0x000000712ca00000,0x000000712cb00000)]
  0x0000025df2588000 JavaThread "RMI TCP Connection(9)-127.0.0.1" daemon [_thread_in_native, id=3688, stack(0x0000007131200000,0x0000007131300000)]
  0x0000025df2584800 JavaThread "RMI TCP Connection(idle)" daemon [_thread_blocked, id=2080, stack(0x0000007131300000,0x0000007131400000)]
  0x0000025df2588800 JavaThread "RMI TCP Connection(idle)" daemon [_thread_blocked, id=20296, stack(0x0000007131400000,0x0000007131500000)]
  0x0000025df257c800 JavaThread "Handler for socket connection from /127.0.0.1:49985 to /127.0.0.1:50111" [_thread_in_native, id=25800, stack(0x000000712b100000,0x000000712b200000)]
  0x0000025df2583000 JavaThread "Cancel handler" [_thread_blocked, id=40824, stack(0x000000712b200000,0x000000712b300000)]
  0x0000025df257d800 JavaThread "Asynchronous log dispatcher for DefaultDaemonConnection: socket connection from /127.0.0.1:49985 to /127.0.0.1:50111" [_thread_blocked, id=44180, stack(0x000000712cb00000,0x000000712cc00000)]
  0x0000025df2586800 JavaThread "Stdin handler" [_thread_blocked, id=44780, stack(0x000000712cc00000,0x000000712cd00000)]
  0x0000025df258a800 JavaThread "Daemon client event forwarder" [_thread_blocked, id=13732, stack(0x000000712cd00000,0x000000712ce00000)]
  0x0000025df258b000 JavaThread "Cache worker for file hash cache (C:\Users\BIT\AndroidStudioProjects\MesSystem\.gradle\7.2\fileHashes)" [_thread_blocked, id=43956, stack(0x000000712ce00000,0x000000712cf00000)]
  0x0000025df2587000 JavaThread "Cache worker for checksums cache (C:\Users\BIT\AndroidStudioProjects\MesSystem\.gradle\checksums)" [_thread_blocked, id=14332, stack(0x000000712cf00000,0x000000712d000000)]
  0x0000025df2585800 JavaThread "Cache worker for cache directory md-supplier (C:\Users\BIT\.gradle\caches\7.2\md-supplier)" [_thread_blocked, id=28092, stack(0x000000712d000000,0x000000712d100000)]
  0x0000025def98c800 JavaThread "Cache worker for cache directory md-rule (C:\Users\BIT\.gradle\caches\7.2\md-rule)" [_thread_blocked, id=15712, stack(0x000000712d400000,0x000000712d500000)]
  0x0000025def98b000 JavaThread "Cache worker for dependencies-accessors (C:\Users\BIT\AndroidStudioProjects\MesSystem\.gradle\7.2\dependencies-accessors)" [_thread_blocked, id=18732, stack(0x000000712d500000,0x000000712d600000)]
  0x0000025def987000 JavaThread "Cache worker for Build Output Cleanup Cache (C:\Users\BIT\AndroidStudioProjects\MesSystem\.gradle\buildOutputCleanup)" [_thread_blocked, id=18876, stack(0x000000712d800000,0x000000712d900000)]
  0x0000025def98d800 JavaThread "Unconstrained build operations" [_thread_blocked, id=5896, stack(0x000000712df00000,0x000000712e000000)]
  0x0000025def988800 JavaThread "Unconstrained build operations Thread 2" [_thread_blocked, id=18756, stack(0x000000712e100000,0x000000712e200000)]
  0x0000025def988000 JavaThread "Unconstrained build operations Thread 3" [_thread_blocked, id=22932, stack(0x000000712e200000,0x000000712e300000)]
  0x0000025def98e800 JavaThread "Unconstrained build operations Thread 4" [_thread_blocked, id=13256, stack(0x000000712e300000,0x000000712e400000)]
  0x0000025def98a800 JavaThread "Unconstrained build operations Thread 5" [_thread_blocked, id=32396, stack(0x000000712e400000,0x000000712e500000)]
  0x0000025def98f000 JavaThread "Unconstrained build operations Thread 6" [_thread_blocked, id=13072, stack(0x000000712e500000,0x000000712e600000)]
  0x0000025def989800 JavaThread "Unconstrained build operations Thread 7" [_thread_blocked, id=38220, stack(0x000000712e600000,0x000000712e700000)]
  0x0000025def992800 JavaThread "Unconstrained build operations Thread 8" [_thread_blocked, id=43744, stack(0x000000712e700000,0x000000712e800000)]
  0x0000025def993800 JavaThread "Unconstrained build operations Thread 9" [_thread_blocked, id=7948, stack(0x000000712e800000,0x000000712e900000)]
  0x0000025def991800 JavaThread "Unconstrained build operations Thread 10" [_thread_blocked, id=35844, stack(0x000000712e900000,0x000000712ea00000)]
  0x0000025def994000 JavaThread "Unconstrained build operations Thread 11" [_thread_blocked, id=40572, stack(0x000000712ea00000,0x000000712eb00000)]
  0x0000025def995000 JavaThread "Unconstrained build operations Thread 12" [_thread_blocked, id=44944, stack(0x000000712eb00000,0x000000712ec00000)]
  0x0000025def995800 JavaThread "Unconstrained build operations Thread 13" [_thread_blocked, id=16864, stack(0x000000712ec00000,0x000000712ed00000)]
  0x0000025def990000 JavaThread "Unconstrained build operations Thread 14" [_thread_blocked, id=8700, stack(0x000000712ed00000,0x000000712ee00000)]
  0x0000025def991000 JavaThread "Unconstrained build operations Thread 15" [_thread_blocked, id=228, stack(0x000000712ee00000,0x000000712ef00000)]
  0x0000025df4ca2000 JavaThread "Unconstrained build operations Thread 16" [_thread_blocked, id=33120, stack(0x000000712ef00000,0x000000712f000000)]
  0x0000025df4ca3000 JavaThread "Unconstrained build operations Thread 17" [_thread_blocked, id=36384, stack(0x000000712f000000,0x000000712f100000)]
  0x0000025df4ca1800 JavaThread "Unconstrained build operations Thread 18" [_thread_blocked, id=39900, stack(0x000000712f100000,0x000000712f200000)]
  0x0000025df4ca4000 JavaThread "Unconstrained build operations Thread 19" [_thread_blocked, id=23412, stack(0x000000712f200000,0x000000712f300000)]
  0x0000025df4ca5800 JavaThread "Unconstrained build operations Thread 20" [_thread_blocked, id=44676, stack(0x000000712f300000,0x000000712f400000)]
  0x0000025df4ca4800 JavaThread "Unconstrained build operations Thread 21" [_thread_blocked, id=528, stack(0x000000712f400000,0x000000712f500000)]
  0x0000025df4ca0000 JavaThread "Unconstrained build operations Thread 22" [_thread_blocked, id=5696, stack(0x000000712f500000,0x000000712f600000)]
  0x0000025df4ca6800 JavaThread "Unconstrained build operations Thread 23" [_thread_blocked, id=11676, stack(0x000000712f600000,0x000000712f700000)]
  0x0000025df4ca0800 JavaThread "Unconstrained build operations Thread 24" [_thread_blocked, id=22100, stack(0x000000712f700000,0x000000712f800000)]
  0x0000025df4cac000 JavaThread "Unconstrained build operations Thread 25" [_thread_blocked, id=14876, stack(0x000000712f800000,0x000000712f900000)]
  0x0000025df4caa800 JavaThread "Unconstrained build operations Thread 26" [_thread_blocked, id=12040, stack(0x000000712f900000,0x000000712fa00000)]
  0x0000025df4cad000 JavaThread "Unconstrained build operations Thread 27" [_thread_blocked, id=32548, stack(0x000000712fa00000,0x000000712fb00000)]
  0x0000025df4cab000 JavaThread "Unconstrained build operations Thread 28" [_thread_blocked, id=20792, stack(0x000000712fb00000,0x000000712fc00000)]
  0x0000025df4ca7000 JavaThread "Unconstrained build operations Thread 29" [_thread_blocked, id=38204, stack(0x000000712fc00000,0x000000712fd00000)]
  0x0000025df4ca8000 JavaThread "Unconstrained build operations Thread 30" [_thread_blocked, id=40156, stack(0x000000712fd00000,0x000000712fe00000)]
  0x0000025df4cae800 JavaThread "Unconstrained build operations Thread 31" [_thread_blocked, id=26396, stack(0x000000712fe00000,0x000000712ff00000)]
  0x0000025df456c000 JavaThread "Unconstrained build operations Thread 32" [_thread_blocked, id=8252, stack(0x000000712ff00000,0x0000007130000000)]
  0x0000025df4567000 JavaThread "Unconstrained build operations Thread 33" [_thread_blocked, id=7796, stack(0x0000007130000000,0x0000007130100000)]
  0x0000025df4569800 JavaThread "Unconstrained build operations Thread 34" [_thread_blocked, id=41832, stack(0x0000007130100000,0x0000007130200000)]
  0x0000025df456a000 JavaThread "Unconstrained build operations Thread 35" [_thread_blocked, id=17096, stack(0x0000007130200000,0x0000007130300000)]
  0x0000025df4566000 JavaThread "Unconstrained build operations Thread 36" [_thread_blocked, id=44132, stack(0x0000007130300000,0x0000007130400000)]
  0x0000025df456c800 JavaThread "Unconstrained build operations Thread 37" [_thread_blocked, id=23048, stack(0x0000007130400000,0x0000007130500000)]
  0x0000025df456d800 JavaThread "Unconstrained build operations Thread 38" [_thread_blocked, id=44216, stack(0x0000007130500000,0x0000007130600000)]
  0x0000025df4567800 JavaThread "Unconstrained build operations Thread 39" [_thread_blocked, id=41560, stack(0x0000007130600000,0x0000007130700000)]
  0x0000025df456e800 JavaThread "Unconstrained build operations Thread 40" [_thread_blocked, id=41232, stack(0x0000007130700000,0x0000007130800000)]
  0x0000025df4568800 JavaThread "build event listener" [_thread_blocked, id=42792, stack(0x0000007130800000,0x0000007130900000)]
  0x0000025df4570000 JavaThread "Execution worker for ':'" [_thread_blocked, id=20444, stack(0x0000007130900000,0x0000007130a00000)]
  0x0000025df4571800 JavaThread "Execution worker for ':' Thread 2" [_thread_blocked, id=32292, stack(0x0000007130c00000,0x0000007130d00000)]
  0x0000025df4572800 JavaThread "Execution worker for ':' Thread 3" [_thread_blocked, id=11440, stack(0x0000007130d00000,0x0000007130e00000)]
  0x0000025df4570800 JavaThread "Cache worker for execution history cache (C:\Users\BIT\AndroidStudioProjects\MesSystem\.gradle\7.2\executionHistory)" [_thread_blocked, id=24140, stack(0x0000007130e00000,0x0000007130f00000)]
  0x0000025df83c2000 JavaThread "C2 CompilerThread1" daemon [_thread_blocked, id=12544, stack(0x000000712da00000,0x000000712db00000)]
  0x0000025df4573000 JavaThread "Cache worker for Java compile cache (C:\Users\BIT\.gradle\caches\7.2\javaCompile)" [_thread_blocked, id=23248, stack(0x0000007131800000,0x0000007131900000)]

Other Threads:
=>0x0000025deea88800 VMThread "VM Thread" [stack: 0x000000712b900000,0x000000712ba00000] [id=36892]
  0x0000025def4a9800 WatcherThread [stack: 0x000000712c300000,0x000000712c400000] [id=31932]
  0x0000025dd4e76800 GCTaskThread "GC Thread#0" [stack: 0x000000712b400000,0x000000712b500000] [id=14188]
  0x0000025defab5800 GCTaskThread "GC Thread#1" [stack: 0x000000712c500000,0x000000712c600000] [id=22068]
  0x0000025deff77000 GCTaskThread "GC Thread#2" [stack: 0x000000712c600000,0x000000712c700000] [id=16260]
  0x0000025deff78000 GCTaskThread "GC Thread#3" [stack: 0x000000712c700000,0x000000712c800000] [id=37136]
  0x0000025dd4ea6000 ConcurrentGCThread "G1 Main Marker" [stack: 0x000000712b500000,0x000000712b600000] [id=33728]
  0x0000025dd4ea8800 ConcurrentGCThread "G1 Conc#0" [stack: 0x000000712b600000,0x000000712b700000] [id=34320]
  0x0000025dd4f3e000 ConcurrentGCThread "G1 Refine#0" [stack: 0x000000712b700000,0x000000712b800000] [id=27652]
  0x0000025df85b9000 ConcurrentGCThread "G1 Refine#1" [stack: 0x0000007131100000,0x0000007131200000] [id=44580]
  0x0000025deff00000 ConcurrentGCThread "G1 Refine#2" [stack: 0x0000007130f00000,0x0000007131000000] [id=33448]
  0x0000025dee8f6800 ConcurrentGCThread "G1 Young RemSet Sampling" [stack: 0x000000712b800000,0x000000712b900000] [id=36768]

Threads with active compile tasks:
C2 CompilerThread0 274547 19648       4       lombok.javac.JavacAST::buildStatementOrExpression (104 bytes)
C2 CompilerThread1 274548 19652       4       lombok.javac.JavacNode::traverse (774 bytes)

VM state:at safepoint (normal execution)

VM Mutex/Monitor currently owned by a thread:  ([mutex/lock_event])
[0x0000025dd4e599f0] Threads_lock - owner thread: 0x0000025deea88800
[0x0000025dd4e58a30] Heap_lock - owner thread: 0x0000025df4570000

Heap address: 0x0000000080000000, size: 2048 MB, Compressed Oops mode: 32-bit
Narrow klass base: 0x0000000000000000, Narrow klass shift: 3
Compressed class space size: 1073741824 Address: 0x0000000100000000

Heap:
 garbage-first heap   total 584704K, used 284160K [0x0000000080000000, 0x0000000100000000)
  region size 1024K, 2 young (2048K), 2 survivors (2048K)
 Metaspace       used 126869K, capacity 130098K, committed 130268K, reserved 1163264K
  class space    used 15777K, capacity 16905K, committed 17024K, reserved 1048576K
Heap Regions: E=young(eden), S=young(survivor), O=old, HS=humongous(starts), HC=humongous(continues), CS=collection set, F=free, A=archive, TAMS=top-at-mark-start (previous, next)
|   0|0x0000000080000000, 0x0000000080100000, 0x0000000080100000|100%| O|  |TAMS 0x0000000080100000, 0x0000000080100000| Untracked 
|   1|0x0000000080100000, 0x0000000080200000, 0x0000000080200000|100%| O|  |TAMS 0x0000000080200000, 0x0000000080200000| Untracked 
|   2|0x0000000080200000, 0x0000000080300000, 0x0000000080300000|100%| O|  |TAMS 0x0000000080300000, 0x0000000080300000| Untracked 
|   3|0x0000000080300000, 0x0000000080400000, 0x0000000080400000|100%|HS|  |TAMS 0x0000000080400000, 0x0000000080400000| Complete 
|   4|0x0000000080400000, 0x0000000080500000, 0x0000000080500000|100%|HC|  |TAMS 0x0000000080500000, 0x0000000080500000| Complete 
|   5|0x0000000080500000, 0x0000000080600000, 0x0000000080600000|100%|HC|  |TAMS 0x0000000080600000, 0x0000000080600000| Complete 
|   6|0x0000000080600000, 0x0000000080700000, 0x0000000080700000|100%| O|  |TAMS 0x0000000080700000, 0x0000000080700000| Untracked 
|   7|0x0000000080700000, 0x0000000080800000, 0x0000000080800000|100%| O|  |TAMS 0x0000000080800000, 0x0000000080800000| Untracked 
|   8|0x0000000080800000, 0x0000000080900000, 0x0000000080900000|100%| O|  |TAMS 0x0000000080900000, 0x0000000080900000| Untracked 
|   9|0x0000000080900000, 0x0000000080a00000, 0x0000000080a00000|100%| O|  |TAMS 0x0000000080a00000, 0x0000000080a00000| Untracked 
|  10|0x0000000080a00000, 0x0000000080b00000, 0x0000000080b00000|100%| O|  |TAMS 0x0000000080b00000, 0x0000000080b00000| Untracked 
|  11|0x0000000080b00000, 0x0000000080c00000, 0x0000000080c00000|100%| O|  |TAMS 0x0000000080c00000, 0x0000000080c00000| Untracked 
|  12|0x0000000080c00000, 0x0000000080d00000, 0x0000000080d00000|100%| O|  |TAMS 0x0000000080d00000, 0x0000000080d00000| Untracked 
|  13|0x0000000080d00000, 0x0000000080e00000, 0x0000000080e00000|100%| O|  |TAMS 0x0000000080e00000, 0x0000000080e00000| Untracked 
|  14|0x0000000080e00000, 0x0000000080f00000, 0x0000000080f00000|100%| O|  |TAMS 0x0000000080f00000, 0x0000000080f00000| Untracked 
|  15|0x0000000080f00000, 0x0000000081000000, 0x0000000081000000|100%| O|  |TAMS 0x0000000081000000, 0x0000000081000000| Untracked 
|  16|0x0000000081000000, 0x0000000081100000, 0x0000000081100000|100%|HS|  |TAMS 0x0000000081100000, 0x0000000081100000| Complete 
|  17|0x0000000081100000, 0x0000000081200000, 0x0000000081200000|100%|HS|  |TAMS 0x0000000081200000, 0x0000000081200000| Complete 
|  18|0x0000000081200000, 0x0000000081300000, 0x0000000081300000|100%|HS|  |TAMS 0x0000000081300000, 0x0000000081300000| Complete 
|  19|0x0000000081300000, 0x0000000081400000, 0x0000000081400000|100%|HS|  |TAMS 0x0000000081400000, 0x0000000081400000| Complete 
|  20|0x0000000081400000, 0x0000000081500000, 0x0000000081500000|100%|HS|  |TAMS 0x0000000081500000, 0x0000000081500000| Complete 
|  21|0x0000000081500000, 0x0000000081600000, 0x0000000081600000|100%|HC|  |TAMS 0x0000000081600000, 0x0000000081600000| Complete 
|  22|0x0000000081600000, 0x0000000081700000, 0x0000000081700000|100%|HC|  |TAMS 0x0000000081700000, 0x0000000081700000| Complete 
|  23|0x0000000081700000, 0x0000000081800000, 0x0000000081800000|100%|HS|  |TAMS 0x0000000081800000, 0x0000000081800000| Complete 
|  24|0x0000000081800000, 0x0000000081900000, 0x0000000081900000|100%|HC|  |TAMS 0x0000000081900000, 0x0000000081900000| Complete 
|  25|0x0000000081900000, 0x0000000081a00000, 0x0000000081a00000|100%| O|  |TAMS 0x0000000081a00000, 0x0000000081a00000| Untracked 
|  26|0x0000000081a00000, 0x0000000081b00000, 0x0000000081b00000|100%| O|  |TAMS 0x0000000081b00000, 0x0000000081b00000| Untracked 
|  27|0x0000000081b00000, 0x0000000081c00000, 0x0000000081c00000|100%| O|  |TAMS 0x0000000081c00000, 0x0000000081c00000| Untracked 
|  28|0x0000000081c00000, 0x0000000081d00000, 0x0000000081d00000|100%| O|  |TAMS 0x0000000081d00000, 0x0000000081d00000| Untracked 
|  29|0x0000000081d00000, 0x0000000081e00000, 0x0000000081e00000|100%| O|  |TAMS 0x0000000081e00000, 0x0000000081e00000| Untracked 
|  30|0x0000000081e00000, 0x0000000081f00000, 0x0000000081f00000|100%| O|  |TAMS 0x0000000081f00000, 0x0000000081f00000| Untracked 
|  31|0x0000000081f00000, 0x0000000082000000, 0x0000000082000000|100%| O|  |TAMS 0x0000000082000000, 0x0000000082000000| Untracked 
|  32|0x0000000082000000, 0x0000000082100000, 0x0000000082100000|100%| O|  |TAMS 0x0000000082100000, 0x0000000082100000| Untracked 
|  33|0x0000000082100000, 0x0000000082200000, 0x0000000082200000|100%| O|  |TAMS 0x0000000082200000, 0x0000000082200000| Untracked 
|  34|0x0000000082200000, 0x0000000082300000, 0x0000000082300000|100%| O|  |TAMS 0x0000000082300000, 0x0000000082300000| Untracked 
|  35|0x0000000082300000, 0x0000000082400000, 0x0000000082400000|100%| O|  |TAMS 0x0000000082400000, 0x0000000082400000| Untracked 
|  36|0x0000000082400000, 0x0000000082500000, 0x0000000082500000|100%| O|  |TAMS 0x0000000082500000, 0x0000000082500000| Untracked 
|  37|0x0000000082500000, 0x0000000082600000, 0x0000000082600000|100%| O|  |TAMS 0x0000000082600000, 0x0000000082600000| Untracked 
|  38|0x0000000082600000, 0x0000000082700000, 0x0000000082700000|100%| O|  |TAMS 0x0000000082700000, 0x0000000082700000| Untracked 
|  39|0x0000000082700000, 0x0000000082800000, 0x0000000082800000|100%| O|  |TAMS 0x0000000082800000, 0x0000000082800000| Untracked 
|  40|0x0000000082800000, 0x0000000082900000, 0x0000000082900000|100%| O|  |TAMS 0x0000000082900000, 0x0000000082900000| Untracked 
|  41|0x0000000082900000, 0x0000000082a00000, 0x0000000082a00000|100%| O|  |TAMS 0x0000000082a00000, 0x0000000082a00000| Untracked 
|  42|0x0000000082a00000, 0x0000000082b00000, 0x0000000082b00000|100%| O|  |TAMS 0x0000000082b00000, 0x0000000082b00000| Untracked 
|  43|0x0000000082b00000, 0x0000000082c00000, 0x0000000082c00000|100%| O|  |TAMS 0x0000000082c00000, 0x0000000082c00000| Untracked 
|  44|0x0000000082c00000, 0x0000000082d00000, 0x0000000082d00000|100%| O|  |TAMS 0x0000000082d00000, 0x0000000082d00000| Untracked 
|  45|0x0000000082d00000, 0x0000000082e00000, 0x0000000082e00000|100%| O|  |TAMS 0x0000000082e00000, 0x0000000082e00000| Untracked 
|  46|0x0000000082e00000, 0x0000000082f00000, 0x0000000082f00000|100%| O|  |TAMS 0x0000000082f00000, 0x0000000082f00000| Untracked 
|  47|0x0000000082f00000, 0x0000000083000000, 0x0000000083000000|100%| O|  |TAMS 0x0000000083000000, 0x0000000083000000| Untracked 
|  48|0x0000000083000000, 0x0000000083100000, 0x0000000083100000|100%| O|  |TAMS 0x0000000083100000, 0x0000000083100000| Untracked 
|  49|0x0000000083100000, 0x0000000083200000, 0x0000000083200000|100%| O|  |TAMS 0x0000000083200000, 0x0000000083200000| Untracked 
|  50|0x0000000083200000, 0x0000000083300000, 0x0000000083300000|100%| O|  |TAMS 0x0000000083300000, 0x0000000083300000| Untracked 
|  51|0x0000000083300000, 0x0000000083400000, 0x0000000083400000|100%| O|  |TAMS 0x0000000083400000, 0x0000000083400000| Untracked 
|  52|0x0000000083400000, 0x0000000083500000, 0x0000000083500000|100%| O|  |TAMS 0x0000000083500000, 0x0000000083500000| Untracked 
|  53|0x0000000083500000, 0x0000000083600000, 0x0000000083600000|100%| O|  |TAMS 0x0000000083600000, 0x0000000083600000| Untracked 
|  54|0x0000000083600000, 0x0000000083700000, 0x0000000083700000|100%| O|  |TAMS 0x0000000083700000, 0x0000000083700000| Untracked 
|  55|0x0000000083700000, 0x0000000083800000, 0x0000000083800000|100%| O|  |TAMS 0x0000000083800000, 0x0000000083800000| Untracked 
|  56|0x0000000083800000, 0x0000000083900000, 0x0000000083900000|100%| O|  |TAMS 0x0000000083900000, 0x0000000083900000| Untracked 
|  57|0x0000000083900000, 0x0000000083a00000, 0x0000000083a00000|100%| O|  |TAMS 0x0000000083a00000, 0x0000000083a00000| Untracked 
|  58|0x0000000083a00000, 0x0000000083b00000, 0x0000000083b00000|100%| O|  |TAMS 0x0000000083b00000, 0x0000000083b00000| Untracked 
|  59|0x0000000083b00000, 0x0000000083c00000, 0x0000000083c00000|100%| O|  |TAMS 0x0000000083c00000, 0x0000000083c00000| Untracked 
|  60|0x0000000083c00000, 0x0000000083d00000, 0x0000000083d00000|100%| O|  |TAMS 0x0000000083d00000, 0x0000000083d00000| Untracked 
|  61|0x0000000083d00000, 0x0000000083e00000, 0x0000000083e00000|100%| O|  |TAMS 0x0000000083d00000, 0x0000000083e00000| Untracked 
|  62|0x0000000083e00000, 0x0000000083f00000, 0x0000000083f00000|100%| O|  |TAMS 0x0000000083f00000, 0x0000000083f00000| Untracked 
|  63|0x0000000083f00000, 0x0000000084000000, 0x0000000084000000|100%| O|  |TAMS 0x0000000084000000, 0x0000000084000000| Untracked 
|  64|0x0000000084000000, 0x0000000084100000, 0x0000000084100000|100%| O|  |TAMS 0x0000000084100000, 0x0000000084100000| Untracked 
|  65|0x0000000084100000, 0x0000000084200000, 0x0000000084200000|100%| O|  |TAMS 0x0000000084200000, 0x0000000084200000| Untracked 
|  66|0x0000000084200000, 0x0000000084300000, 0x0000000084300000|100%| O|  |TAMS 0x0000000084300000, 0x0000000084300000| Untracked 
|  67|0x0000000084300000, 0x0000000084400000, 0x0000000084400000|100%| O|  |TAMS 0x0000000084400000, 0x0000000084400000| Untracked 
|  68|0x0000000084400000, 0x0000000084500000, 0x0000000084500000|100%| O|  |TAMS 0x0000000084500000, 0x0000000084500000| Untracked 
|  69|0x0000000084500000, 0x0000000084600000, 0x0000000084600000|100%| O|  |TAMS 0x0000000084600000, 0x0000000084600000| Untracked 
|  70|0x0000000084600000, 0x0000000084700000, 0x0000000084700000|100%| O|  |TAMS 0x0000000084700000, 0x0000000084700000| Untracked 
|  71|0x0000000084700000, 0x0000000084800000, 0x0000000084800000|100%| O|  |TAMS 0x0000000084800000, 0x0000000084800000| Untracked 
|  72|0x0000000084800000, 0x0000000084900000, 0x0000000084900000|100%| O|  |TAMS 0x0000000084900000, 0x0000000084900000| Untracked 
|  73|0x0000000084900000, 0x0000000084a00000, 0x0000000084a00000|100%| O|  |TAMS 0x0000000084a00000, 0x0000000084a00000| Untracked 
|  74|0x0000000084a00000, 0x0000000084b00000, 0x0000000084b00000|100%| O|  |TAMS 0x0000000084b00000, 0x0000000084b00000| Untracked 
|  75|0x0000000084b00000, 0x0000000084c00000, 0x0000000084c00000|100%| O|  |TAMS 0x0000000084c00000, 0x0000000084c00000| Untracked 
|  76|0x0000000084c00000, 0x0000000084d00000, 0x0000000084d00000|100%| O|  |TAMS 0x0000000084d00000, 0x0000000084d00000| Untracked 
|  77|0x0000000084d00000, 0x0000000084e00000, 0x0000000084e00000|100%| O|  |TAMS 0x0000000084e00000, 0x0000000084e00000| Untracked 
|  78|0x0000000084e00000, 0x0000000084f00000, 0x0000000084f00000|100%| O|  |TAMS 0x0000000084f00000, 0x0000000084f00000| Untracked 
|  79|0x0000000084f00000, 0x0000000085000000, 0x0000000085000000|100%| O|  |TAMS 0x0000000085000000, 0x0000000085000000| Untracked 
|  80|0x0000000085000000, 0x0000000085100000, 0x0000000085100000|100%| O|  |TAMS 0x0000000085100000, 0x0000000085100000| Untracked 
|  81|0x0000000085100000, 0x0000000085200000, 0x0000000085200000|100%| O|  |TAMS 0x0000000085200000, 0x0000000085200000| Untracked 
|  82|0x0000000085200000, 0x0000000085300000, 0x0000000085300000|100%| O|  |TAMS 0x0000000085300000, 0x0000000085300000| Untracked 
|  83|0x0000000085300000, 0x0000000085400000, 0x0000000085400000|100%| O|  |TAMS 0x0000000085400000, 0x0000000085400000| Untracked 
|  84|0x0000000085400000, 0x0000000085500000, 0x0000000085500000|100%| O|  |TAMS 0x0000000085400000, 0x0000000085500000| Untracked 
|  85|0x0000000085500000, 0x0000000085600000, 0x0000000085600000|100%| O|  |TAMS 0x0000000085600000, 0x0000000085600000| Untracked 
|  86|0x0000000085600000, 0x0000000085700000, 0x0000000085700000|100%| O|  |TAMS 0x0000000085700000, 0x0000000085700000| Untracked 
|  87|0x0000000085700000, 0x0000000085800000, 0x0000000085800000|100%| O|  |TAMS 0x0000000085800000, 0x0000000085800000| Untracked 
|  88|0x0000000085800000, 0x0000000085900000, 0x0000000085900000|100%| O|  |TAMS 0x0000000085900000, 0x0000000085900000| Untracked 
|  89|0x0000000085900000, 0x0000000085a00000, 0x0000000085a00000|100%| O|  |TAMS 0x0000000085a00000, 0x0000000085a00000| Untracked 
|  90|0x0000000085a00000, 0x0000000085b00000, 0x0000000085b00000|100%| O|  |TAMS 0x0000000085b00000, 0x0000000085b00000| Untracked 
|  91|0x0000000085b00000, 0x0000000085c00000, 0x0000000085c00000|100%| O|  |TAMS 0x0000000085c00000, 0x0000000085c00000| Untracked 
|  92|0x0000000085c00000, 0x0000000085d00000, 0x0000000085d00000|100%| O|  |TAMS 0x0000000085c00000, 0x0000000085d00000| Untracked 
|  93|0x0000000085d00000, 0x0000000085e00000, 0x0000000085e00000|100%| O|  |TAMS 0x0000000085e00000, 0x0000000085e00000| Untracked 
|  94|0x0000000085e00000, 0x0000000085f00000, 0x0000000085f00000|100%| O|  |TAMS 0x0000000085f00000, 0x0000000085f00000| Untracked 
|  95|0x0000000085f00000, 0x0000000086000000, 0x0000000086000000|100%| O|  |TAMS 0x0000000086000000, 0x0000000086000000| Untracked 
|  96|0x0000000086000000, 0x0000000086100000, 0x0000000086100000|100%| O|  |TAMS 0x0000000086100000, 0x0000000086100000| Untracked 
|  97|0x0000000086100000, 0x0000000086200000, 0x0000000086200000|100%| O|  |TAMS 0x0000000086100000, 0x0000000086200000| Untracked 
|  98|0x0000000086200000, 0x0000000086300000, 0x0000000086300000|100%| O|  |TAMS 0x0000000086300000, 0x0000000086300000| Untracked 
|  99|0x0000000086300000, 0x0000000086400000, 0x0000000086400000|100%| O|  |TAMS 0x0000000086400000, 0x0000000086400000| Untracked 
| 100|0x0000000086400000, 0x0000000086500000, 0x0000000086500000|100%| O|  |TAMS 0x0000000086500000, 0x0000000086500000| Untracked 
| 101|0x0000000086500000, 0x0000000086600000, 0x0000000086600000|100%| O|  |TAMS 0x0000000086600000, 0x0000000086600000| Untracked 
| 102|0x0000000086600000, 0x0000000086700000, 0x0000000086700000|100%| O|  |TAMS 0x0000000086700000, 0x0000000086700000| Untracked 
| 103|0x0000000086700000, 0x0000000086800000, 0x0000000086800000|100%| O|  |TAMS 0x0000000086700000, 0x0000000086800000| Untracked 
| 104|0x0000000086800000, 0x0000000086900000, 0x0000000086900000|100%|HS|  |TAMS 0x0000000086900000, 0x0000000086900000| Complete 
| 105|0x0000000086900000, 0x0000000086a00000, 0x0000000086a00000|100%|HC|  |TAMS 0x0000000086a00000, 0x0000000086a00000| Complete 
| 106|0x0000000086a00000, 0x0000000086b00000, 0x0000000086b00000|100%| O|  |TAMS 0x0000000086b00000, 0x0000000086b00000| Untracked 
| 107|0x0000000086b00000, 0x0000000086c00000, 0x0000000086c00000|100%| O|  |TAMS 0x0000000086c00000, 0x0000000086c00000| Untracked 
| 108|0x0000000086c00000, 0x0000000086d00000, 0x0000000086d00000|100%| O|  |TAMS 0x0000000086d00000, 0x0000000086d00000| Untracked 
| 109|0x0000000086d00000, 0x0000000086e00000, 0x0000000086e00000|100%| O|  |TAMS 0x0000000086e00000, 0x0000000086e00000| Untracked 
| 110|0x0000000086e00000, 0x0000000086f00000, 0x0000000086f00000|100%| O|  |TAMS 0x0000000086f00000, 0x0000000086f00000| Untracked 
| 111|0x0000000086f00000, 0x0000000087000000, 0x0000000087000000|100%| O|  |TAMS 0x0000000087000000, 0x0000000087000000| Untracked 
| 112|0x0000000087000000, 0x0000000087100000, 0x0000000087100000|100%| O|  |TAMS 0x0000000087100000, 0x0000000087100000| Untracked 
| 113|0x0000000087100000, 0x0000000087200000, 0x0000000087200000|100%| O|  |TAMS 0x0000000087200000, 0x0000000087200000| Untracked 
| 114|0x0000000087200000, 0x0000000087300000, 0x0000000087300000|100%| O|  |TAMS 0x0000000087300000, 0x0000000087300000| Untracked 
| 115|0x0000000087300000, 0x0000000087400000, 0x0000000087400000|100%| O|  |TAMS 0x0000000087400000, 0x0000000087400000| Untracked 
| 116|0x0000000087400000, 0x0000000087500000, 0x0000000087500000|100%| O|  |TAMS 0x0000000087500000, 0x0000000087500000| Untracked 
| 117|0x0000000087500000, 0x0000000087600000, 0x0000000087600000|100%| O|  |TAMS 0x0000000087600000, 0x0000000087600000| Untracked 
| 118|0x0000000087600000, 0x0000000087700000, 0x0000000087700000|100%| O|  |TAMS 0x0000000087700000, 0x0000000087700000| Untracked 
| 119|0x0000000087700000, 0x0000000087800000, 0x0000000087800000|100%| O|  |TAMS 0x0000000087800000, 0x0000000087800000| Untracked 
| 120|0x0000000087800000, 0x0000000087900000, 0x0000000087900000|100%| O|  |TAMS 0x0000000087900000, 0x0000000087900000| Untracked 
| 121|0x0000000087900000, 0x0000000087a00000, 0x0000000087a00000|100%| O|  |TAMS 0x0000000087a00000, 0x0000000087a00000| Untracked 
| 122|0x0000000087a00000, 0x0000000087b00000, 0x0000000087b00000|100%| O|  |TAMS 0x0000000087b00000, 0x0000000087b00000| Untracked 
| 123|0x0000000087b00000, 0x0000000087c00000, 0x0000000087c00000|100%| O|  |TAMS 0x0000000087c00000, 0x0000000087c00000| Untracked 
| 124|0x0000000087c00000, 0x0000000087d00000, 0x0000000087d00000|100%| O|  |TAMS 0x0000000087d00000, 0x0000000087d00000| Untracked 
| 125|0x0000000087d00000, 0x0000000087e00000, 0x0000000087e00000|100%| O|  |TAMS 0x0000000087e00000, 0x0000000087e00000| Untracked 
| 126|0x0000000087e00000, 0x0000000087f00000, 0x0000000087f00000|100%| O|  |TAMS 0x0000000087f00000, 0x0000000087f00000| Untracked 
| 127|0x0000000087f00000, 0x0000000088000000, 0x0000000088000000|100%| O|  |TAMS 0x0000000088000000, 0x0000000088000000| Untracked 
| 128|0x0000000088000000, 0x0000000088100000, 0x0000000088100000|100%| O|  |TAMS 0x0000000088100000, 0x0000000088100000| Untracked 
| 129|0x0000000088100000, 0x0000000088200000, 0x0000000088200000|100%| O|  |TAMS 0x0000000088200000, 0x0000000088200000| Untracked 
| 130|0x0000000088200000, 0x0000000088300000, 0x0000000088300000|100%| O|  |TAMS 0x0000000088300000, 0x0000000088300000| Untracked 
| 131|0x0000000088300000, 0x0000000088400000, 0x0000000088400000|100%| O|  |TAMS 0x0000000088400000, 0x0000000088400000| Untracked 
| 132|0x0000000088400000, 0x0000000088500000, 0x0000000088500000|100%| O|  |TAMS 0x0000000088500000, 0x0000000088500000| Untracked 
| 133|0x0000000088500000, 0x0000000088600000, 0x0000000088600000|100%| O|  |TAMS 0x0000000088600000, 0x0000000088600000| Untracked 
| 134|0x0000000088600000, 0x0000000088700000, 0x0000000088700000|100%| O|  |TAMS 0x0000000088700000, 0x0000000088700000| Untracked 
| 135|0x0000000088700000, 0x0000000088800000, 0x0000000088800000|100%| O|  |TAMS 0x0000000088800000, 0x0000000088800000| Untracked 
| 136|0x0000000088800000, 0x0000000088900000, 0x0000000088900000|100%| O|  |TAMS 0x0000000088900000, 0x0000000088900000| Untracked 
| 137|0x0000000088900000, 0x0000000088a00000, 0x0000000088a00000|100%| O|  |TAMS 0x0000000088a00000, 0x0000000088a00000| Untracked 
| 138|0x0000000088a00000, 0x0000000088b00000, 0x0000000088b00000|100%| O|  |TAMS 0x0000000088b00000, 0x0000000088b00000| Untracked 
| 139|0x0000000088b00000, 0x0000000088c00000, 0x0000000088c00000|100%| O|  |TAMS 0x0000000088c00000, 0x0000000088c00000| Untracked 
| 140|0x0000000088c00000, 0x0000000088d00000, 0x0000000088d00000|100%| O|  |TAMS 0x0000000088d00000, 0x0000000088d00000| Untracked 
| 141|0x0000000088d00000, 0x0000000088e00000, 0x0000000088e00000|100%| O|  |TAMS 0x0000000088e00000, 0x0000000088e00000| Untracked 
| 142|0x0000000088e00000, 0x0000000088f00000, 0x0000000088f00000|100%| O|  |TAMS 0x0000000088f00000, 0x0000000088f00000| Untracked 
| 143|0x0000000088f00000, 0x0000000089000000, 0x0000000089000000|100%| O|  |TAMS 0x0000000089000000, 0x0000000089000000| Untracked 
| 144|0x0000000089000000, 0x0000000089100000, 0x0000000089100000|100%| O|  |TAMS 0x0000000089100000, 0x0000000089100000| Untracked 
| 145|0x0000000089100000, 0x0000000089200000, 0x0000000089200000|100%| O|  |TAMS 0x0000000089200000, 0x0000000089200000| Untracked 
| 146|0x0000000089200000, 0x0000000089300000, 0x0000000089300000|100%| O|  |TAMS 0x0000000089300000, 0x0000000089300000| Untracked 
| 147|0x0000000089300000, 0x0000000089400000, 0x0000000089400000|100%| O|  |TAMS 0x0000000089400000, 0x0000000089400000| Untracked 
| 148|0x0000000089400000, 0x0000000089500000, 0x0000000089500000|100%| O|  |TAMS 0x0000000089500000, 0x0000000089500000| Untracked 
| 149|0x0000000089500000, 0x0000000089600000, 0x0000000089600000|100%| O|  |TAMS 0x0000000089600000, 0x0000000089600000| Untracked 
| 150|0x0000000089600000, 0x0000000089700000, 0x0000000089700000|100%| O|  |TAMS 0x0000000089700000, 0x0000000089700000| Untracked 
| 151|0x0000000089700000, 0x0000000089800000, 0x0000000089800000|100%| O|  |TAMS 0x0000000089800000, 0x0000000089800000| Untracked 
| 152|0x0000000089800000, 0x0000000089900000, 0x0000000089900000|100%| O|  |TAMS 0x0000000089900000, 0x0000000089900000| Untracked 
| 153|0x0000000089900000, 0x0000000089a00000, 0x0000000089a00000|100%| O|  |TAMS 0x0000000089a00000, 0x0000000089a00000| Untracked 
| 154|0x0000000089a00000, 0x0000000089b00000, 0x0000000089b00000|100%| O|  |TAMS 0x0000000089b00000, 0x0000000089b00000| Untracked 
| 155|0x0000000089b00000, 0x0000000089c00000, 0x0000000089c00000|100%| O|  |TAMS 0x0000000089c00000, 0x0000000089c00000| Untracked 
| 156|0x0000000089c00000, 0x0000000089d00000, 0x0000000089d00000|100%| O|  |TAMS 0x0000000089d00000, 0x0000000089d00000| Untracked 
| 157|0x0000000089d00000, 0x0000000089e00000, 0x0000000089e00000|100%| O|  |TAMS 0x0000000089e00000, 0x0000000089e00000| Untracked 
| 158|0x0000000089e00000, 0x0000000089f00000, 0x0000000089f00000|100%| O|  |TAMS 0x0000000089f00000, 0x0000000089f00000| Untracked 
| 159|0x0000000089f00000, 0x000000008a000000, 0x000000008a000000|100%| O|  |TAMS 0x000000008a000000, 0x000000008a000000| Untracked 
| 160|0x000000008a000000, 0x000000008a100000, 0x000000008a100000|100%| O|  |TAMS 0x000000008a100000, 0x000000008a100000| Untracked 
| 161|0x000000008a100000, 0x000000008a200000, 0x000000008a200000|100%| O|  |TAMS 0x000000008a200000, 0x000000008a200000| Untracked 
| 162|0x000000008a200000, 0x000000008a300000, 0x000000008a300000|100%| O|  |TAMS 0x000000008a300000, 0x000000008a300000| Untracked 
| 163|0x000000008a300000, 0x000000008a400000, 0x000000008a400000|100%| O|  |TAMS 0x000000008a400000, 0x000000008a400000| Untracked 
| 164|0x000000008a400000, 0x000000008a500000, 0x000000008a500000|100%| O|  |TAMS 0x000000008a500000, 0x000000008a500000| Untracked 
| 165|0x000000008a500000, 0x000000008a600000, 0x000000008a600000|100%| O|  |TAMS 0x000000008a600000, 0x000000008a600000| Untracked 
| 166|0x000000008a600000, 0x000000008a700000, 0x000000008a700000|100%| O|  |TAMS 0x000000008a600000, 0x000000008a700000| Untracked 
| 167|0x000000008a700000, 0x000000008a800000, 0x000000008a800000|100%| O|  |TAMS 0x000000008a800000, 0x000000008a800000| Untracked 
| 168|0x000000008a800000, 0x000000008a900000, 0x000000008a900000|100%| O|  |TAMS 0x000000008a900000, 0x000000008a900000| Untracked 
| 169|0x000000008a900000, 0x000000008aa00000, 0x000000008aa00000|100%| O|  |TAMS 0x000000008a900000, 0x000000008aa00000| Untracked 
| 170|0x000000008aa00000, 0x000000008ab00000, 0x000000008ab00000|100%| O|  |TAMS 0x000000008ab00000, 0x000000008ab00000| Untracked 
| 171|0x000000008ab00000, 0x000000008ac00000, 0x000000008ac00000|100%| O|  |TAMS 0x000000008ac00000, 0x000000008ac00000| Untracked 
| 172|0x000000008ac00000, 0x000000008ad00000, 0x000000008ad00000|100%| O|  |TAMS 0x000000008ad00000, 0x000000008ad00000| Untracked 
| 173|0x000000008ad00000, 0x000000008ae00000, 0x000000008ae00000|100%| O|  |TAMS 0x000000008ae00000, 0x000000008ae00000| Untracked 
| 174|0x000000008ae00000, 0x000000008af00000, 0x000000008af00000|100%| O|  |TAMS 0x000000008af00000, 0x000000008af00000| Untracked 
| 175|0x000000008af00000, 0x000000008b000000, 0x000000008b000000|100%| O|  |TAMS 0x000000008b000000, 0x000000008b000000| Untracked 
| 176|0x000000008b000000, 0x000000008b100000, 0x000000008b100000|100%| O|  |TAMS 0x000000008b100000, 0x000000008b100000| Untracked 
| 177|0x000000008b100000, 0x000000008b200000, 0x000000008b200000|100%| O|  |TAMS 0x000000008b200000, 0x000000008b200000| Untracked 
| 178|0x000000008b200000, 0x000000008b300000, 0x000000008b300000|100%| O|  |TAMS 0x000000008b300000, 0x000000008b300000| Untracked 
| 179|0x000000008b300000, 0x000000008b400000, 0x000000008b400000|100%| O|  |TAMS 0x000000008b400000, 0x000000008b400000| Untracked 
| 180|0x000000008b400000, 0x000000008b500000, 0x000000008b500000|100%| O|  |TAMS 0x000000008b500000, 0x000000008b500000| Untracked 
| 181|0x000000008b500000, 0x000000008b600000, 0x000000008b600000|100%| O|  |TAMS 0x000000008b598c00, 0x000000008b600000| Untracked 
| 182|0x000000008b600000, 0x000000008b700000, 0x000000008b700000|100%| O|  |TAMS 0x000000008b600000, 0x000000008b700000| Untracked 
| 183|0x000000008b700000, 0x000000008b800000, 0x000000008b800000|100%| O|  |TAMS 0x000000008b700000, 0x000000008b800000| Untracked 
| 184|0x000000008b800000, 0x000000008b900000, 0x000000008b900000|100%| O|  |TAMS 0x000000008b800000, 0x000000008b900000| Untracked 
| 185|0x000000008b900000, 0x000000008ba00000, 0x000000008ba00000|100%| O|  |TAMS 0x000000008b900000, 0x000000008ba00000| Untracked 
| 186|0x000000008ba00000, 0x000000008bb00000, 0x000000008bb00000|100%| O|  |TAMS 0x000000008ba00000, 0x000000008bb00000| Untracked 
| 187|0x000000008bb00000, 0x000000008bc00000, 0x000000008bc00000|100%| O|  |TAMS 0x000000008bb00000, 0x000000008bc00000| Untracked 
| 188|0x000000008bc00000, 0x000000008bd00000, 0x000000008bd00000|100%| O|  |TAMS 0x000000008bc00000, 0x000000008bd00000| Untracked 
| 189|0x000000008bd00000, 0x000000008be00000, 0x000000008be00000|100%| O|  |TAMS 0x000000008bd00000, 0x000000008be00000| Untracked 
| 190|0x000000008be00000, 0x000000008bf00000, 0x000000008bf00000|100%| O|  |TAMS 0x000000008be00000, 0x000000008bf00000| Untracked 
| 191|0x000000008bf00000, 0x000000008c000000, 0x000000008c000000|100%| O|  |TAMS 0x000000008bf00000, 0x000000008c000000| Untracked 
| 192|0x000000008c000000, 0x000000008c100000, 0x000000008c100000|100%| O|  |TAMS 0x000000008c000000, 0x000000008c100000| Untracked 
| 193|0x000000008c100000, 0x000000008c200000, 0x000000008c200000|100%| O|  |TAMS 0x000000008c100000, 0x000000008c200000| Untracked 
| 194|0x000000008c200000, 0x000000008c300000, 0x000000008c300000|100%| O|  |TAMS 0x000000008c200000, 0x000000008c300000| Untracked 
| 195|0x000000008c300000, 0x000000008c400000, 0x000000008c400000|100%| O|  |TAMS 0x000000008c300000, 0x000000008c400000| Untracked 
| 196|0x000000008c400000, 0x000000008c500000, 0x000000008c500000|100%| O|  |TAMS 0x000000008c400000, 0x000000008c500000| Untracked 
| 197|0x000000008c500000, 0x000000008c600000, 0x000000008c600000|100%| O|  |TAMS 0x000000008c500000, 0x000000008c600000| Untracked 
| 198|0x000000008c600000, 0x000000008c700000, 0x000000008c700000|100%| O|  |TAMS 0x000000008c600000, 0x000000008c700000| Untracked 
| 199|0x000000008c700000, 0x000000008c800000, 0x000000008c800000|100%| O|  |TAMS 0x000000008c700000, 0x000000008c800000| Untracked 
| 200|0x000000008c800000, 0x000000008c900000, 0x000000008c900000|100%| O|  |TAMS 0x000000008c800000, 0x000000008c900000| Untracked 
| 201|0x000000008c900000, 0x000000008ca00000, 0x000000008ca00000|100%| O|  |TAMS 0x000000008c900000, 0x000000008ca00000| Untracked 
| 202|0x000000008ca00000, 0x000000008cb00000, 0x000000008cb00000|100%| O|  |TAMS 0x000000008ca00000, 0x000000008cb00000| Untracked 
| 203|0x000000008cb00000, 0x000000008cc00000, 0x000000008cc00000|100%| O|  |TAMS 0x000000008cb00000, 0x000000008cc00000| Untracked 
| 204|0x000000008cc00000, 0x000000008cd00000, 0x000000008cd00000|100%| O|  |TAMS 0x000000008cc00000, 0x000000008cd00000| Untracked 
| 205|0x000000008cd00000, 0x000000008ce00000, 0x000000008ce00000|100%| O|  |TAMS 0x000000008cd00000, 0x000000008ce00000| Untracked 
| 206|0x000000008ce00000, 0x000000008cf00000, 0x000000008cf00000|100%| O|  |TAMS 0x000000008ce00000, 0x000000008cf00000| Untracked 
| 207|0x000000008cf00000, 0x000000008d000000, 0x000000008d000000|100%| O|  |TAMS 0x000000008cf00000, 0x000000008d000000| Untracked 
| 208|0x000000008d000000, 0x000000008d100000, 0x000000008d100000|100%| O|  |TAMS 0x000000008d000000, 0x000000008d100000| Untracked 
| 209|0x000000008d100000, 0x000000008d200000, 0x000000008d200000|100%| O|  |TAMS 0x000000008d100000, 0x000000008d200000| Untracked 
| 210|0x000000008d200000, 0x000000008d300000, 0x000000008d300000|100%| O|  |TAMS 0x000000008d200000, 0x000000008d300000| Untracked 
| 211|0x000000008d300000, 0x000000008d400000, 0x000000008d400000|100%| O|  |TAMS 0x000000008d300000, 0x000000008d400000| Untracked 
| 212|0x000000008d400000, 0x000000008d500000, 0x000000008d500000|100%| O|  |TAMS 0x000000008d400000, 0x000000008d500000| Untracked 
| 213|0x000000008d500000, 0x000000008d600000, 0x000000008d600000|100%| O|  |TAMS 0x000000008d500000, 0x000000008d600000| Untracked 
| 214|0x000000008d600000, 0x000000008d700000, 0x000000008d700000|100%| O|  |TAMS 0x000000008d600000, 0x000000008d700000| Untracked 
| 215|0x000000008d700000, 0x000000008d800000, 0x000000008d800000|100%| O|  |TAMS 0x000000008d700000, 0x000000008d800000| Untracked 
| 216|0x000000008d800000, 0x000000008d900000, 0x000000008d900000|100%| O|  |TAMS 0x000000008d800000, 0x000000008d900000| Untracked 
| 217|0x000000008d900000, 0x000000008da00000, 0x000000008da00000|100%| O|  |TAMS 0x000000008d900000, 0x000000008da00000| Untracked 
| 218|0x000000008da00000, 0x000000008db00000, 0x000000008db00000|100%| O|  |TAMS 0x000000008da00000, 0x000000008db00000| Untracked 
| 219|0x000000008db00000, 0x000000008dc00000, 0x000000008dc00000|100%| O|  |TAMS 0x000000008db00000, 0x000000008dc00000| Untracked 
| 220|0x000000008dc00000, 0x000000008dd00000, 0x000000008dd00000|100%| O|  |TAMS 0x000000008dc00000, 0x000000008dd00000| Untracked 
| 221|0x000000008dd00000, 0x000000008de00000, 0x000000008de00000|100%| O|  |TAMS 0x000000008dd00000, 0x000000008de00000| Untracked 
| 222|0x000000008de00000, 0x000000008df00000, 0x000000008df00000|100%| O|  |TAMS 0x000000008de00000, 0x000000008df00000| Untracked 
| 223|0x000000008df00000, 0x000000008e000000, 0x000000008e000000|100%| O|  |TAMS 0x000000008df00000, 0x000000008e000000| Untracked 
| 224|0x000000008e000000, 0x000000008e100000, 0x000000008e100000|100%| O|  |TAMS 0x000000008e000000, 0x000000008e100000| Untracked 
| 225|0x000000008e100000, 0x000000008e200000, 0x000000008e200000|100%| O|  |TAMS 0x000000008e100000, 0x000000008e200000| Untracked 
| 226|0x000000008e200000, 0x000000008e300000, 0x000000008e300000|100%| O|  |TAMS 0x000000008e200000, 0x000000008e300000| Untracked 
| 227|0x000000008e300000, 0x000000008e400000, 0x000000008e400000|100%| O|  |TAMS 0x000000008e300000, 0x000000008e400000| Untracked 
| 228|0x000000008e400000, 0x000000008e500000, 0x000000008e500000|100%| O|  |TAMS 0x000000008e400000, 0x000000008e500000| Untracked 
| 229|0x000000008e500000, 0x000000008e600000, 0x000000008e600000|100%| O|  |TAMS 0x000000008e500000, 0x000000008e600000| Untracked 
| 230|0x000000008e600000, 0x000000008e700000, 0x000000008e700000|100%| O|  |TAMS 0x000000008e600000, 0x000000008e700000| Untracked 
| 231|0x000000008e700000, 0x000000008e800000, 0x000000008e800000|100%| O|  |TAMS 0x000000008e700000, 0x000000008e800000| Untracked 
| 232|0x000000008e800000, 0x000000008e900000, 0x000000008e900000|100%| O|  |TAMS 0x000000008e800000, 0x000000008e900000| Untracked 
| 233|0x000000008e900000, 0x000000008ea00000, 0x000000008ea00000|100%| O|  |TAMS 0x000000008e900000, 0x000000008ea00000| Untracked 
| 234|0x000000008ea00000, 0x000000008eb00000, 0x000000008eb00000|100%| O|  |TAMS 0x000000008ea00000, 0x000000008eb00000| Untracked 
| 235|0x000000008eb00000, 0x000000008ec00000, 0x000000008ec00000|100%| O|  |TAMS 0x000000008eb00000, 0x000000008ec00000| Untracked 
| 236|0x000000008ec00000, 0x000000008ed00000, 0x000000008ed00000|100%| O|  |TAMS 0x000000008ec00000, 0x000000008ed00000| Untracked 
| 237|0x000000008ed00000, 0x000000008ee00000, 0x000000008ee00000|100%| O|  |TAMS 0x000000008ed00000, 0x000000008ee00000| Untracked 
| 238|0x000000008ee00000, 0x000000008ef00000, 0x000000008ef00000|100%| O|  |TAMS 0x000000008ee00000, 0x000000008ef00000| Untracked 
| 239|0x000000008ef00000, 0x000000008f000000, 0x000000008f000000|100%| O|  |TAMS 0x000000008ef00000, 0x000000008f000000| Untracked 
| 240|0x000000008f000000, 0x000000008f100000, 0x000000008f100000|100%| O|  |TAMS 0x000000008f000000, 0x000000008f100000| Untracked 
| 241|0x000000008f100000, 0x000000008f200000, 0x000000008f200000|100%| O|  |TAMS 0x000000008f100000, 0x000000008f200000| Untracked 
| 242|0x000000008f200000, 0x000000008f300000, 0x000000008f300000|100%| O|  |TAMS 0x000000008f200000, 0x000000008f200000| Untracked 
| 243|0x000000008f300000, 0x000000008f400000, 0x000000008f400000|100%| O|  |TAMS 0x000000008f300000, 0x000000008f300000| Untracked 
| 244|0x000000008f400000, 0x000000008f400000, 0x000000008f500000|  0%| F|  |TAMS 0x000000008f400000, 0x000000008f400000| Untracked 
| 245|0x000000008f500000, 0x000000008f600000, 0x000000008f600000|100%| O|  |TAMS 0x000000008f500000, 0x000000008f500000| Untracked 
| 246|0x000000008f600000, 0x000000008f600000, 0x000000008f700000|  0%| F|  |TAMS 0x000000008f600000, 0x000000008f600000| Untracked 
| 247|0x000000008f700000, 0x000000008f700000, 0x000000008f800000|  0%| F|  |TAMS 0x000000008f700000, 0x000000008f700000| Untracked 
| 248|0x000000008f800000, 0x000000008f800000, 0x000000008f900000|  0%| F|  |TAMS 0x000000008f800000, 0x000000008f800000| Untracked 
| 249|0x000000008f900000, 0x000000008f900000, 0x000000008fa00000|  0%| F|  |TAMS 0x000000008f900000, 0x000000008f900000| Untracked 
| 250|0x000000008fa00000, 0x000000008fa00000, 0x000000008fb00000|  0%| F|  |TAMS 0x000000008fa00000, 0x000000008fa00000| Untracked 
| 251|0x000000008fb00000, 0x000000008fb00000, 0x000000008fc00000|  0%| F|  |TAMS 0x000000008fb00000, 0x000000008fb00000| Untracked 
| 252|0x000000008fc00000, 0x000000008fc00000, 0x000000008fd00000|  0%| F|  |TAMS 0x000000008fc00000, 0x000000008fc00000| Untracked 
| 253|0x000000008fd00000, 0x000000008fd00000, 0x000000008fe00000|  0%| F|  |TAMS 0x000000008fd00000, 0x000000008fd00000| Untracked 
| 254|0x000000008fe00000, 0x000000008fe00000, 0x000000008ff00000|  0%| F|  |TAMS 0x000000008fe00000, 0x000000008fe00000| Untracked 
| 255|0x000000008ff00000, 0x000000008ff00000, 0x0000000090000000|  0%| F|  |TAMS 0x000000008ff00000, 0x000000008ff00000| Untracked 
| 256|0x0000000090000000, 0x0000000090100000, 0x0000000090100000|100%| O|  |TAMS 0x0000000090000000, 0x0000000090100000| Untracked 
| 257|0x0000000090100000, 0x0000000090200000, 0x0000000090200000|100%| O|  |TAMS 0x0000000090100000, 0x0000000090200000| Untracked 
| 258|0x0000000090200000, 0x0000000090300000, 0x0000000090300000|100%| O|  |TAMS 0x0000000090200000, 0x0000000090300000| Untracked 
| 259|0x0000000090300000, 0x0000000090400000, 0x0000000090400000|100%| O|  |TAMS 0x0000000090300000, 0x00000000903fb400| Untracked 
| 260|0x0000000090400000, 0x0000000090400000, 0x0000000090500000|  0%| F|  |TAMS 0x0000000090400000, 0x0000000090400000| Untracked 
| 261|0x0000000090500000, 0x0000000090600000, 0x0000000090600000|100%| O|  |TAMS 0x0000000090500000, 0x0000000090500000| Untracked 
| 262|0x0000000090600000, 0x0000000090700000, 0x0000000090700000|100%| O|  |TAMS 0x0000000090600000, 0x0000000090600000| Untracked 
| 263|0x0000000090700000, 0x0000000090700000, 0x0000000090800000|  0%| F|  |TAMS 0x0000000090700000, 0x0000000090700000| Untracked 
| 264|0x0000000090800000, 0x0000000090900000, 0x0000000090900000|100%| O|  |TAMS 0x0000000090800000, 0x0000000090800000| Untracked 
| 265|0x0000000090900000, 0x0000000090a00000, 0x0000000090a00000|100%| O|  |TAMS 0x0000000090900000, 0x0000000090900000| Untracked 
| 266|0x0000000090a00000, 0x0000000090b00000, 0x0000000090b00000|100%| O|  |TAMS 0x0000000090a00000, 0x0000000090a00000| Untracked 
| 267|0x0000000090b00000, 0x0000000090c00000, 0x0000000090c00000|100%| O|  |TAMS 0x0000000090b00000, 0x0000000090b00000| Untracked 
| 268|0x0000000090c00000, 0x0000000090d00000, 0x0000000090d00000|100%| O|  |TAMS 0x0000000090c00000, 0x0000000090c00000| Untracked 
| 269|0x0000000090d00000, 0x0000000090e00000, 0x0000000090e00000|100%| O|  |TAMS 0x0000000090d00000, 0x0000000090d00000| Untracked 
| 270|0x0000000090e00000, 0x0000000090f00000, 0x0000000090f00000|100%| O|  |TAMS 0x0000000090e00000, 0x0000000090e00000| Untracked 
| 271|0x0000000090f00000, 0x0000000091000000, 0x0000000091000000|100%| O|  |TAMS 0x0000000090f00000, 0x0000000090f00000| Untracked 
| 272|0x0000000091000000, 0x0000000091100000, 0x0000000091100000|100%| O|  |TAMS 0x0000000091000000, 0x0000000091000000| Untracked 
| 273|0x0000000091100000, 0x0000000091200000, 0x0000000091200000|100%| O|  |TAMS 0x0000000091100000, 0x0000000091100000| Untracked 
| 274|0x0000000091200000, 0x0000000091300000, 0x0000000091300000|100%| O|  |TAMS 0x0000000091200000, 0x0000000091200000| Untracked 
| 275|0x0000000091300000, 0x0000000091300000, 0x0000000091400000|  0%| F|  |TAMS 0x0000000091300000, 0x0000000091300000| Untracked 
| 276|0x0000000091400000, 0x0000000091500000, 0x0000000091500000|100%| O|  |TAMS 0x0000000091400000, 0x0000000091400000| Untracked 
| 277|0x0000000091500000, 0x0000000091600000, 0x0000000091600000|100%| O|  |TAMS 0x0000000091500000, 0x0000000091500000| Untracked 
| 278|0x0000000091600000, 0x0000000091700000, 0x0000000091700000|100%| O|  |TAMS 0x0000000091600000, 0x0000000091600000| Untracked 
| 279|0x0000000091700000, 0x0000000091800000, 0x0000000091800000|100%| O|  |TAMS 0x0000000091700000, 0x0000000091700000| Untracked 
| 280|0x0000000091800000, 0x0000000091900000, 0x0000000091900000|100%| O|  |TAMS 0x0000000091800000, 0x0000000091800000| Untracked 
| 281|0x0000000091900000, 0x0000000091a00000, 0x0000000091a00000|100%| O|  |TAMS 0x0000000091900000, 0x0000000091900000| Untracked 
| 282|0x0000000091a00000, 0x0000000091b00000, 0x0000000091b00000|100%| O|  |TAMS 0x0000000091a00000, 0x0000000091a00000| Untracked 
| 283|0x0000000091b00000, 0x0000000091c00000, 0x0000000091c00000|100%| O|  |TAMS 0x0000000091b00000, 0x0000000091b00000| Untracked 
| 284|0x0000000091c00000, 0x0000000091d00000, 0x0000000091d00000|100%| O|  |TAMS 0x0000000091c00000, 0x0000000091c00000| Untracked 
| 285|0x0000000091d00000, 0x0000000091e00000, 0x0000000091e00000|100%| S|CS|TAMS 0x0000000091d00000, 0x0000000091d00000| Complete 
| 286|0x0000000091e00000, 0x0000000091f00000, 0x0000000091f00000|100%| O|  |TAMS 0x0000000091e00000, 0x0000000091e00000| Untracked 
| 287|0x0000000091f00000, 0x0000000092000000, 0x0000000092000000|100%| O|  |TAMS 0x0000000091f00000, 0x0000000091f00000| Untracked 
| 288|0x0000000092000000, 0x0000000092100000, 0x0000000092100000|100%| S|CS|TAMS 0x0000000092000000, 0x0000000092000000| Complete 
| 289|0x0000000092100000, 0x0000000092200000, 0x0000000092200000|100%| O|  |TAMS 0x0000000092100000, 0x0000000092100000| Untracked 
| 290|0x0000000092200000, 0x0000000092300000, 0x0000000092300000|100%| O|  |TAMS 0x0000000092200000, 0x0000000092200000| Untracked 
| 291|0x0000000092300000, 0x0000000092380000, 0x0000000092400000| 50%| O|  |TAMS 0x0000000092300000, 0x0000000092300000| Untracked 

Card table byte_map: [0x0000025de7d60000,0x0000025de8160000] _byte_map_base: 0x0000025de7960000

Marking Bits (Prev, Next): (CMBitMap*) 0x0000025dd4e9d6f0, (CMBitMap*) 0x0000025dd4e9d6b8
 Prev Bits: [0x0000025dea560000, 0x0000025dec560000)
 Next Bits: [0x0000025de8560000, 0x0000025dea560000)

Polling page: 0x0000025dd2e40000

Metaspace:

Usage:
  Non-class:    110.54 MB capacity,   108.49 MB ( 98%) used,     1.69 MB (  2%) free+waste,   366.19 KB ( <1%) overhead. 
      Class:     16.51 MB capacity,    15.41 MB ( 93%) used,   968.59 KB (  6%) free+waste,   158.88 KB ( <1%) overhead. 
       Both:    127.05 MB capacity,   123.90 MB ( 98%) used,     2.64 MB (  2%) free+waste,   525.06 KB ( <1%) overhead. 

Virtual space:
  Non-class space:      112.00 MB reserved,     110.59 MB ( 99%) committed 
      Class space:        1.00 GB reserved,      16.63 MB (  2%) committed 
             Both:        1.11 GB reserved,     127.21 MB ( 11%) committed 

Chunk freelists:
   Non-Class:  51.00 KB
       Class:  23.00 KB
        Both:  74.00 KB

MaxMetaspaceSize: 17179869184.00 GB
CompressedClassSpaceSize: 1.00 GB

CodeHeap 'non-profiled nmethods': size=120064Kb used=13660Kb max_used=13660Kb free=106403Kb
 bounds [0x0000025de0420000, 0x0000025de1180000, 0x0000025de7960000]
CodeHeap 'profiled nmethods': size=120000Kb used=40765Kb max_used=40765Kb free=79234Kb
 bounds [0x0000025dd8ef0000, 0x0000025ddb6d0000, 0x0000025de0420000]
CodeHeap 'non-nmethods': size=5696Kb used=2365Kb max_used=2413Kb free=3330Kb
 bounds [0x0000025dd8960000, 0x0000025dd8bd0000, 0x0000025dd8ef0000]
 total_blobs=19698 nmethods=18702 adapters=906
 compilation: enabled
              stopped_count=0, restarted_count=0
 full_count=0

Compilation events (20 events):
Event: 274.329 Thread 0x0000025def33d000 19699       2       android.databinding.tool.store.SetterStore$MultiValueAdapterKey::compareTo (248 bytes)
Event: 274.330 Thread 0x0000025def33d000 nmethod 19699 0x0000025ddb6c5990 code [0x0000025ddb6c5c60, 0x0000025ddb6c66c8]
Event: 274.330 Thread 0x0000025def33d000 19693       2       com.google.gson.internal.bind.MapTypeAdapterFactory$Adapter::read (6 bytes)
Event: 274.330 Thread 0x0000025def33d000 nmethod 19693 0x0000025ddb6c6c10 code [0x0000025ddb6c6dc0, 0x0000025ddb6c6ec8]
Event: 274.330 Thread 0x0000025def33d000 19694       2       com.google.gson.stream.JsonReader::nextNull (81 bytes)
Event: 274.330 Thread 0x0000025def33d000 nmethod 19694 0x0000025ddb6c6f90 code [0x0000025ddb6c71e0, 0x0000025ddb6c76d8]
Event: 274.330 Thread 0x0000025def33d000 19695   !   2       com.google.gson.internal.ConstructorConstructor$3::construct (98 bytes)
Event: 274.331 Thread 0x0000025def33d000 nmethod 19695 0x0000025ddb6c7990 code [0x0000025ddb6c7ca0, 0x0000025ddb6c8788]
Event: 274.331 Thread 0x0000025def33d000 19696       2       java.util.Map::putIfAbsent (23 bytes)
Event: 274.331 Thread 0x0000025def33d000 nmethod 19696 0x0000025ddb6c8f90 code [0x0000025ddb6c9160, 0x0000025ddb6c92d8]
Event: 274.331 Thread 0x0000025def33d000 19697       2       android.databinding.tool.store.BindingAdapterStore$Companion$merge$1$1$1::accept (11 bytes)
Event: 274.331 Thread 0x0000025def33d000 nmethod 19697 0x0000025ddb6c9390 code [0x0000025ddb6c9560, 0x0000025ddb6c96f8]
Event: 274.331 Thread 0x0000025def33d000 19689       2       android.databinding.tool.store.SetterStore$AccessorKey::compareTo (9 bytes)
Event: 274.332 Thread 0x0000025def33d000 nmethod 19689 0x0000025ddb6c9810 code [0x0000025ddb6c99e0, 0x0000025ddb6c9c38]
Event: 274.332 Thread 0x0000025def33d000 19690       2       android.databinding.tool.store.SetterStore$AccessorKey::compareTo (30 bytes)
Event: 274.332 Thread 0x0000025def33d000 nmethod 19690 0x0000025ddb6c9e10 code [0x0000025ddb6c9fe0, 0x0000025ddb6ca1f8]
Event: 274.464 Thread 0x0000025df83c2000 nmethod 19583 0x0000025de116a010 code [0x0000025de116a840, 0x0000025de1172d70]
Event: 274.465 Thread 0x0000025df83c2000 19652       4       lombok.javac.JavacNode::traverse (774 bytes)
Event: 274.483 Thread 0x0000025def33d000 19702       2       java.io.InputStreamReader::<init> (30 bytes)
Event: 274.483 Thread 0x0000025def33d000 nmethod 19702 0x0000025ddb6ca390 code [0x0000025ddb6ca5a0, 0x0000025ddb6caad8]

GC Heap History (20 events):
Event: 273.939 GC heap after
{Heap after GC invocations=33 (full 0):
 garbage-first heap   total 262144K, used 209920K [0x0000000080000000, 0x0000000100000000)
  region size 1024K, 4 young (4096K), 4 survivors (4096K)
 Metaspace       used 126753K, capacity 130029K, committed 130268K, reserved 1163264K
  class space    used 15777K, capacity 16905K, committed 17024K, reserved 1048576K
}
Event: 273.968 GC heap before
{Heap before GC invocations=33 (full 0):
 garbage-first heap   total 262144K, used 220160K [0x0000000080000000, 0x0000000100000000)
  region size 1024K, 14 young (14336K), 4 survivors (4096K)
 Metaspace       used 126753K, capacity 130029K, committed 130268K, reserved 1163264K
  class space    used 15777K, capacity 16905K, committed 17024K, reserved 1048576K
}
Event: 273.977 GC heap after
{Heap after GC invocations=34 (full 0):
 garbage-first heap   total 262144K, used 218624K [0x0000000080000000, 0x0000000100000000)
  region size 1024K, 2 young (2048K), 2 survivors (2048K)
 Metaspace       used 126753K, capacity 130029K, committed 130268K, reserved 1163264K
  class space    used 15777K, capacity 16905K, committed 17024K, reserved 1048576K
}
Event: 274.024 GC heap before
{Heap before GC invocations=34 (full 0):
 garbage-first heap   total 262144K, used 228864K [0x0000000080000000, 0x0000000100000000)
  region size 1024K, 12 young (12288K), 2 survivors (2048K)
 Metaspace       used 126753K, capacity 130029K, committed 130268K, reserved 1163264K
  class space    used 15777K, capacity 16905K, committed 17024K, reserved 1048576K
}
Event: 274.031 GC heap after
{Heap after GC invocations=35 (full 0):
 garbage-first heap   total 262144K, used 226816K [0x0000000080000000, 0x0000000100000000)
  region size 1024K, 2 young (2048K), 2 survivors (2048K)
 Metaspace       used 126753K, capacity 130029K, committed 130268K, reserved 1163264K
  class space    used 15777K, capacity 16905K, committed 17024K, reserved 1048576K
}
Event: 274.080 GC heap before
{Heap before GC invocations=35 (full 0):
 garbage-first heap   total 262144K, used 237056K [0x0000000080000000, 0x0000000100000000)
  region size 1024K, 12 young (12288K), 2 survivors (2048K)
 Metaspace       used 126758K, capacity 130029K, committed 130268K, reserved 1163264K
  class space    used 15777K, capacity 16905K, committed 17024K, reserved 1048576K
}
Event: 274.086 GC heap after
{Heap after GC invocations=36 (full 0):
 garbage-first heap   total 262144K, used 232238K [0x0000000080000000, 0x0000000100000000)
  region size 1024K, 2 young (2048K), 2 survivors (2048K)
 Metaspace       used 126758K, capacity 130029K, committed 130268K, reserved 1163264K
  class space    used 15777K, capacity 16905K, committed 17024K, reserved 1048576K
}
Event: 274.215 GC heap before
{Heap before GC invocations=36 (full 0):
 garbage-first heap   total 262144K, used 242478K [0x0000000080000000, 0x0000000100000000)
  region size 1024K, 12 young (12288K), 2 survivors (2048K)
 Metaspace       used 126839K, capacity 130097K, committed 130268K, reserved 1163264K
  class space    used 15777K, capacity 16905K, committed 17024K, reserved 1048576K
}
Event: 274.218 GC heap after
{Heap after GC invocations=37 (full 0):
 garbage-first heap   total 262144K, used 234069K [0x0000000080000000, 0x0000000100000000)
  region size 1024K, 2 young (2048K), 2 survivors (2048K)
 Metaspace       used 126839K, capacity 130097K, committed 130268K, reserved 1163264K
  class space    used 15777K, capacity 16905K, committed 17024K, reserved 1048576K
}
Event: 274.336 GC heap before
{Heap before GC invocations=38 (full 0):
 garbage-first heap   total 262144K, used 244309K [0x0000000080000000, 0x0000000100000000)
  region size 1024K, 12 young (12288K), 2 survivors (2048K)
 Metaspace       used 126869K, capacity 130098K, committed 130268K, reserved 1163264K
  class space    used 15777K, capacity 16905K, committed 17024K, reserved 1048576K
}
Event: 274.339 GC heap after
{Heap after GC invocations=39 (full 0):
 garbage-first heap   total 262144K, used 236229K [0x0000000080000000, 0x0000000100000000)
  region size 1024K, 2 young (2048K), 2 survivors (2048K)
 Metaspace       used 126869K, capacity 130098K, committed 130268K, reserved 1163264K
  class space    used 15777K, capacity 16905K, committed 17024K, reserved 1048576K
}
Event: 274.368 GC heap before
{Heap before GC invocations=39 (full 0):
 garbage-first heap   total 262144K, used 246469K [0x0000000080000000, 0x0000000100000000)
  region size 1024K, 12 young (12288K), 2 survivors (2048K)
 Metaspace       used 126869K, capacity 130098K, committed 130268K, reserved 1163264K
  class space    used 15777K, capacity 16905K, committed 17024K, reserved 1048576K
}
Event: 274.379 GC heap after
{Heap after GC invocations=40 (full 0):
 garbage-first heap   total 262144K, used 242272K [0x0000000080000000, 0x0000000100000000)
  region size 1024K, 2 young (2048K), 2 survivors (2048K)
 Metaspace       used 126869K, capacity 130098K, committed 130268K, reserved 1163264K
  class space    used 15777K, capacity 16905K, committed 17024K, reserved 1048576K
}
Event: 274.412 GC heap before
{Heap before GC invocations=40 (full 0):
 garbage-first heap   total 262144K, used 251488K [0x0000000080000000, 0x0000000100000000)
  region size 1024K, 12 young (12288K), 2 survivors (2048K)
 Metaspace       used 126869K, capacity 130098K, committed 130268K, reserved 1163264K
  class space    used 15777K, capacity 16905K, committed 17024K, reserved 1048576K
}
Event: 274.418 GC heap after
{Heap after GC invocations=41 (full 0):
 garbage-first heap   total 266240K, used 253933K [0x0000000080000000, 0x0000000100000000)
  region size 1024K, 2 young (2048K), 2 survivors (2048K)
 Metaspace       used 126869K, capacity 130098K, committed 130268K, reserved 1163264K
  class space    used 15777K, capacity 16905K, committed 17024K, reserved 1048576K
}
Event: 274.435 GC heap before
{Heap before GC invocations=41 (full 0):
 garbage-first heap   total 266240K, used 265197K [0x0000000080000000, 0x0000000100000000)
  region size 1024K, 13 young (13312K), 2 survivors (2048K)
 Metaspace       used 126869K, capacity 130098K, committed 130268K, reserved 1163264K
  class space    used 15777K, capacity 16905K, committed 17024K, reserved 1048576K
}
Event: 274.445 GC heap after
{Heap after GC invocations=42 (full 0):
 garbage-first heap   total 279552K, used 266209K [0x0000000080000000, 0x0000000100000000)
  region size 1024K, 2 young (2048K), 2 survivors (2048K)
 Metaspace       used 126869K, capacity 130098K, committed 130268K, reserved 1163264K
  class space    used 15777K, capacity 16905K, committed 17024K, reserved 1048576K
}
Event: 274.465 GC heap before
{Heap before GC invocations=42 (full 0):
 garbage-first heap   total 279552K, used 277473K [0x0000000080000000, 0x0000000100000000)
  region size 1024K, 13 young (13312K), 2 survivors (2048K)
 Metaspace       used 126869K, capacity 130098K, committed 130268K, reserved 1163264K
  class space    used 15777K, capacity 16905K, committed 17024K, reserved 1048576K
}
Event: 274.475 GC heap after
{Heap after GC invocations=43 (full 0):
 garbage-first heap   total 291840K, used 278528K [0x0000000080000000, 0x0000000100000000)
  region size 1024K, 2 young (2048K), 2 survivors (2048K)
 Metaspace       used 126869K, capacity 130098K, committed 130268K, reserved 1163264K
  class space    used 15777K, capacity 16905K, committed 17024K, reserved 1048576K
}
Event: 274.502 GC heap before
{Heap before GC invocations=43 (full 0):
 garbage-first heap   total 291840K, used 290816K [0x0000000080000000, 0x0000000100000000)
  region size 1024K, 14 young (14336K), 2 survivors (2048K)
 Metaspace       used 126869K, capacity 130098K, committed 130268K, reserved 1163264K
  class space    used 15777K, capacity 16905K, committed 17024K, reserved 1048576K
}

Deoptimization events (20 events):
Event: 274.208 Thread 0x0000025df4570000 Uncommon trap: trap_request=0xffffffde fr.pc=0x0000025de11282e0 relative=0x00000000000010c0
Event: 274.208 Thread 0x0000025df4570000 Uncommon trap: reason=class_check action=maybe_recompile pc=0x0000025de11282e0 method=lombok.javac.JavacNode.traverse(Llombok/javac/JavacASTVisitor;)V @ 233 c2
Event: 274.208 Thread 0x0000025df4570000 DEOPT PACKING pc=0x0000025de11282e0 sp=0x00000071309f8600
Event: 274.208 Thread 0x0000025df4570000 DEOPT UNPACKING pc=0x0000025dd898662f sp=0x00000071309f85b8 mode 2
Event: 274.277 Thread 0x0000025df4570000 DEOPT PACKING pc=0x0000025ddb36d266 sp=0x00000071309f8400
Event: 274.277 Thread 0x0000025df4570000 DEOPT UNPACKING pc=0x0000025dd8986dde sp=0x00000071309f78d0 mode 0
Event: 274.290 Thread 0x0000025df4570000 DEOPT PACKING pc=0x0000025ddb36d266 sp=0x00000071309f8400
Event: 274.290 Thread 0x0000025df4570000 DEOPT UNPACKING pc=0x0000025dd8986dde sp=0x00000071309f78d0 mode 0
Event: 274.305 Thread 0x0000025df4570000 DEOPT PACKING pc=0x0000025ddb36d266 sp=0x00000071309f8400
Event: 274.305 Thread 0x0000025df4570000 DEOPT UNPACKING pc=0x0000025dd8986dde sp=0x00000071309f78d0 mode 0
Event: 274.315 Thread 0x0000025df4570000 DEOPT PACKING pc=0x0000025ddb36d266 sp=0x00000071309f8400
Event: 274.315 Thread 0x0000025df4570000 DEOPT UNPACKING pc=0x0000025dd8986dde sp=0x00000071309f78d0 mode 0
Event: 274.330 Thread 0x0000025df4570000 Uncommon trap: trap_request=0xffffffde fr.pc=0x0000025de108a040 relative=0x0000000000003300
Event: 274.330 Thread 0x0000025df4570000 Uncommon trap: reason=class_check action=maybe_recompile pc=0x0000025de108a040 method=org.apache.xerces.impl.XMLDocumentFragmentScannerImpl.scanStartElement()Z @ 309 c2
Event: 274.330 Thread 0x0000025df4570000 DEOPT PACKING pc=0x0000025de108a040 sp=0x00000071309f8360
Event: 274.330 Thread 0x0000025df4570000 DEOPT UNPACKING pc=0x0000025dd898662f sp=0x00000071309f8348 mode 2
Event: 274.330 Thread 0x0000025df4570000 DEOPT PACKING pc=0x0000025ddb44f9a0 sp=0x00000071309f8480
Event: 274.330 Thread 0x0000025df4570000 DEOPT UNPACKING pc=0x0000025dd8986dde sp=0x00000071309f7a48 mode 0
Event: 274.419 Thread 0x0000025df4570000 DEOPT PACKING pc=0x0000025ddb47937c sp=0x00000071309f8870
Event: 274.419 Thread 0x0000025df4570000 DEOPT UNPACKING pc=0x0000025dd8986dde sp=0x00000071309f7d68 mode 0

Classes redefined (0 events):
No events

Internal exceptions (20 events):
Event: 273.613 Thread 0x0000025df4570000 Exception <a 'sun/nio/fs/WindowsException'{0x000000008f397598}> (0x000000008f397598) thrown at [./src/hotspot/share/prims/jni.cpp, line 615]
Event: 273.627 Thread 0x0000025df4570000 Exception <a 'sun/nio/fs/WindowsException'{0x000000008f3f5058}> (0x000000008f3f5058) thrown at [./src/hotspot/share/prims/jni.cpp, line 615]
Event: 273.627 Thread 0x0000025df4570000 Exception <a 'sun/nio/fs/WindowsException'{0x000000008f3f51c0}> (0x000000008f3f51c0) thrown at [./src/hotspot/share/prims/jni.cpp, line 615]
Event: 273.628 Thread 0x0000025df4570000 Exception <a 'sun/nio/fs/WindowsException'{0x000000008f20dd90}> (0x000000008f20dd90) thrown at [./src/hotspot/share/prims/jni.cpp, line 615]
Event: 273.628 Thread 0x0000025df4570000 Exception <a 'sun/nio/fs/WindowsException'{0x000000008f20df18}> (0x000000008f20df18) thrown at [./src/hotspot/share/prims/jni.cpp, line 615]
Event: 273.640 Thread 0x0000025df4570000 Exception <a 'sun/nio/fs/WindowsException'{0x000000008f2be270}> (0x000000008f2be270) thrown at [./src/hotspot/share/prims/jni.cpp, line 615]
Event: 273.640 Thread 0x0000025df4570000 Exception <a 'sun/nio/fs/WindowsException'{0x000000008f2bf8f0}> (0x000000008f2bf8f0) thrown at [./src/hotspot/share/prims/jni.cpp, line 615]
Event: 273.640 Thread 0x0000025df4570000 Exception <a 'sun/nio/fs/WindowsException'{0x000000008f2c0bf8}> (0x000000008f2c0bf8) thrown at [./src/hotspot/share/prims/jni.cpp, line 615]
Event: 273.640 Thread 0x0000025df4570000 Exception <a 'sun/nio/fs/WindowsException'{0x000000008f2c20f8}> (0x000000008f2c20f8) thrown at [./src/hotspot/share/prims/jni.cpp, line 615]
Event: 273.640 Thread 0x0000025df4570000 Exception <a 'sun/nio/fs/WindowsException'{0x000000008f2c2280}> (0x000000008f2c2280) thrown at [./src/hotspot/share/prims/jni.cpp, line 615]
Event: 273.641 Thread 0x0000025df4570000 Exception <a 'sun/nio/fs/WindowsException'{0x000000008f2c4a30}> (0x000000008f2c4a30) thrown at [./src/hotspot/share/prims/jni.cpp, line 615]
Event: 273.646 Thread 0x0000025df4570000 Exception <a 'sun/nio/fs/WindowsException'{0x000000008f2d43c0}> (0x000000008f2d43c0) thrown at [./src/hotspot/share/prims/jni.cpp, line 615]
Event: 273.669 Thread 0x0000025df4570000 Exception <a 'sun/nio/fs/WindowsException'{0x000000008f005f88}> (0x000000008f005f88) thrown at [./src/hotspot/share/prims/jni.cpp, line 615]
Event: 273.673 Thread 0x0000025df4570000 Exception <a 'sun/nio/fs/WindowsException'{0x000000008f025098}> (0x000000008f025098) thrown at [./src/hotspot/share/prims/jni.cpp, line 615]
Event: 273.704 Thread 0x0000025df4570000 Exception <a 'sun/nio/fs/WindowsException'{0x000000008ee84338}> (0x000000008ee84338) thrown at [./src/hotspot/share/prims/jni.cpp, line 615]
Event: 273.704 Thread 0x0000025df4570000 Exception <a 'sun/nio/fs/WindowsException'{0x000000008ee84480}> (0x000000008ee84480) thrown at [./src/hotspot/share/prims/jni.cpp, line 615]
Event: 273.707 Thread 0x0000025df4570000 Exception <a 'sun/nio/fs/WindowsException'{0x000000008eec9560}> (0x000000008eec9560) thrown at [./src/hotspot/share/prims/jni.cpp, line 615]
Event: 273.707 Thread 0x0000025df4570000 Exception <a 'sun/nio/fs/WindowsException'{0x000000008eec96a8}> (0x000000008eec96a8) thrown at [./src/hotspot/share/prims/jni.cpp, line 615]
Event: 273.751 Thread 0x0000025df4570000 Implicit null exception at 0x0000025de1094495 to 0x0000025de10971f2
Event: 273.890 Thread 0x0000025df4570000 Implicit null exception at 0x0000025de10996f5 to 0x0000025de1099b2c

Events (20 events):
Event: 274.031 Executing VM operation: G1CollectForAllocation done
Event: 274.079 Executing VM operation: G1CollectForAllocation
Event: 274.086 Executing VM operation: G1CollectForAllocation done
Event: 274.119 Executing VM operation: CGC_Operation
Event: 274.139 Executing VM operation: CGC_Operation done
Event: 274.215 Executing VM operation: G1CollectForAllocation
Event: 274.218 Executing VM operation: G1CollectForAllocation done
Event: 274.305 Executing VM operation: CGC_Operation
Event: 274.306 Executing VM operation: CGC_Operation done
Event: 274.336 Executing VM operation: G1CollectForAllocation
Event: 274.339 Executing VM operation: G1CollectForAllocation done
Event: 274.368 Executing VM operation: G1CollectForAllocation
Event: 274.379 Executing VM operation: G1CollectForAllocation done
Event: 274.412 Executing VM operation: G1CollectForAllocation
Event: 274.418 Executing VM operation: G1CollectForAllocation done
Event: 274.435 Executing VM operation: G1CollectForAllocation
Event: 274.445 Executing VM operation: G1CollectForAllocation done
Event: 274.465 Executing VM operation: G1CollectForAllocation
Event: 274.476 Executing VM operation: G1CollectForAllocation done
Event: 274.502 Executing VM operation: G1CollectForAllocation


Dynamic libraries:
0x00007ff6b9770000 - 0x00007ff6b977a000 	C:\Program Files\Android\Android Studio\jre\bin\java.exe
0x00007ffedb270000 - 0x00007ffedb465000 	C:\WINDOWS\SYSTEM32\ntdll.dll
0x00007ffedb170000 - 0x00007ffedb22e000 	C:\WINDOWS\System32\KERNEL32.DLL
0x00007ffed8bc0000 - 0x00007ffed8e88000 	C:\WINDOWS\System32\KERNELBASE.dll
0x00007ffed8fb0000 - 0x00007ffed90b0000 	C:\WINDOWS\System32\ucrtbase.dll
0x00007ffeceed0000 - 0x00007ffeceee7000 	C:\Program Files\Android\Android Studio\jre\bin\VCRUNTIME140.dll
0x00007ffecee00000 - 0x00007ffecee19000 	C:\Program Files\Android\Android Studio\jre\bin\jli.dll
0x00007ffed9810000 - 0x00007ffed99b0000 	C:\WINDOWS\System32\USER32.dll
0x00007ffed9270000 - 0x00007ffed9292000 	C:\WINDOWS\System32\win32u.dll
0x00007ffedb050000 - 0x00007ffedb07b000 	C:\WINDOWS\System32\GDI32.dll
0x00007ffed9160000 - 0x00007ffed926b000 	C:\WINDOWS\System32\gdi32full.dll
0x00007ffed8e90000 - 0x00007ffed8f2d000 	C:\WINDOWS\System32\msvcp_win.dll
0x00007ffec5560000 - 0x00007ffec57fa000 	C:\WINDOWS\WinSxS\amd64_microsoft.windows.common-controls_6595b64144ccf1df_6.0.19041.1110_none_60b5254171f9507e\COMCTL32.dll
0x00007ffeda8e0000 - 0x00007ffeda97e000 	C:\WINDOWS\System32\msvcrt.dll
0x00007ffed9350000 - 0x00007ffed9380000 	C:\WINDOWS\System32\IMM32.DLL
0x00007ffec80b0000 - 0x00007ffec814d000 	C:\Program Files\Android\Android Studio\jre\bin\msvcp140.dll
0x00007ffe90ce0000 - 0x00007ffe917b5000 	C:\Program Files\Android\Android Studio\jre\bin\server\jvm.dll
0x00007ffedae60000 - 0x00007ffedaf0e000 	C:\WINDOWS\System32\ADVAPI32.dll
0x00007ffed99b0000 - 0x00007ffed9a4c000 	C:\WINDOWS\System32\sechost.dll
0x00007ffeda980000 - 0x00007ffedaaa5000 	C:\WINDOWS\System32\RPCRT4.dll
0x00007ffed9380000 - 0x00007ffed9388000 	C:\WINDOWS\System32\PSAPI.DLL
0x00007ffed0800000 - 0x00007ffed0827000 	C:\WINDOWS\SYSTEM32\WINMM.dll
0x00007ffed4210000 - 0x00007ffed4219000 	C:\WINDOWS\SYSTEM32\WSOCK32.dll
0x00007ffedb100000 - 0x00007ffedb16b000 	C:\WINDOWS\System32\WS2_32.dll
0x00007ffed2d80000 - 0x00007ffed2d8a000 	C:\WINDOWS\SYSTEM32\VERSION.dll
0x00007ffed6920000 - 0x00007ffed6932000 	C:\WINDOWS\SYSTEM32\kernel.appcore.dll
0x00007ffec8890000 - 0x00007ffec88a1000 	C:\Program Files\Android\Android Studio\jre\bin\verify.dll
0x00007ffec4020000 - 0x00007ffec4204000 	C:\WINDOWS\SYSTEM32\DBGHELP.DLL
0x00007ffec3b40000 - 0x00007ffec3b6c000 	C:\WINDOWS\SYSTEM32\dbgcore.DLL
0x00007ffed92a0000 - 0x00007ffed9322000 	C:\WINDOWS\System32\bcryptPrimitives.dll
0x00007ffebd670000 - 0x00007ffebd699000 	C:\Program Files\Android\Android Studio\jre\bin\java.dll
0x00007ffeceef0000 - 0x00007ffeceefb000 	C:\Program Files\Android\Android Studio\jre\bin\jimage.dll
0x00007ffec5f30000 - 0x00007ffec5f48000 	C:\Program Files\Android\Android Studio\jre\bin\zip.dll
0x00007ffeda190000 - 0x00007ffeda8d4000 	C:\WINDOWS\System32\SHELL32.dll
0x00007ffed6b20000 - 0x00007ffed72b4000 	C:\WINDOWS\SYSTEM32\windows.storage.dll
0x00007ffed9a60000 - 0x00007ffed9db4000 	C:\WINDOWS\System32\combase.dll
0x00007ffed8450000 - 0x00007ffed847c000 	C:\WINDOWS\SYSTEM32\Wldp.dll
0x00007ffedafa0000 - 0x00007ffedb04d000 	C:\WINDOWS\System32\SHCORE.dll
0x00007ffeda000000 - 0x00007ffeda055000 	C:\WINDOWS\System32\shlwapi.dll
0x00007ffed8930000 - 0x00007ffed894f000 	C:\WINDOWS\SYSTEM32\profapi.dll
0x00007ffeba600000 - 0x00007ffeba61a000 	C:\Program Files\Android\Android Studio\jre\bin\net.dll
0x00007ffecdd40000 - 0x00007ffecde49000 	C:\WINDOWS\SYSTEM32\WINHTTP.dll
0x00007ffed81b0000 - 0x00007ffed821a000 	C:\WINDOWS\system32\mswsock.dll
0x00007ffeba5e0000 - 0x00007ffeba5f4000 	C:\Program Files\Android\Android Studio\jre\bin\nio.dll
0x00007ffeb1110000 - 0x00007ffeb1137000 	C:\Users\BIT\.gradle\native\e1d6ef7f7dcc3fd88c89a11ec53ec762bb8ba0a96d01ffa2cd45eb1d1d8dd5c5\windows-amd64\native-platform.dll
0x00007ffeb6a90000 - 0x00007ffeb6bd4000 	C:\Users\BIT\.gradle\native\5664cfc778a61ccfe75a443a1ab52a65af34e5dc3c78e0209fed803814484fcb\windows-amd64\native-platform-file-events.dll
0x00007ffeceea0000 - 0x00007ffeceeaa000 	C:\Program Files\Android\Android Studio\jre\bin\management.dll
0x00007ffec8d30000 - 0x00007ffec8d3d000 	C:\Program Files\Android\Android Studio\jre\bin\management_ext.dll
0x00007ffed83b0000 - 0x00007ffed83c8000 	C:\WINDOWS\SYSTEM32\CRYPTSP.dll
0x00007ffed7a60000 - 0x00007ffed7a94000 	C:\WINDOWS\system32\rsaenh.dll
0x00007ffed8f80000 - 0x00007ffed8fa7000 	C:\WINDOWS\System32\bcrypt.dll
0x00007ffed88f0000 - 0x00007ffed891e000 	C:\WINDOWS\SYSTEM32\USERENV.dll
0x00007ffed83a0000 - 0x00007ffed83ac000 	C:\WINDOWS\SYSTEM32\CRYPTBASE.dll
0x00007ffed7e50000 - 0x00007ffed7e8b000 	C:\WINDOWS\SYSTEM32\IPHLPAPI.DLL
0x00007ffed9a50000 - 0x00007ffed9a58000 	C:\WINDOWS\System32\NSI.dll
0x00007ffed2f60000 - 0x00007ffed2f77000 	C:\WINDOWS\SYSTEM32\dhcpcsvc6.DLL
0x00007ffed2e50000 - 0x00007ffed2e6d000 	C:\WINDOWS\SYSTEM32\dhcpcsvc.DLL
0x00007ffed7e90000 - 0x00007ffed7f5a000 	C:\WINDOWS\SYSTEM32\DNSAPI.dll
0x00007ffed76f0000 - 0x00007ffed7723000 	C:\WINDOWS\SYSTEM32\ntmarta.dll
0x00007ffec8de0000 - 0x00007ffec8dfe000 	C:\Users\BIT\AppData\Local\Temp\native-platform17637528464465827425dir\native-platform.dll
0x00007ffed4280000 - 0x00007ffed4288000 	C:\Program Files\Android\Android Studio\jre\bin\rmi.dll

dbghelp: loaded successfully - version: 4.0.5 - missing functions: none
symbol engine: initialized successfully - sym options: 0x614 - pdb path: .;C:\Program Files\Android\Android Studio\jre\bin;C:\WINDOWS\SYSTEM32;C:\WINDOWS\WinSxS\amd64_microsoft.windows.common-controls_6595b64144ccf1df_6.0.19041.1110_none_60b5254171f9507e;C:\Program Files\Android\Android Studio\jre\bin\server;C:\Users\BIT\.gradle\native\e1d6ef7f7dcc3fd88c89a11ec53ec762bb8ba0a96d01ffa2cd45eb1d1d8dd5c5\windows-amd64;C:\Users\BIT\.gradle\native\5664cfc778a61ccfe75a443a1ab52a65af34e5dc3c78e0209fed803814484fcb\windows-amd64;C:\Users\BIT\AppData\Local\Temp\native-platform17637528464465827425dir

VM Arguments:
jvm_args: --add-opens=java.base/java.util=ALL-UNNAMED --add-opens=java.base/java.lang=ALL-UNNAMED --add-opens=java.base/java.lang.invoke=ALL-UNNAMED --add-opens=java.base/java.util=ALL-UNNAMED --add-opens=java.prefs/java.util.prefs=ALL-UNNAMED --add-opens=java.prefs/java.util.prefs=ALL-UNNAMED --add-opens=java.base/java.nio.charset=ALL-UNNAMED --add-opens=java.base/java.net=ALL-UNNAMED --add-opens=java.base/java.util.concurrent.atomic=ALL-UNNAMED -Xmx2048m -Dfile.encoding=UTF-8 -Duser.country=KR -Duser.language=ko -Duser.variant 
java_command: org.gradle.launcher.daemon.bootstrap.GradleDaemon 7.2
java_class_path (initial): C:\Users\BIT\.gradle\wrapper\dists\gradle-7.2-bin\2dnblmf4td7x66yl1d74lt32g\gradle-7.2\lib\gradle-launcher-7.2.jar
Launcher Type: SUN_STANDARD

[Global flags]
     intx CICompilerCount                          = 3                                         {product} {ergonomic}
     uint ConcGCThreads                            = 1                                         {product} {ergonomic}
     uint G1ConcRefinementThreads                  = 4                                         {product} {ergonomic}
   size_t G1HeapRegionSize                         = 1048576                                   {product} {ergonomic}
    uintx GCDrainStackTargetSize                   = 64                                        {product} {ergonomic}
   size_t InitialHeapSize                          = 268435456                                 {product} {ergonomic}
   size_t MarkStackSize                            = 4194304                                   {product} {ergonomic}
   size_t MaxHeapSize                              = 2147483648                                {product} {command line}
   size_t MaxNewSize                               = 1287651328                                {product} {ergonomic}
   size_t MinHeapDeltaBytes                        = 1048576                                   {product} {ergonomic}
    uintx NonNMethodCodeHeapSize                   = 5830732                                {pd product} {ergonomic}
    uintx NonProfiledCodeHeapSize                  = 122913754                              {pd product} {ergonomic}
    uintx ProfiledCodeHeapSize                     = 122913754                              {pd product} {ergonomic}
    uintx ReservedCodeCacheSize                    = 251658240                              {pd product} {ergonomic}
     bool SegmentedCodeCache                       = true                                      {product} {ergonomic}
     bool UseCompressedClassPointers               = true                                 {lp64_product} {ergonomic}
     bool UseCompressedOops                        = true                                 {lp64_product} {ergonomic}
     bool UseG1GC                                  = true                                      {product} {ergonomic}
     bool UseLargePagesIndividualAllocation        = false                                  {pd product} {ergonomic}

Logging:
Log output configuration:
 #0: stdout all=warning uptime,level,tags
 #1: stderr all=off uptime,level,tags

Environment Variables:
JAVA_HOME=C:\Program Files\Java\jdk-11.0.13
PATH=C:\Program Files (x86)\Razer Chroma SDK\bin;C:\Program Files\Razer Chroma SDK\bin;C:\Program Files (x86)\Razer Chroma SDK\bin;C:\Program Files\apache-maven-3.8.5\bin;C:\Program Files\Razer Chroma SDK\bin;C:\Dev\apache-maven-3.8.4\bin;C:\Program Files\MongoDB\Server\4.0\bin;C:\Program Files (x86)\Razer\ChromaBroadcast\bin;C:\Program Files\Razer\ChromaBroadcast\bin;C:\Program Files\MySQL\MySQL Server 8.0\bin;C:\Program Files\Common Files\Oracle\Java\javapath;C:\WINDOWS\system32;C:\WINDOWS;C:\WINDOWS\System32\Wbem;C:\WINDOWS\System32\WindowsPowerShell\v1.0\;C:\WINDOWS\System32\OpenSSH\;C:\Program Files\Java\jdk-11.0.13\bin;C:\Program Files\Git\cmd;C:\WINDOWS\system32\config\systemprofile\AppData\Local\Microsoft\WindowsApps;C:\Program Files\nodejs\;C:\Program Files (x86)\NetSarang\Xshell 7\;C:\Users\BIT\AppData\Local\Microsoft\WindowsApps;C:\Users\BIT\AppData\Local\Programs\Microsoft VS Code\bin;C:\Users\BIT\AppData\Local\GitHubDesktop\bin;C:\Users\BIT\AppData\Roaming\npm
USERNAME=BIT
OS=Windows_NT
PROCESSOR_IDENTIFIER=Intel64 Family 6 Model 94 Stepping 3, GenuineIntel



---------------  S Y S T E M  ---------------

OS: Windows 10 , 64 bit Build 19041 (10.0.19041.1566)
OS uptime: 17 days 4:24 hours

CPU:total 4 (initial active 4) (4 cores per cpu, 1 threads per core) family 6 model 94 stepping 3 microcode 0xcc, cmov, cx8, fxsr, mmx, sse, sse2, sse3, ssse3, sse4.1, sse4.2, popcnt, avx, avx2, aes, clmul, erms, rtm, 3dnowpref, lzcnt, tsc, tscinvbit, bmi1, bmi2, adx, fma

Memory: 4k page, system-wide physical 16342M (3081M free)
TotalPageFile size 31418M (AvailPageFile size 163M)
current process WorkingSet (physical memory assigned to process): 639M, peak: 643M
current process commit charge ("private bytes"): 670M, peak: 952M

vm_info: OpenJDK 64-Bit Server VM (11.0.11+9-b60-7590822) for windows-amd64 JRE (11.0.11+9-b60-7590822), built on Jul 29 2021 21:43:44 by "builder" with MS VC++ 14.0 (VS2015)

END.
